2026-02-17 08:26:52 - nexa - INFO - main.py:19 - ============================================================
2026-02-17 08:26:52 - nexa - INFO - main.py:20 - Démarrage de Nexa CRM
2026-02-17 08:26:52 - nexa - INFO - main.py:21 - ============================================================
2026-02-17 09:08:29 - nexa - INFO - main.py:19 - ============================================================
2026-02-17 09:08:29 - nexa - INFO - main.py:20 - Démarrage de Nexa CRM
2026-02-17 09:08:29 - nexa - INFO - main.py:21 - ============================================================
2026-02-17 09:27:02 - nexa - INFO - main.py:19 - ============================================================
2026-02-17 09:27:02 - nexa - INFO - main.py:20 - Démarrage de Nexa CRM
2026-02-17 09:27:02 - nexa - INFO - main.py:21 - ============================================================
2026-02-17 09:29:16 - nexa - INFO - main.py:19 - ============================================================
2026-02-17 09:29:16 - nexa - INFO - main.py:20 - Démarrage de Nexa CRM
2026-02-17 09:29:16 - nexa - INFO - main.py:21 - ============================================================
2026-02-17 09:30:26 - nexa - INFO - main.py:19 - ============================================================
2026-02-17 09:30:26 - nexa - INFO - main.py:20 - Démarrage de Nexa CRM
2026-02-17 09:30:26 - nexa - INFO - main.py:21 - ============================================================
2026-02-17 09:31:11 - nexa - INFO - main.py:19 - ============================================================
2026-02-17 09:31:11 - nexa - INFO - main.py:20 - Démarrage de Nexa CRM
2026-02-17 09:31:11 - nexa - INFO - main.py:21 - ============================================================
2026-02-17 09:46:24 - nexa - INFO - main.py:19 - ============================================================
2026-02-17 09:46:24 - nexa - INFO - main.py:20 - Démarrage de Nexa CRM
2026-02-17 09:46:24 - nexa - INFO - main.py:21 - ============================================================
2026-02-17 09:46:43 - nexa - INFO - main.py:48 - Initialisation de QApplication...
2026-02-17 09:46:45 - nexa - INFO - main.py:78 - Création de la fenêtre principale...
2026-02-17 09:46:45 - nexa - INFO - main.py:82 - Création des vues d'onglets...
2026-02-17 09:46:45 - nexa - CRITICAL - main.py:158 - Erreur fatale au démarrage : name 'FormulaireCreationClient' is not defined
Traceback (most recent call last):
  File "/Users/CreepySensei/Desktop/Dev/Nexa/app/main.py", line 83, in main
    vue_client = ClientView()
  File "/Users/CreepySensei/Desktop/Dev/Nexa/app/views/client_view.py", line 43, in __init__
    self._construire_ui()
  File "/Users/CreepySensei/Desktop/Dev/Nexa/app/views/client_view.py", line 94, in _construire_ui
    self.pile_client.addWidget(self._creer_page_formulaire())
  File "/Users/CreepySensei/Desktop/Dev/Nexa/app/views/client_view.py", line 201, in _creer_page_formulaire
    self.formulaire_creation = FormulaireCreationClient(self.viewmodel, parent=self)
NameError: name 'FormulaireCreationClient' is not defined
2026-02-17 09:50:52 - nexa - INFO - main.py:19 - ============================================================
2026-02-17 09:50:52 - nexa - INFO - main.py:20 - Démarrage de Nexa CRM
2026-02-17 09:50:52 - nexa - INFO - main.py:21 - ============================================================
2026-02-17 09:50:54 - nexa - INFO - main.py:48 - Initialisation de QApplication...
2026-02-17 09:50:55 - nexa - INFO - main.py:78 - Création de la fenêtre principale...
2026-02-17 09:50:55 - nexa - INFO - main.py:82 - Création des vues d'onglets...
2026-02-17 09:50:56 - nexa - CRITICAL - main.py:158 - Erreur fatale au démarrage : 'FormulaireCreationClient' object has no attribute 'annuler'
Traceback (most recent call last):
  File "/Users/CreepySensei/Desktop/Dev/Nexa/app/main.py", line 83, in main
    vue_client = ClientView()
  File "/Users/CreepySensei/Desktop/Dev/Nexa/app/views/client_view.py", line 43, in __init__
    self._construire_ui()
  File "/Users/CreepySensei/Desktop/Dev/Nexa/app/views/client_view.py", line 94, in _construire_ui
    self.pile_client.addWidget(self._creer_page_formulaire())
  File "/Users/CreepySensei/Desktop/Dev/Nexa/app/views/client_view.py", line 201, in _creer_page_formulaire
    self.formulaire_creation = FormulaireCreationClient(self.viewmodel, parent=self)
  File "/Users/CreepySensei/Desktop/Dev/Nexa/app/views/formulaire_client_base.py", line 208, in __init__
    self._construire_ui()
  File "/Users/CreepySensei/Desktop/Dev/Nexa/app/views/formulaire_client_base.py", line 260, in _construire_ui
    self._construire_barre_boutons(layout_principal)
  File "/Users/CreepySensei/Desktop/Dev/Nexa/app/views/client_view.py", line 259, in _construire_barre_boutons
    self.btn_annuler.clicked.connect(self.annuler)
AttributeError: 'FormulaireCreationClient' object has no attribute 'annuler'
2026-02-17 11:05:58 - nexa - INFO - main.py:19 - ============================================================
2026-02-17 11:05:58 - nexa - INFO - main.py:20 - Démarrage de Nexa CRM
2026-02-17 11:05:58 - nexa - INFO - main.py:21 - ============================================================
2026-02-17 11:06:00 - nexa - INFO - main.py:48 - Initialisation de QApplication...
2026-02-17 11:06:01 - nexa - INFO - main.py:78 - Création de la fenêtre principale...
2026-02-17 11:06:01 - nexa - INFO - main.py:82 - Création des vues d'onglets...
2026-02-17 11:06:02 - nexa - CRITICAL - main.py:158 - Erreur fatale au démarrage : 'FormulaireCreationClient' object has no attribute '_valider_email_temps_reel'
Traceback (most recent call last):
  File "/Users/CreepySensei/Desktop/Dev/Nexa/app/main.py", line 83, in main
    vue_client = ClientView()
  File "/Users/CreepySensei/Desktop/Dev/Nexa/app/views/client_view.py", line 43, in __init__
    self._construire_ui()
  File "/Users/CreepySensei/Desktop/Dev/Nexa/app/views/client_view.py", line 94, in _construire_ui
    self.pile_client.addWidget(self._creer_page_formulaire())
  File "/Users/CreepySensei/Desktop/Dev/Nexa/app/views/client_view.py", line 201, in _creer_page_formulaire
    self.formulaire_creation = FormulaireCreationClient(self.viewmodel, parent=self)
  File "/Users/CreepySensei/Desktop/Dev/Nexa/app/views/formulaire_client_base.py", line 211, in __init__
    self._connecter_signaux()
  File "/Users/CreepySensei/Desktop/Dev/Nexa/app/views/formulaire_client_base.py", line 1171, in _connecter_signaux
    self.input_email.textChanged.connect(self._valider_email_temps_reel)
AttributeError: 'FormulaireCreationClient' object has no attribute '_valider_email_temps_reel'
2026-02-17 11:18:20 - nexa - INFO - main.py:19 - ============================================================
2026-02-17 11:18:20 - nexa - INFO - main.py:20 - Démarrage de Nexa CRM
2026-02-17 11:18:20 - nexa - INFO - main.py:21 - ============================================================
2026-02-17 11:18:22 - nexa - INFO - main.py:48 - Initialisation de QApplication...
2026-02-17 11:18:22 - nexa - INFO - main.py:78 - Création de la fenêtre principale...
2026-02-17 11:18:23 - nexa - INFO - main.py:82 - Création des vues d'onglets...
2026-02-17 11:18:23 - nexa - CRITICAL - main.py:158 - Erreur fatale au démarrage : 'FormulaireCreationClient' object has no attribute '_on_succes'
Traceback (most recent call last):
  File "/Users/CreepySensei/Desktop/Dev/Nexa/app/main.py", line 83, in main
    vue_client = ClientView()
  File "/Users/CreepySensei/Desktop/Dev/Nexa/app/views/client_view.py", line 43, in __init__
    self._construire_ui()
  File "/Users/CreepySensei/Desktop/Dev/Nexa/app/views/client_view.py", line 94, in _construire_ui
    self.pile_client.addWidget(self._creer_page_formulaire())
  File "/Users/CreepySensei/Desktop/Dev/Nexa/app/views/client_view.py", line 201, in _creer_page_formulaire
    self.formulaire_creation = FormulaireCreationClient(self.viewmodel, parent=self)
  File "/Users/CreepySensei/Desktop/Dev/Nexa/app/views/formulaire_client_base.py", line 211, in __init__
    self._connecter_signaux()
  File "/Users/CreepySensei/Desktop/Dev/Nexa/app/views/formulaire_client_base.py", line 1193, in _connecter_signaux
    self.viewmodel.client_sauvegarde.connect(self._on_succes)
AttributeError: 'FormulaireCreationClient' object has no attribute '_on_succes'
2026-02-17 12:57:11 - nexa - INFO - main.py:19 - ============================================================
2026-02-17 12:57:11 - nexa - INFO - main.py:20 - Démarrage de Nexa CRM
2026-02-17 12:57:11 - nexa - INFO - main.py:21 - ============================================================
2026-02-17 12:57:14 - nexa - INFO - main.py:48 - Initialisation de QApplication...
2026-02-17 12:57:14 - nexa - INFO - main.py:78 - Création de la fenêtre principale...
2026-02-17 12:57:14 - nexa - INFO - main.py:82 - Création des vues d'onglets...
2026-02-17 12:57:21 - nexa - INFO - main.py:100 - Configuration des onglets...
2026-02-17 12:57:21 - nexa - INFO - main.py:145 - Affichage de la fenêtre principale...
2026-02-17 12:57:21 - nexa - INFO - main.py:151 - Interface chargée, en attente d'interactions utilisateur
2026-02-17 13:04:34 - nexa - INFO - main.py:154 - Fermeture de l'application (code: 0)
2026-02-17 13:04:49 - nexa - INFO - main.py:19 - ============================================================
2026-02-17 13:04:49 - nexa - INFO - main.py:20 - Démarrage de Nexa CRM
2026-02-17 13:04:49 - nexa - INFO - main.py:21 - ============================================================
2026-02-17 13:05:22 - nexa - INFO - main.py:19 - ============================================================
2026-02-17 13:05:22 - nexa - INFO - main.py:20 - Démarrage de Nexa CRM
2026-02-17 13:05:22 - nexa - INFO - main.py:21 - ============================================================
2026-02-17 13:05:27 - nexa - INFO - main.py:19 - ============================================================
2026-02-17 13:05:27 - nexa - INFO - main.py:20 - Démarrage de Nexa CRM
2026-02-17 13:05:27 - nexa - INFO - main.py:21 - ============================================================
2026-02-17 13:05:29 - nexa - INFO - main.py:48 - Initialisation de QApplication...
2026-02-17 13:05:29 - nexa - INFO - main.py:78 - Création de la fenêtre principale...
2026-02-17 13:05:29 - nexa - INFO - main.py:82 - Création des vues d'onglets...
2026-02-17 13:05:33 - nexa - INFO - main.py:100 - Configuration des onglets...
2026-02-17 13:05:34 - nexa - INFO - main.py:145 - Affichage de la fenêtre principale...
2026-02-17 13:05:34 - nexa - INFO - main.py:151 - Interface chargée, en attente d'interactions utilisateur
2026-02-17 13:09:10 - nexa - INFO - main.py:154 - Fermeture de l'application (code: 0)
2026-02-17 13:09:13 - nexa - INFO - main.py:19 - ============================================================
2026-02-17 13:09:13 - nexa - INFO - main.py:20 - Démarrage de Nexa CRM
2026-02-17 13:09:13 - nexa - INFO - main.py:21 - ============================================================
2026-02-17 13:10:18 - nexa - INFO - main.py:19 - ============================================================
2026-02-17 13:10:18 - nexa - INFO - main.py:20 - Démarrage de Nexa CRM
2026-02-17 13:10:18 - nexa - INFO - main.py:21 - ============================================================
2026-02-17 13:10:18 - nexa - INFO - main.py:48 - Initialisation de QApplication...
2026-02-17 13:10:19 - nexa - INFO - main.py:78 - Création de la fenêtre principale...
2026-02-17 13:10:19 - nexa - INFO - main.py:82 - Création des vues d'onglets...
2026-02-17 13:10:22 - nexa - INFO - main.py:100 - Configuration des onglets...
2026-02-17 13:10:22 - nexa - INFO - main.py:145 - Affichage de la fenêtre principale...
2026-02-17 13:10:23 - nexa - INFO - main.py:151 - Interface chargée, en attente d'interactions utilisateur
2026-02-17 13:10:40 - nexa - INFO - main.py:154 - Fermeture de l'application (code: 0)
2026-02-17 13:19:36 - nexa - INFO - main.py:19 - ============================================================
2026-02-17 13:19:36 - nexa - INFO - main.py:20 - Démarrage de Nexa CRM
2026-02-17 13:19:36 - nexa - INFO - main.py:21 - ============================================================
2026-02-17 13:19:38 - nexa - INFO - main.py:48 - Initialisation de QApplication...
2026-02-17 13:19:39 - nexa - INFO - main.py:78 - Création de la fenêtre principale...
2026-02-17 13:19:39 - nexa - INFO - main.py:82 - Création des vues d'onglets...
2026-02-17 13:19:43 - nexa - INFO - main.py:100 - Configuration des onglets...
2026-02-17 13:19:44 - nexa - INFO - main.py:145 - Affichage de la fenêtre principale...
2026-02-17 13:19:44 - nexa - INFO - main.py:151 - Interface chargée, en attente d'interactions utilisateur
2026-02-17 13:23:08 - nexa - INFO - main.py:154 - Fermeture de l'application (code: 0)
2026-02-17 20:48:20 - nexa - INFO - main.py:19 - ============================================================
2026-02-17 20:48:20 - nexa - INFO - main.py:20 - Démarrage de Nexa CRM
2026-02-17 20:48:20 - nexa - INFO - main.py:21 - ============================================================
2026-02-17 20:48:23 - nexa - INFO - main.py:48 - Initialisation de QApplication...
2026-02-17 20:48:24 - nexa - INFO - main.py:78 - Création de la fenêtre principale...
2026-02-17 20:48:24 - nexa - INFO - main.py:82 - Création des vues d'onglets...
2026-02-17 20:48:29 - nexa - INFO - main.py:100 - Configuration des onglets...
2026-02-17 20:48:30 - nexa - INFO - main.py:145 - Affichage de la fenêtre principale...
2026-02-17 20:48:30 - nexa - INFO - main.py:151 - Interface chargée, en attente d'interactions utilisateur
2026-02-17 20:49:06 - nexa - INFO - main.py:154 - Fermeture de l'application (code: 0)
2026-02-17 20:51:52 - nexa - INFO - main.py:19 - ============================================================
2026-02-17 20:51:52 - nexa - INFO - main.py:20 - Démarrage de Nexa CRM
2026-02-17 20:51:52 - nexa - INFO - main.py:21 - ============================================================
2026-02-17 20:53:46 - nexa - INFO - main.py:19 - ============================================================
2026-02-17 20:53:46 - nexa - INFO - main.py:20 - Démarrage de Nexa CRM
2026-02-17 20:53:46 - nexa - INFO - main.py:21 - ============================================================
2026-02-17 20:53:48 - nexa - INFO - main.py:48 - Initialisation de QApplication...
2026-02-17 20:53:48 - nexa - INFO - main.py:78 - Création de la fenêtre principale...
2026-02-17 20:53:49 - nexa - INFO - main.py:82 - Création des vues d'onglets...
2026-02-17 20:53:52 - nexa - INFO - main.py:100 - Configuration des onglets...
2026-02-17 20:53:53 - nexa - INFO - main.py:145 - Affichage de la fenêtre principale...
2026-02-17 20:53:53 - nexa - INFO - main.py:151 - Interface chargée, en attente d'interactions utilisateur
2026-02-17 20:54:37 - nexa - INFO - main.py:154 - Fermeture de l'application (code: 0)
2026-02-17 20:57:11 - nexa - INFO - main.py:19 - ============================================================
2026-02-17 20:57:11 - nexa - INFO - main.py:20 - Démarrage de Nexa CRM
2026-02-17 20:57:11 - nexa - INFO - main.py:21 - ============================================================
2026-02-17 20:57:14 - nexa - INFO - main.py:48 - Initialisation de QApplication...
2026-02-17 20:57:14 - nexa - INFO - main.py:78 - Création de la fenêtre principale...
2026-02-17 20:57:14 - nexa - INFO - main.py:82 - Création des vues d'onglets...
2026-02-17 20:57:18 - nexa - INFO - main.py:100 - Configuration des onglets...
2026-02-17 20:57:18 - nexa - INFO - main.py:145 - Affichage de la fenêtre principale...
2026-02-17 20:57:18 - nexa - INFO - main.py:151 - Interface chargée, en attente d'interactions utilisateur
2026-02-17 20:58:30 - nexa - INFO - main.py:154 - Fermeture de l'application (code: 0)
2026-02-17 21:48:18 - nexa - INFO - main.py:19 - ============================================================
2026-02-17 21:48:18 - nexa - INFO - main.py:20 - Démarrage de Nexa CRM
2026-02-17 21:48:18 - nexa - INFO - main.py:21 - ============================================================
2026-02-17 21:48:21 - nexa - INFO - main.py:48 - Initialisation de QApplication...
2026-02-17 21:48:21 - nexa - INFO - main.py:78 - Création de la fenêtre principale...
2026-02-17 21:48:21 - nexa - INFO - main.py:82 - Création des vues d'onglets...
2026-02-17 21:48:26 - nexa - INFO - main.py:100 - Configuration des onglets...
2026-02-17 21:48:26 - nexa - INFO - main.py:145 - Affichage de la fenêtre principale...
2026-02-17 21:48:26 - nexa - INFO - main.py:151 - Interface chargée, en attente d'interactions utilisateur
2026-02-17 21:50:28 - nexa - INFO - main.py:154 - Fermeture de l'application (code: 0)
2026-02-17 22:31:56 - nexa - INFO - main.py:19 - ============================================================
2026-02-17 22:31:56 - nexa - INFO - main.py:20 - Démarrage de Nexa CRM
2026-02-17 22:31:56 - nexa - INFO - main.py:21 - ============================================================
2026-02-17 22:31:58 - nexa - INFO - main.py:48 - Initialisation de QApplication...
2026-02-17 22:31:58 - nexa - INFO - main.py:78 - Création de la fenêtre principale...
2026-02-17 22:31:59 - nexa - INFO - main.py:82 - Création des vues d'onglets...
2026-02-17 22:32:03 - nexa - INFO - main.py:100 - Configuration des onglets...
2026-02-17 22:32:03 - nexa - INFO - main.py:145 - Affichage de la fenêtre principale...
2026-02-17 22:32:03 - nexa - INFO - main.py:151 - Interface chargée, en attente d'interactions utilisateur
2026-02-17 22:33:04 - nexa - INFO - main.py:154 - Fermeture de l'application (code: 0)
2026-02-17 22:45:07 - nexa - INFO - main.py:19 - ============================================================
2026-02-17 22:45:07 - nexa - INFO - main.py:20 - Démarrage de Nexa CRM
2026-02-17 22:45:07 - nexa - INFO - main.py:21 - ============================================================
2026-02-17 22:45:09 - nexa - INFO - main.py:48 - Initialisation de QApplication...
2026-02-17 22:45:10 - nexa - INFO - main.py:78 - Création de la fenêtre principale...
2026-02-17 22:45:10 - nexa - INFO - main.py:82 - Création des vues d'onglets...
2026-02-17 22:45:15 - nexa - INFO - main.py:100 - Configuration des onglets...
2026-02-17 22:45:15 - nexa - INFO - main.py:145 - Affichage de la fenêtre principale...
2026-02-17 22:45:15 - nexa - INFO - main.py:151 - Interface chargée, en attente d'interactions utilisateur
2026-02-17 22:46:19 - nexa - INFO - main.py:154 - Fermeture de l'application (code: 0)
2026-02-17 22:47:03 - nexa - INFO - main.py:19 - ============================================================
2026-02-17 22:47:03 - nexa - INFO - main.py:20 - Démarrage de Nexa CRM
2026-02-17 22:47:03 - nexa - INFO - main.py:21 - ============================================================
2026-02-17 22:47:04 - nexa - INFO - main.py:48 - Initialisation de QApplication...
2026-02-17 22:47:05 - nexa - INFO - main.py:78 - Création de la fenêtre principale...
2026-02-17 22:47:05 - nexa - INFO - main.py:82 - Création des vues d'onglets...
2026-02-17 22:47:07 - nexa - INFO - main.py:100 - Configuration des onglets...
2026-02-17 22:47:07 - nexa - INFO - main.py:145 - Affichage de la fenêtre principale...
2026-02-17 22:47:07 - nexa - INFO - main.py:151 - Interface chargée, en attente d'interactions utilisateur
2026-02-17 22:47:15 - nexa - INFO - main.py:154 - Fermeture de l'application (code: 0)
2026-02-17 23:29:58 - nexa - INFO - main.py:19 - ============================================================
2026-02-17 23:29:58 - nexa - INFO - main.py:20 - Démarrage de Nexa CRM
2026-02-17 23:29:58 - nexa - INFO - main.py:21 - ============================================================
2026-02-17 23:30:01 - nexa - INFO - main.py:48 - Initialisation de QApplication...
2026-02-17 23:30:01 - nexa - INFO - main.py:78 - Création de la fenêtre principale...
2026-02-17 23:30:01 - nexa - INFO - main.py:82 - Création des vues d'onglets...
2026-02-17 23:30:06 - nexa - INFO - main.py:100 - Configuration des onglets...
2026-02-17 23:30:06 - nexa - INFO - main.py:145 - Affichage de la fenêtre principale...
2026-02-17 23:30:06 - nexa - INFO - main.py:151 - Interface chargée, en attente d'interactions utilisateur
2026-02-17 23:30:26 - nexa - INFO - main.py:154 - Fermeture de l'application (code: 0)
