2026-02-24 00:01:00 - nexa - INFO - main.py:19 - ============================================================
2026-02-24 00:01:00 - nexa - INFO - main.py:20 - Démarrage de Nexa CRM
2026-02-24 00:01:00 - nexa - INFO - main.py:21 - ============================================================
2026-02-24 00:01:01 - nexa - INFO - main.py:47 - Initialisation de QApplication...
2026-02-24 00:01:05 - nexa - INFO - main.py:95 - Création de la fenêtre principale...
2026-02-24 00:01:06 - nexa - INFO - main.py:98 - Création des vues d'onglets...
2026-02-24 00:01:09 - nexa - INFO - main.py:114 - Configuration des onglets...
2026-02-24 00:01:09 - nexa - INFO - main.py:145 - Affichage de la fenêtre principale...
2026-02-24 00:01:09 - nexa - INFO - main.py:148 - Interface chargée, en attente d'interactions utilisateur
2026-02-24 00:20:17 - nexa - INFO - main.py:160 - Fermeture de l'application (code: 0)
2026-02-24 00:31:05 - nexa - INFO - main.py:19 - ============================================================
2026-02-24 00:31:05 - nexa - INFO - main.py:20 - Démarrage de Nexa CRM
2026-02-24 00:31:05 - nexa - INFO - main.py:21 - ============================================================
2026-02-24 00:31:09 - nexa - INFO - main.py:47 - Initialisation de QApplication...
2026-02-24 00:31:13 - nexa - INFO - main.py:95 - Création de la fenêtre principale...
2026-02-24 00:31:14 - nexa - INFO - main.py:98 - Création des vues d'onglets...
2026-02-24 00:31:18 - nexa - INFO - main.py:114 - Configuration des onglets...
2026-02-24 00:31:18 - nexa - INFO - main.py:145 - Affichage de la fenêtre principale...
2026-02-24 00:31:19 - nexa - INFO - main.py:148 - Interface chargée, en attente d'interactions utilisateur
2026-02-24 00:31:35 - nexa - INFO - main.py:160 - Fermeture de l'application (code: 0)
2026-02-24 15:18:19 - nexa - INFO - main.py:19 - ============================================================
2026-02-24 15:18:19 - nexa - INFO - main.py:20 - Démarrage de Nexa CRM
2026-02-24 15:18:19 - nexa - INFO - main.py:21 - ============================================================
2026-02-24 15:18:22 - nexa - INFO - main.py:47 - Initialisation de QApplication...
2026-02-24 15:18:27 - nexa - INFO - main.py:95 - Création de la fenêtre principale...
2026-02-24 15:18:28 - nexa - INFO - main.py:98 - Création des vues d'onglets...
2026-02-24 15:18:32 - nexa - INFO - main.py:114 - Configuration des onglets...
2026-02-24 15:18:32 - nexa - INFO - main.py:145 - Affichage de la fenêtre principale...
2026-02-24 15:18:33 - nexa - INFO - main.py:148 - Interface chargée, en attente d'interactions utilisateur
2026-02-24 15:18:45 - nexa - INFO - main.py:160 - Fermeture de l'application (code: 0)
2026-02-24 15:21:30 - nexa - INFO - main.py:19 - ============================================================
2026-02-24 15:21:30 - nexa - INFO - main.py:20 - Démarrage de Nexa CRM
2026-02-24 15:21:30 - nexa - INFO - main.py:21 - ============================================================
2026-02-24 15:21:33 - nexa - INFO - main.py:47 - Initialisation de QApplication...
2026-02-24 15:21:34 - nexa - INFO - main.py:95 - Création de la fenêtre principale...
2026-02-24 15:21:35 - nexa - INFO - main.py:98 - Création des vues d'onglets...
2026-02-24 15:21:40 - nexa - INFO - main.py:114 - Configuration des onglets...
2026-02-24 15:21:40 - nexa - INFO - main.py:146 - Affichage de la fenêtre principale (derrière le splash)...
2026-02-24 15:21:41 - nexa - INFO - main.py:149 - Interface chargée, en attente de fin du splash
2026-02-24 15:21:57 - nexa - INFO - main.py:161 - Fermeture de l'application (code: 0)
2026-02-24 15:22:06 - nexa - INFO - main.py:19 - ============================================================
2026-02-24 15:22:06 - nexa - INFO - main.py:20 - Démarrage de Nexa CRM
2026-02-24 15:22:06 - nexa - INFO - main.py:21 - ============================================================
2026-02-24 15:22:07 - nexa - INFO - main.py:47 - Initialisation de QApplication...
2026-02-24 15:22:08 - nexa - INFO - main.py:95 - Création de la fenêtre principale...
2026-02-24 15:22:08 - nexa - INFO - main.py:98 - Création des vues d'onglets...
2026-02-24 15:22:11 - nexa - INFO - main.py:114 - Configuration des onglets...
2026-02-24 15:22:11 - nexa - INFO - main.py:146 - Affichage de la fenêtre principale (derrière le splash)...
2026-02-24 15:22:11 - nexa - INFO - main.py:149 - Interface chargée, en attente de fin du splash
2026-02-24 15:22:14 - nexa - INFO - main.py:161 - Fermeture de l'application (code: 0)
2026-02-24 15:24:22 - nexa - INFO - main.py:19 - ============================================================
2026-02-24 15:24:22 - nexa - INFO - main.py:20 - Démarrage de Nexa CRM
2026-02-24 15:24:22 - nexa - INFO - main.py:21 - ============================================================
2026-02-24 15:24:23 - nexa - INFO - main.py:47 - Initialisation de QApplication...
2026-02-24 15:24:23 - nexa - INFO - main.py:98 - Création de la fenêtre principale...
2026-02-24 15:24:23 - nexa - INFO - main.py:101 - Création des vues d'onglets...
2026-02-24 15:24:26 - nexa - INFO - main.py:117 - Configuration des onglets...
2026-02-24 15:24:27 - nexa - INFO - main.py:149 - Affichage de la fenêtre principale (derrière le splash)...
2026-02-24 15:24:27 - nexa - INFO - main.py:152 - Interface prête, splash en cours d'animation
2026-02-24 15:25:25 - nexa - INFO - main.py:166 - Fermeture de l'application (code: 0)
2026-02-24 15:30:12 - nexa - INFO - main.py:19 - ============================================================
2026-02-24 15:30:12 - nexa - INFO - main.py:20 - Démarrage de Nexa CRM
2026-02-24 15:30:12 - nexa - INFO - main.py:21 - ============================================================
2026-02-24 15:30:15 - nexa - INFO - main.py:47 - Initialisation de QApplication...
2026-02-24 15:30:15 - nexa - INFO - main.py:91 - Création de la fenêtre principale...
2026-02-24 15:30:16 - nexa - INFO - main.py:94 - Création des vues d'onglets...
2026-02-24 15:30:20 - nexa - INFO - main.py:110 - Configuration des onglets...
2026-02-24 15:30:20 - nexa - INFO - main.py:144 - Interface construite, lancement du splash
2026-02-24 15:30:25 - nexa - INFO - main.py:161 - Fermeture de l'application (code: 0)
2026-02-24 15:30:29 - nexa - INFO - main.py:19 - ============================================================
2026-02-24 15:30:29 - nexa - INFO - main.py:20 - Démarrage de Nexa CRM
2026-02-24 15:30:29 - nexa - INFO - main.py:21 - ============================================================
2026-02-24 15:30:30 - nexa - INFO - main.py:47 - Initialisation de QApplication...
2026-02-24 15:30:30 - nexa - INFO - main.py:91 - Création de la fenêtre principale...
2026-02-24 15:30:31 - nexa - INFO - main.py:94 - Création des vues d'onglets...
2026-02-24 15:30:33 - nexa - INFO - main.py:110 - Configuration des onglets...
2026-02-24 15:30:33 - nexa - INFO - main.py:144 - Interface construite, lancement du splash
2026-02-24 15:30:36 - nexa - INFO - main.py:161 - Fermeture de l'application (code: 0)
2026-02-24 15:33:35 - nexa - INFO - main.py:19 - ============================================================
2026-02-24 15:33:35 - nexa - INFO - main.py:20 - Démarrage de Nexa CRM
2026-02-24 15:33:35 - nexa - INFO - main.py:21 - ============================================================
2026-02-24 15:33:38 - nexa - INFO - main.py:47 - Initialisation de QApplication...
2026-02-24 15:33:38 - nexa - INFO - main.py:91 - Création de la fenêtre principale...
2026-02-24 15:33:39 - nexa - INFO - main.py:94 - Création des vues d'onglets...
2026-02-24 15:33:43 - nexa - INFO - main.py:110 - Configuration des onglets...
2026-02-24 15:33:44 - nexa - INFO - main.py:144 - Interface construite, lancement du splash
2026-02-24 15:38:26 - nexa - INFO - main.py:161 - Fermeture de l'application (code: 0)
2026-02-24 15:38:33 - nexa - INFO - main.py:19 - ============================================================
2026-02-24 15:38:33 - nexa - INFO - main.py:20 - Démarrage de Nexa CRM
2026-02-24 15:38:33 - nexa - INFO - main.py:21 - ============================================================
2026-02-24 15:38:34 - nexa - INFO - main.py:47 - Initialisation de QApplication...
2026-02-24 15:38:35 - nexa - INFO - main.py:91 - Création de la fenêtre principale...
2026-02-24 15:38:36 - nexa - INFO - main.py:94 - Création des vues d'onglets...
2026-02-24 15:38:39 - nexa - INFO - main.py:110 - Configuration des onglets...
2026-02-24 15:38:39 - nexa - INFO - main.py:147 - Interface construite, lancement du splash
2026-02-24 15:38:46 - nexa - INFO - main.py:164 - Fermeture de l'application (code: 0)
2026-02-24 15:38:56 - nexa - INFO - main.py:19 - ============================================================
2026-02-24 15:38:56 - nexa - INFO - main.py:20 - Démarrage de Nexa CRM
2026-02-24 15:38:56 - nexa - INFO - main.py:21 - ============================================================
2026-02-24 15:38:57 - nexa - INFO - main.py:47 - Initialisation de QApplication...
2026-02-24 15:38:57 - nexa - INFO - main.py:91 - Création de la fenêtre principale...
2026-02-24 15:38:57 - nexa - INFO - main.py:94 - Création des vues d'onglets...
2026-02-24 15:38:59 - nexa - INFO - main.py:110 - Configuration des onglets...
2026-02-24 15:38:59 - nexa - INFO - main.py:147 - Interface construite, lancement du splash
2026-02-24 15:41:05 - nexa - INFO - main.py:164 - Fermeture de l'application (code: 0)
2026-02-24 15:41:09 - nexa - INFO - main.py:19 - ============================================================
2026-02-24 15:41:09 - nexa - INFO - main.py:20 - Démarrage de Nexa CRM
2026-02-24 15:41:09 - nexa - INFO - main.py:21 - ============================================================
2026-02-24 15:41:10 - nexa - INFO - main.py:47 - Initialisation de QApplication...
2026-02-24 15:41:10 - nexa - INFO - main.py:91 - Création de la fenêtre principale...
2026-02-24 15:41:11 - nexa - INFO - main.py:94 - Création des vues d'onglets...
2026-02-24 15:41:14 - nexa - INFO - main.py:110 - Configuration des onglets...
2026-02-24 15:41:14 - nexa - INFO - main.py:144 - Interface construite, lancement du splash
2026-02-24 15:43:26 - nexa - INFO - main.py:166 - Fermeture de l'application (code: 0)
2026-02-24 15:43:57 - nexa - INFO - main.py:19 - ============================================================
2026-02-24 15:43:57 - nexa - INFO - main.py:20 - Démarrage de Nexa CRM
2026-02-24 15:43:57 - nexa - INFO - main.py:21 - ============================================================
2026-02-24 15:43:59 - nexa - INFO - main.py:47 - Initialisation de QApplication...
2026-02-24 15:44:00 - nexa - INFO - main.py:91 - Création de la fenêtre principale...
2026-02-24 15:44:00 - nexa - INFO - main.py:94 - Création des vues d'onglets...
2026-02-24 15:44:04 - nexa - INFO - main.py:110 - Configuration des onglets...
2026-02-24 15:44:04 - nexa - INFO - main.py:144 - Interface construite, lancement du splash
2026-02-24 15:50:13 - nexa - INFO - main.py:166 - Fermeture de l'application (code: 0)
2026-02-24 16:09:27 - nexa - INFO - main.py:19 - ============================================================
2026-02-24 16:09:27 - nexa - INFO - main.py:20 - Démarrage de Nexa CRM
2026-02-24 16:09:27 - nexa - INFO - main.py:21 - ============================================================
2026-02-24 16:09:29 - nexa - INFO - main.py:47 - Initialisation de QApplication...
2026-02-24 16:09:30 - nexa - INFO - main.py:91 - Création de la fenêtre principale...
2026-02-24 16:09:31 - nexa - INFO - main.py:94 - Création des vues d'onglets...
2026-02-24 16:09:35 - nexa - INFO - main.py:110 - Configuration des onglets...
2026-02-24 16:09:35 - nexa - INFO - main.py:144 - Interface construite, lancement du splash
2026-02-24 16:12:59 - nexa - INFO - main.py:166 - Fermeture de l'application (code: 0)
2026-02-24 17:47:13 - nexa - INFO - main.py:19 - ============================================================
2026-02-24 17:47:13 - nexa - INFO - main.py:20 - Démarrage de Nexa CRM
2026-02-24 17:47:13 - nexa - INFO - main.py:21 - ============================================================
2026-02-24 17:47:15 - nexa - INFO - main.py:47 - Initialisation de QApplication...
2026-02-24 17:47:16 - nexa - INFO - main.py:91 - Création de la fenêtre principale...
2026-02-24 17:47:17 - nexa - INFO - main.py:94 - Création des vues d'onglets...
2026-02-24 17:47:21 - nexa - INFO - main.py:110 - Configuration des onglets...
2026-02-24 17:47:21 - nexa - INFO - main.py:144 - Interface construite, lancement du splash
2026-02-24 17:50:24 - nexa - INFO - main.py:166 - Fermeture de l'application (code: 0)
2026-02-24 17:50:31 - nexa - INFO - main.py:19 - ============================================================
2026-02-24 17:50:31 - nexa - INFO - main.py:20 - Démarrage de Nexa CRM
2026-02-24 17:50:31 - nexa - INFO - main.py:21 - ============================================================
2026-02-24 17:50:32 - nexa - INFO - main.py:47 - Initialisation de QApplication...
2026-02-24 17:50:32 - nexa - INFO - main.py:91 - Création de la fenêtre principale...
2026-02-24 17:50:33 - nexa - INFO - main.py:94 - Création des vues d'onglets...
2026-02-24 17:50:36 - nexa - INFO - main.py:110 - Configuration des onglets...
2026-02-24 17:50:37 - nexa - INFO - main.py:144 - Interface construite, lancement du splash
2026-02-24 17:50:49 - nexa - INFO - main.py:166 - Fermeture de l'application (code: 0)
2026-02-24 20:46:30 - nexa - INFO - main.py:19 - ============================================================
2026-02-24 20:46:30 - nexa - INFO - main.py:20 - Démarrage de Nexa CRM
2026-02-24 20:46:30 - nexa - INFO - main.py:21 - ============================================================
2026-02-24 20:46:57 - nexa - INFO - main.py:19 - ============================================================
2026-02-24 20:46:57 - nexa - INFO - main.py:20 - Démarrage de Nexa CRM
2026-02-24 20:46:57 - nexa - INFO - main.py:21 - ============================================================
2026-02-24 20:48:50 - nexa - INFO - main.py:19 - ============================================================
2026-02-24 20:48:50 - nexa - INFO - main.py:20 - Démarrage de Nexa CRM
2026-02-24 20:48:50 - nexa - INFO - main.py:21 - ============================================================
2026-02-24 20:48:53 - nexa - INFO - main.py:47 - Initialisation de QApplication...
2026-02-24 20:48:54 - nexa - INFO - main.py:91 - Création de la fenêtre principale...
2026-02-24 20:48:54 - nexa - INFO - main.py:94 - Création des vues d'onglets...
2026-02-24 20:48:59 - nexa - INFO - main.py:110 - Configuration des onglets...
2026-02-24 20:48:59 - nexa - INFO - main.py:144 - Interface construite, lancement du splash
2026-02-24 20:49:07 - nexa - INFO - main.py:166 - Fermeture de l'application (code: 0)
2026-02-24 20:49:16 - nexa - INFO - main.py:19 - ============================================================
2026-02-24 20:49:16 - nexa - INFO - main.py:20 - Démarrage de Nexa CRM
2026-02-24 20:49:16 - nexa - INFO - main.py:21 - ============================================================
2026-02-24 20:49:17 - nexa - INFO - main.py:47 - Initialisation de QApplication...
2026-02-24 20:49:18 - nexa - INFO - main.py:91 - Création de la fenêtre principale...
2026-02-24 20:49:18 - nexa - INFO - main.py:94 - Création des vues d'onglets...
2026-02-24 20:49:21 - nexa - INFO - main.py:110 - Configuration des onglets...
2026-02-24 20:49:22 - nexa - INFO - main.py:144 - Interface construite, lancement du splash
2026-02-24 21:17:13 - nexa - INFO - main.py:166 - Fermeture de l'application (code: 0)
2026-02-24 21:17:19 - nexa - INFO - main.py:19 - ============================================================
2026-02-24 21:17:19 - nexa - INFO - main.py:20 - Démarrage de Nexa CRM
2026-02-24 21:17:19 - nexa - INFO - main.py:21 - ============================================================
2026-02-24 21:17:20 - nexa - INFO - main.py:47 - Initialisation de QApplication...
2026-02-24 21:17:21 - nexa - INFO - main.py:91 - Création de la fenêtre principale...
2026-02-24 21:17:21 - nexa - INFO - main.py:94 - Création des vues d'onglets...
2026-02-24 21:17:25 - nexa - INFO - main.py:110 - Configuration des onglets...
2026-02-24 21:17:26 - nexa - INFO - main.py:144 - Interface construite, lancement du splash
2026-02-24 21:20:07 - nexa - INFO - main.py:166 - Fermeture de l'application (code: 0)
2026-02-24 21:20:17 - nexa - INFO - main.py:19 - ============================================================
2026-02-24 21:20:17 - nexa - INFO - main.py:20 - Démarrage de Nexa CRM
2026-02-24 21:20:17 - nexa - INFO - main.py:21 - ============================================================
2026-02-24 21:20:18 - nexa - INFO - main.py:47 - Initialisation de QApplication...
2026-02-24 21:20:18 - nexa - INFO - main.py:91 - Création de la fenêtre principale...
2026-02-24 21:20:19 - nexa - INFO - main.py:94 - Création des vues d'onglets...
2026-02-24 21:20:22 - nexa - INFO - main.py:110 - Configuration des onglets...
2026-02-24 21:20:23 - nexa - INFO - main.py:144 - Interface construite, lancement du splash
2026-02-24 21:23:05 - nexa - INFO - main.py:166 - Fermeture de l'application (code: 0)
2026-02-24 21:23:10 - nexa - INFO - main.py:19 - ============================================================
2026-02-24 21:23:10 - nexa - INFO - main.py:20 - Démarrage de Nexa CRM
2026-02-24 21:23:10 - nexa - INFO - main.py:21 - ============================================================
2026-02-24 21:23:11 - nexa - INFO - main.py:47 - Initialisation de QApplication...
2026-02-24 21:23:12 - nexa - INFO - main.py:91 - Création de la fenêtre principale...
2026-02-24 21:23:12 - nexa - INFO - main.py:94 - Création des vues d'onglets...
2026-02-24 21:23:16 - nexa - INFO - main.py:110 - Configuration des onglets...
2026-02-24 21:23:17 - nexa - INFO - main.py:144 - Interface construite, lancement du splash
2026-02-24 21:23:32 - nexa - INFO - main.py:166 - Fermeture de l'application (code: 0)
2026-02-24 21:27:30 - nexa - INFO - main.py:19 - ============================================================
2026-02-24 21:27:30 - nexa - INFO - main.py:20 - Démarrage de Nexa CRM
2026-02-24 21:27:30 - nexa - INFO - main.py:21 - ============================================================
2026-02-24 21:27:32 - nexa - INFO - main.py:47 - Initialisation de QApplication...
2026-02-24 21:27:33 - nexa - INFO - main.py:91 - Création de la fenêtre principale...
2026-02-24 21:27:33 - nexa - INFO - main.py:94 - Création des vues d'onglets...
2026-02-24 21:27:38 - nexa - INFO - main.py:110 - Configuration des onglets...
2026-02-24 21:27:38 - nexa - INFO - main.py:144 - Interface construite, lancement du splash
2026-02-24 21:33:49 - nexa - INFO - main.py:166 - Fermeture de l'application (code: 0)
2026-02-24 21:33:56 - nexa - INFO - main.py:19 - ============================================================
2026-02-24 21:33:56 - nexa - INFO - main.py:20 - Démarrage de Nexa CRM
2026-02-24 21:33:56 - nexa - INFO - main.py:21 - ============================================================
2026-02-24 21:33:57 - nexa - INFO - main.py:47 - Initialisation de QApplication...
2026-02-24 21:33:58 - nexa - INFO - main.py:91 - Création de la fenêtre principale...
2026-02-24 21:33:58 - nexa - INFO - main.py:94 - Création des vues d'onglets...
2026-02-24 21:34:02 - nexa - INFO - main.py:110 - Configuration des onglets...
2026-02-24 21:34:02 - nexa - INFO - main.py:144 - Interface construite, lancement du splash
2026-02-24 21:34:27 - nexa - INFO - main.py:166 - Fermeture de l'application (code: 0)
2026-02-24 21:36:37 - nexa - INFO - main.py:19 - ============================================================
2026-02-24 21:36:37 - nexa - INFO - main.py:20 - Démarrage de Nexa CRM
2026-02-24 21:36:37 - nexa - INFO - main.py:21 - ============================================================
2026-02-24 21:36:38 - nexa - INFO - main.py:47 - Initialisation de QApplication...
2026-02-24 21:36:39 - nexa - INFO - main.py:91 - Création de la fenêtre principale...
2026-02-24 21:36:39 - nexa - INFO - main.py:94 - Création des vues d'onglets...
2026-02-24 21:36:45 - nexa - INFO - main.py:110 - Configuration des onglets...
2026-02-24 21:36:46 - nexa - INFO - main.py:144 - Interface construite, lancement du splash
2026-02-24 23:06:17 - nexa - INFO - main.py:166 - Fermeture de l'application (code: 0)
2026-02-24 23:06:23 - nexa - INFO - main.py:19 - ============================================================
2026-02-24 23:06:23 - nexa - INFO - main.py:20 - Démarrage de Nexa CRM
2026-02-24 23:06:23 - nexa - INFO - main.py:21 - ============================================================
2026-02-24 23:06:24 - nexa - INFO - main.py:47 - Initialisation de QApplication...
2026-02-24 23:06:25 - nexa - INFO - main.py:91 - Création de la fenêtre principale...
2026-02-24 23:06:25 - nexa - INFO - main.py:94 - Création des vues d'onglets...
2026-02-24 23:06:29 - nexa - INFO - main.py:110 - Configuration des onglets...
2026-02-24 23:06:30 - nexa - INFO - main.py:144 - Interface construite, lancement du splash
2026-02-25 00:12:29 - nexa - INFO - main.py:166 - Fermeture de l'application (code: 0)
