2026-02-27 12:35:52 - nexa - INFO - main.py:19 - ============================================================
2026-02-27 12:35:52 - nexa - INFO - main.py:20 - Démarrage de Nexa CRM
2026-02-27 12:35:52 - nexa - INFO - main.py:21 - ============================================================
2026-02-27 12:35:55 - nexa - INFO - main.py:48 - Initialisation de QApplication...
2026-02-27 12:35:57 - nexa - INFO - main.py:93 - Création de la fenêtre principale...
2026-02-27 12:35:58 - nexa - INFO - main.py:96 - Création des vues d'onglets...
2026-02-27 12:36:03 - nexa - INFO - main.py:113 - Configuration des onglets...
2026-02-27 12:36:04 - nexa - INFO - main.py:221 - Interface construite, lancement du splash
2026-02-27 12:36:12 - nexa - INFO - main.py:243 - Fermeture de l'application (code: 0)
2026-02-27 12:36:18 - nexa - INFO - main.py:19 - ============================================================
2026-02-27 12:36:18 - nexa - INFO - main.py:20 - Démarrage de Nexa CRM
2026-02-27 12:36:18 - nexa - INFO - main.py:21 - ============================================================
2026-02-27 12:36:19 - nexa - INFO - main.py:48 - Initialisation de QApplication...
2026-02-27 12:36:20 - nexa - INFO - main.py:93 - Création de la fenêtre principale...
2026-02-27 12:36:20 - nexa - INFO - main.py:96 - Création des vues d'onglets...
2026-02-27 12:36:24 - nexa - INFO - main.py:113 - Configuration des onglets...
2026-02-27 12:36:24 - nexa - INFO - main.py:221 - Interface construite, lancement du splash
2026-02-27 17:07:50 - nexa - INFO - main.py:243 - Fermeture de l'application (code: 0)
2026-02-27 17:15:10 - nexa - INFO - main.py:19 - ============================================================
2026-02-27 17:15:10 - nexa - INFO - main.py:20 - Démarrage de Nexa CRM
2026-02-27 17:15:10 - nexa - INFO - main.py:21 - ============================================================
2026-02-27 17:15:13 - nexa - INFO - main.py:48 - Initialisation de QApplication...
2026-02-27 17:15:14 - nexa - INFO - main.py:93 - Création de la fenêtre principale...
2026-02-27 17:15:15 - nexa - INFO - main.py:96 - Création des vues d'onglets...
2026-02-27 17:15:20 - nexa - INFO - main.py:113 - Configuration des onglets...
2026-02-27 17:15:21 - nexa - INFO - main.py:221 - Interface construite, lancement du splash
2026-02-27 17:54:04 - nexa - INFO - main.py:243 - Fermeture de l'application (code: 0)
2026-02-27 18:31:44 - nexa - INFO - main.py:19 - ============================================================
2026-02-27 18:31:44 - nexa - INFO - main.py:20 - Démarrage de Nexa CRM
2026-02-27 18:31:44 - nexa - INFO - main.py:21 - ============================================================
2026-02-27 18:31:47 - nexa - INFO - main.py:48 - Initialisation de QApplication...
2026-02-27 18:31:47 - nexa - INFO - main.py:93 - Création de la fenêtre principale...
2026-02-27 18:31:48 - nexa - INFO - main.py:96 - Création des vues d'onglets...
2026-02-27 18:31:53 - nexa - INFO - main.py:113 - Configuration des onglets...
2026-02-27 18:31:54 - nexa - INFO - main.py:237 - Interface construite, lancement du splash
2026-02-27 21:37:25 - nexa - INFO - main.py:259 - Fermeture de l'application (code: 0)
2026-02-27 21:37:36 - nexa - INFO - main.py:19 - ============================================================
2026-02-27 21:37:36 - nexa - INFO - main.py:20 - Démarrage de Nexa CRM
2026-02-27 21:37:36 - nexa - INFO - main.py:21 - ============================================================
2026-02-27 21:37:38 - nexa - INFO - main.py:48 - Initialisation de QApplication...
2026-02-27 21:37:39 - nexa - INFO - main.py:93 - Création de la fenêtre principale...
2026-02-27 21:37:39 - nexa - INFO - main.py:96 - Création des vues d'onglets...
2026-02-27 21:37:43 - nexa - INFO - main.py:113 - Configuration des onglets...
2026-02-27 21:37:44 - nexa - INFO - main.py:243 - Interface construite, lancement du splash
2026-02-28 03:10:28 - nexa - INFO - main.py:265 - Fermeture de l'application (code: 0)
