2026-02-19 03:27:02 - nexa - INFO - main.py:19 - ============================================================
2026-02-19 03:27:02 - nexa - INFO - main.py:20 - Démarrage de Nexa CRM
2026-02-19 03:27:02 - nexa - INFO - main.py:21 - ============================================================
2026-02-19 03:27:32 - nexa - INFO - main.py:19 - ============================================================
2026-02-19 03:27:32 - nexa - INFO - main.py:20 - Démarrage de Nexa CRM
2026-02-19 03:27:32 - nexa - INFO - main.py:21 - ============================================================
2026-02-19 03:27:34 - nexa - INFO - main.py:48 - Initialisation de QApplication...
2026-02-19 03:27:34 - nexa - INFO - main.py:78 - Création de la fenêtre principale...
2026-02-19 03:27:34 - nexa - INFO - main.py:82 - Création des vues d'onglets...
2026-02-19 03:27:39 - nexa - INFO - main.py:100 - Configuration des onglets...
2026-02-19 03:27:39 - nexa - INFO - main.py:145 - Affichage de la fenêtre principale...
2026-02-19 03:27:39 - nexa - INFO - main.py:151 - Interface chargée, en attente d'interactions utilisateur
2026-02-19 03:33:24 - nexa - INFO - main.py:154 - Fermeture de l'application (code: 0)
2026-02-19 03:33:29 - nexa - INFO - main.py:19 - ============================================================
2026-02-19 03:33:29 - nexa - INFO - main.py:20 - Démarrage de Nexa CRM
2026-02-19 03:33:29 - nexa - INFO - main.py:21 - ============================================================
2026-02-19 03:33:30 - nexa - INFO - main.py:48 - Initialisation de QApplication...
2026-02-19 03:33:30 - nexa - INFO - main.py:78 - Création de la fenêtre principale...
2026-02-19 03:33:30 - nexa - INFO - main.py:82 - Création des vues d'onglets...
2026-02-19 03:33:34 - nexa - INFO - main.py:100 - Configuration des onglets...
2026-02-19 03:33:34 - nexa - INFO - main.py:145 - Affichage de la fenêtre principale...
2026-02-19 03:33:34 - nexa - INFO - main.py:151 - Interface chargée, en attente d'interactions utilisateur
2026-02-19 03:34:56 - nexa - INFO - main.py:154 - Fermeture de l'application (code: 0)
2026-02-19 03:35:02 - nexa - INFO - main.py:19 - ============================================================
2026-02-19 03:35:02 - nexa - INFO - main.py:20 - Démarrage de Nexa CRM
2026-02-19 03:35:02 - nexa - INFO - main.py:21 - ============================================================
2026-02-19 03:35:03 - nexa - INFO - main.py:48 - Initialisation de QApplication...
2026-02-19 03:35:04 - nexa - INFO - main.py:78 - Création de la fenêtre principale...
2026-02-19 03:35:04 - nexa - INFO - main.py:82 - Création des vues d'onglets...
2026-02-19 03:35:04 - nexa - CRITICAL - main.py:158 - Erreur fatale au démarrage : name 'QSizePolicy' is not defined
Traceback (most recent call last):
  File "/Users/CreepySensei/Desktop/Dev/Nexa/app/main.py", line 85, in main
    vue_recherche = RechercheView()
  File "/Users/CreepySensei/Desktop/Dev/Nexa/app/views/recherche_view.py", line 92, in __init__
    self._construire_ui()
  File "/Users/CreepySensei/Desktop/Dev/Nexa/app/views/recherche_view.py", line 109, in _construire_ui
    self._barre_toggle = ModernSegmentedControl(["Client", "Produit", "Code Promo"])
  File "/Users/CreepySensei/Desktop/Dev/Nexa/app/views/components/modern_segmented_control.py", line 142, in __init__
    btn.setSizePolicy(QSizePolicy.Minimum, QSizePolicy.Expanding)
NameError: name 'QSizePolicy' is not defined
2026-02-19 03:35:28 - nexa - INFO - main.py:19 - ============================================================
2026-02-19 03:35:28 - nexa - INFO - main.py:20 - Démarrage de Nexa CRM
2026-02-19 03:35:28 - nexa - INFO - main.py:21 - ============================================================
2026-02-19 03:35:28 - nexa - INFO - main.py:48 - Initialisation de QApplication...
2026-02-19 03:35:28 - nexa - INFO - main.py:78 - Création de la fenêtre principale...
2026-02-19 03:35:28 - nexa - INFO - main.py:82 - Création des vues d'onglets...
2026-02-19 03:35:31 - nexa - INFO - main.py:100 - Configuration des onglets...
2026-02-19 03:35:32 - nexa - INFO - main.py:145 - Affichage de la fenêtre principale...
2026-02-19 03:35:32 - nexa - INFO - main.py:151 - Interface chargée, en attente d'interactions utilisateur
2026-02-19 03:38:02 - nexa - INFO - main.py:154 - Fermeture de l'application (code: 0)
2026-02-19 03:38:06 - nexa - INFO - main.py:19 - ============================================================
2026-02-19 03:38:06 - nexa - INFO - main.py:20 - Démarrage de Nexa CRM
2026-02-19 03:38:06 - nexa - INFO - main.py:21 - ============================================================
2026-02-19 03:38:07 - nexa - INFO - main.py:48 - Initialisation de QApplication...
2026-02-19 03:38:07 - nexa - INFO - main.py:78 - Création de la fenêtre principale...
2026-02-19 03:38:07 - nexa - INFO - main.py:82 - Création des vues d'onglets...
2026-02-19 03:38:11 - nexa - INFO - main.py:100 - Configuration des onglets...
2026-02-19 03:38:11 - nexa - INFO - main.py:145 - Affichage de la fenêtre principale...
2026-02-19 03:38:11 - nexa - INFO - main.py:151 - Interface chargée, en attente d'interactions utilisateur
2026-02-19 03:44:00 - nexa - INFO - main.py:154 - Fermeture de l'application (code: 0)
2026-02-19 03:44:08 - nexa - INFO - main.py:19 - ============================================================
2026-02-19 03:44:08 - nexa - INFO - main.py:20 - Démarrage de Nexa CRM
2026-02-19 03:44:08 - nexa - INFO - main.py:21 - ============================================================
2026-02-19 03:44:09 - nexa - INFO - main.py:48 - Initialisation de QApplication...
2026-02-19 03:44:10 - nexa - INFO - main.py:78 - Création de la fenêtre principale...
2026-02-19 03:44:10 - nexa - INFO - main.py:82 - Création des vues d'onglets...
2026-02-19 03:44:13 - nexa - INFO - main.py:100 - Configuration des onglets...
2026-02-19 03:44:14 - nexa - INFO - main.py:145 - Affichage de la fenêtre principale...
2026-02-19 03:44:14 - nexa - INFO - main.py:151 - Interface chargée, en attente d'interactions utilisateur
2026-02-19 03:47:18 - nexa - INFO - main.py:154 - Fermeture de l'application (code: 0)
2026-02-19 03:47:23 - nexa - INFO - main.py:19 - ============================================================
2026-02-19 03:47:23 - nexa - INFO - main.py:20 - Démarrage de Nexa CRM
2026-02-19 03:47:23 - nexa - INFO - main.py:21 - ============================================================
2026-02-19 03:47:24 - nexa - INFO - main.py:48 - Initialisation de QApplication...
2026-02-19 03:47:24 - nexa - INFO - main.py:78 - Création de la fenêtre principale...
2026-02-19 03:47:24 - nexa - INFO - main.py:82 - Création des vues d'onglets...
2026-02-19 03:47:25 - nexa - CRITICAL - main.py:158 - Erreur fatale au démarrage : 'ModernSegmentedControl' object has no attribute 'width_anim'
Traceback (most recent call last):
  File "/Users/CreepySensei/Desktop/Dev/Nexa/app/main.py", line 85, in main
    vue_recherche = RechercheView()
  File "/Users/CreepySensei/Desktop/Dev/Nexa/app/views/recherche_view.py", line 92, in __init__
    self._construire_ui()
  File "/Users/CreepySensei/Desktop/Dev/Nexa/app/views/recherche_view.py", line 109, in _construire_ui
    self._barre_toggle = ModernSegmentedControl(["Client", "Produit", "Code Promo"])
  File "/Users/CreepySensei/Desktop/Dev/Nexa/app/views/components/modern_segmented_control.py", line 184, in __init__
    self.width_anim.setDuration(duration)
AttributeError: 'ModernSegmentedControl' object has no attribute 'width_anim'
2026-02-19 03:47:52 - nexa - INFO - main.py:19 - ============================================================
2026-02-19 03:47:52 - nexa - INFO - main.py:20 - Démarrage de Nexa CRM
2026-02-19 03:47:52 - nexa - INFO - main.py:21 - ============================================================
2026-02-19 03:47:53 - nexa - INFO - main.py:48 - Initialisation de QApplication...
2026-02-19 03:47:53 - nexa - INFO - main.py:78 - Création de la fenêtre principale...
2026-02-19 03:47:53 - nexa - INFO - main.py:82 - Création des vues d'onglets...
2026-02-19 03:47:53 - nexa - CRITICAL - main.py:158 - Erreur fatale au démarrage : 'ModernSegmentedControl' object has no attribute 'width_anim'
Traceback (most recent call last):
  File "/Users/CreepySensei/Desktop/Dev/Nexa/app/main.py", line 85, in main
    vue_recherche = RechercheView()
  File "/Users/CreepySensei/Desktop/Dev/Nexa/app/views/recherche_view.py", line 92, in __init__
    self._construire_ui()
  File "/Users/CreepySensei/Desktop/Dev/Nexa/app/views/recherche_view.py", line 109, in _construire_ui
    self._barre_toggle = ModernSegmentedControl(["Client", "Produit", "Code Promo"])
  File "/Users/CreepySensei/Desktop/Dev/Nexa/app/views/components/modern_segmented_control.py", line 182, in __init__
    self.width_anim.setDuration(400)
AttributeError: 'ModernSegmentedControl' object has no attribute 'width_anim'
2026-02-19 03:48:24 - nexa - INFO - main.py:19 - ============================================================
2026-02-19 03:48:24 - nexa - INFO - main.py:20 - Démarrage de Nexa CRM
2026-02-19 03:48:24 - nexa - INFO - main.py:21 - ============================================================
2026-02-19 03:48:24 - nexa - INFO - main.py:48 - Initialisation de QApplication...
2026-02-19 03:48:24 - nexa - INFO - main.py:78 - Création de la fenêtre principale...
2026-02-19 03:48:24 - nexa - INFO - main.py:82 - Création des vues d'onglets...
2026-02-19 03:48:25 - nexa - CRITICAL - main.py:158 - Erreur fatale au démarrage : 'ModernSegmentedControl' object has no attribute 'width_anim'
Traceback (most recent call last):
  File "/Users/CreepySensei/Desktop/Dev/Nexa/app/main.py", line 85, in main
    vue_recherche = RechercheView()
  File "/Users/CreepySensei/Desktop/Dev/Nexa/app/views/recherche_view.py", line 92, in __init__
    self._construire_ui()
  File "/Users/CreepySensei/Desktop/Dev/Nexa/app/views/recherche_view.py", line 109, in _construire_ui
    self._barre_toggle = ModernSegmentedControl(["Client", "Produit", "Code Promo"])
  File "/Users/CreepySensei/Desktop/Dev/Nexa/app/views/components/modern_segmented_control.py", line 186, in __init__
    self.width_anim.setDuration(400)
AttributeError: 'ModernSegmentedControl' object has no attribute 'width_anim'
2026-02-19 03:49:18 - nexa - INFO - main.py:19 - ============================================================
2026-02-19 03:49:18 - nexa - INFO - main.py:20 - Démarrage de Nexa CRM
2026-02-19 03:49:18 - nexa - INFO - main.py:21 - ============================================================
2026-02-19 03:49:19 - nexa - INFO - main.py:48 - Initialisation de QApplication...
2026-02-19 03:49:19 - nexa - INFO - main.py:78 - Création de la fenêtre principale...
2026-02-19 03:49:19 - nexa - INFO - main.py:82 - Création des vues d'onglets...
2026-02-19 03:49:23 - nexa - INFO - main.py:100 - Configuration des onglets...
2026-02-19 03:49:23 - nexa - INFO - main.py:145 - Affichage de la fenêtre principale...
2026-02-19 03:49:23 - nexa - INFO - main.py:151 - Interface chargée, en attente d'interactions utilisateur
2026-02-19 03:51:19 - nexa - INFO - main.py:154 - Fermeture de l'application (code: 0)
2026-02-19 03:51:22 - nexa - INFO - main.py:19 - ============================================================
2026-02-19 03:51:22 - nexa - INFO - main.py:20 - Démarrage de Nexa CRM
2026-02-19 03:51:22 - nexa - INFO - main.py:21 - ============================================================
2026-02-19 03:51:24 - nexa - INFO - main.py:48 - Initialisation de QApplication...
2026-02-19 03:51:24 - nexa - INFO - main.py:78 - Création de la fenêtre principale...
2026-02-19 03:51:24 - nexa - INFO - main.py:82 - Création des vues d'onglets...
2026-02-19 03:51:27 - nexa - INFO - main.py:100 - Configuration des onglets...
2026-02-19 03:51:27 - nexa - INFO - main.py:145 - Affichage de la fenêtre principale...
2026-02-19 03:51:28 - nexa - INFO - main.py:151 - Interface chargée, en attente d'interactions utilisateur
2026-02-19 03:55:04 - nexa - INFO - main.py:154 - Fermeture de l'application (code: 0)
2026-02-19 03:55:10 - nexa - INFO - main.py:19 - ============================================================
2026-02-19 03:55:10 - nexa - INFO - main.py:20 - Démarrage de Nexa CRM
2026-02-19 03:55:10 - nexa - INFO - main.py:21 - ============================================================
2026-02-19 03:55:11 - nexa - INFO - main.py:48 - Initialisation de QApplication...
2026-02-19 03:55:11 - nexa - INFO - main.py:78 - Création de la fenêtre principale...
2026-02-19 03:55:11 - nexa - INFO - main.py:82 - Création des vues d'onglets...
2026-02-19 03:55:15 - nexa - INFO - main.py:100 - Configuration des onglets...
2026-02-19 03:55:15 - nexa - INFO - main.py:145 - Affichage de la fenêtre principale...
2026-02-19 03:55:15 - nexa - INFO - main.py:151 - Interface chargée, en attente d'interactions utilisateur
2026-02-19 03:56:19 - nexa - INFO - main.py:154 - Fermeture de l'application (code: 0)
2026-02-19 03:56:22 - nexa - INFO - main.py:19 - ============================================================
2026-02-19 03:56:22 - nexa - INFO - main.py:20 - Démarrage de Nexa CRM
2026-02-19 03:56:22 - nexa - INFO - main.py:21 - ============================================================
2026-02-19 03:56:23 - nexa - INFO - main.py:48 - Initialisation de QApplication...
2026-02-19 03:56:24 - nexa - INFO - main.py:78 - Création de la fenêtre principale...
2026-02-19 03:56:24 - nexa - INFO - main.py:82 - Création des vues d'onglets...
2026-02-19 03:56:24 - nexa - CRITICAL - main.py:158 - Erreur fatale au démarrage : name 'btn_rect' is not defined
Traceback (most recent call last):
  File "/Users/CreepySensei/Desktop/Dev/Nexa/app/main.py", line 85, in main
    vue_recherche = RechercheView()
  File "/Users/CreepySensei/Desktop/Dev/Nexa/app/views/recherche_view.py", line 92, in __init__
    self._construire_ui()
  File "/Users/CreepySensei/Desktop/Dev/Nexa/app/views/recherche_view.py", line 234, in _construire_ui
    self._changer_mode(self.MODE_CLIENT)
  File "/Users/CreepySensei/Desktop/Dev/Nexa/app/views/recherche_view.py", line 317, in _changer_mode
    self._barre_toggle.select(mode)
  File "/Users/CreepySensei/Desktop/Dev/Nexa/app/views/components/modern_segmented_control.py", line 273, in select
    btn_width = btn_rect.width()
NameError: name 'btn_rect' is not defined
2026-02-19 03:57:06 - nexa - INFO - main.py:19 - ============================================================
2026-02-19 03:57:06 - nexa - INFO - main.py:20 - Démarrage de Nexa CRM
2026-02-19 03:57:06 - nexa - INFO - main.py:21 - ============================================================
2026-02-19 03:57:06 - nexa - INFO - main.py:48 - Initialisation de QApplication...
2026-02-19 03:57:06 - nexa - INFO - main.py:78 - Création de la fenêtre principale...
2026-02-19 03:57:06 - nexa - INFO - main.py:82 - Création des vues d'onglets...
2026-02-19 03:57:08 - nexa - INFO - main.py:100 - Configuration des onglets...
2026-02-19 03:57:09 - nexa - INFO - main.py:145 - Affichage de la fenêtre principale...
2026-02-19 03:57:09 - nexa - INFO - main.py:151 - Interface chargée, en attente d'interactions utilisateur
2026-02-19 04:00:51 - nexa - INFO - main.py:154 - Fermeture de l'application (code: 0)
2026-02-19 04:01:00 - nexa - INFO - main.py:19 - ============================================================
2026-02-19 04:01:00 - nexa - INFO - main.py:20 - Démarrage de Nexa CRM
2026-02-19 04:01:00 - nexa - INFO - main.py:21 - ============================================================
2026-02-19 04:01:01 - nexa - INFO - main.py:48 - Initialisation de QApplication...
2026-02-19 04:01:01 - nexa - INFO - main.py:78 - Création de la fenêtre principale...
2026-02-19 04:01:01 - nexa - INFO - main.py:82 - Création des vues d'onglets...
2026-02-19 04:01:05 - nexa - INFO - main.py:100 - Configuration des onglets...
2026-02-19 04:01:05 - nexa - INFO - main.py:145 - Affichage de la fenêtre principale...
2026-02-19 04:01:05 - nexa - INFO - main.py:151 - Interface chargée, en attente d'interactions utilisateur
2026-02-19 04:01:27 - nexa - INFO - main.py:154 - Fermeture de l'application (code: 0)
2026-02-19 04:01:30 - nexa - INFO - main.py:19 - ============================================================
2026-02-19 04:01:30 - nexa - INFO - main.py:20 - Démarrage de Nexa CRM
2026-02-19 04:01:30 - nexa - INFO - main.py:21 - ============================================================
2026-02-19 04:01:30 - nexa - INFO - main.py:48 - Initialisation de QApplication...
2026-02-19 04:01:30 - nexa - INFO - main.py:78 - Création de la fenêtre principale...
2026-02-19 04:01:30 - nexa - INFO - main.py:82 - Création des vues d'onglets...
2026-02-19 04:01:32 - nexa - INFO - main.py:100 - Configuration des onglets...
2026-02-19 04:01:32 - nexa - INFO - main.py:145 - Affichage de la fenêtre principale...
2026-02-19 04:01:32 - nexa - INFO - main.py:151 - Interface chargée, en attente d'interactions utilisateur
2026-02-19 04:01:53 - nexa - INFO - main.py:154 - Fermeture de l'application (code: 0)
2026-02-19 04:02:00 - nexa - INFO - main.py:19 - ============================================================
2026-02-19 04:02:00 - nexa - INFO - main.py:20 - Démarrage de Nexa CRM
2026-02-19 04:02:00 - nexa - INFO - main.py:21 - ============================================================
2026-02-19 04:02:00 - nexa - INFO - main.py:48 - Initialisation de QApplication...
2026-02-19 04:02:01 - nexa - INFO - main.py:78 - Création de la fenêtre principale...
2026-02-19 04:02:01 - nexa - INFO - main.py:82 - Création des vues d'onglets...
2026-02-19 04:02:03 - nexa - INFO - main.py:100 - Configuration des onglets...
2026-02-19 04:02:03 - nexa - INFO - main.py:145 - Affichage de la fenêtre principale...
2026-02-19 04:02:03 - nexa - INFO - main.py:151 - Interface chargée, en attente d'interactions utilisateur
2026-02-19 04:04:11 - nexa - INFO - main.py:154 - Fermeture de l'application (code: 0)
2026-02-19 04:04:17 - nexa - INFO - main.py:19 - ============================================================
2026-02-19 04:04:17 - nexa - INFO - main.py:20 - Démarrage de Nexa CRM
2026-02-19 04:04:17 - nexa - INFO - main.py:21 - ============================================================
2026-02-19 04:04:18 - nexa - INFO - main.py:48 - Initialisation de QApplication...
2026-02-19 04:04:18 - nexa - INFO - main.py:78 - Création de la fenêtre principale...
2026-02-19 04:04:18 - nexa - INFO - main.py:82 - Création des vues d'onglets...
2026-02-19 04:04:22 - nexa - INFO - main.py:100 - Configuration des onglets...
2026-02-19 04:04:22 - nexa - INFO - main.py:145 - Affichage de la fenêtre principale...
2026-02-19 04:04:22 - nexa - INFO - main.py:151 - Interface chargée, en attente d'interactions utilisateur
2026-02-19 04:05:20 - nexa - INFO - main.py:154 - Fermeture de l'application (code: 0)
2026-02-19 04:05:23 - nexa - INFO - main.py:19 - ============================================================
2026-02-19 04:05:23 - nexa - INFO - main.py:20 - Démarrage de Nexa CRM
2026-02-19 04:05:23 - nexa - INFO - main.py:21 - ============================================================
2026-02-19 04:05:24 - nexa - INFO - main.py:48 - Initialisation de QApplication...
2026-02-19 04:05:24 - nexa - INFO - main.py:78 - Création de la fenêtre principale...
2026-02-19 04:05:24 - nexa - INFO - main.py:82 - Création des vues d'onglets...
2026-02-19 04:05:27 - nexa - INFO - main.py:100 - Configuration des onglets...
2026-02-19 04:05:27 - nexa - INFO - main.py:145 - Affichage de la fenêtre principale...
2026-02-19 04:05:27 - nexa - INFO - main.py:151 - Interface chargée, en attente d'interactions utilisateur
2026-02-19 04:05:48 - nexa - INFO - main.py:154 - Fermeture de l'application (code: 0)
2026-02-19 04:05:51 - nexa - INFO - main.py:19 - ============================================================
2026-02-19 04:05:51 - nexa - INFO - main.py:20 - Démarrage de Nexa CRM
2026-02-19 04:05:51 - nexa - INFO - main.py:21 - ============================================================
2026-02-19 04:05:52 - nexa - INFO - main.py:48 - Initialisation de QApplication...
2026-02-19 04:05:53 - nexa - INFO - main.py:78 - Création de la fenêtre principale...
2026-02-19 04:05:53 - nexa - INFO - main.py:82 - Création des vues d'onglets...
2026-02-19 04:05:56 - nexa - INFO - main.py:100 - Configuration des onglets...
2026-02-19 04:05:56 - nexa - INFO - main.py:145 - Affichage de la fenêtre principale...
2026-02-19 04:05:56 - nexa - INFO - main.py:151 - Interface chargée, en attente d'interactions utilisateur
2026-02-19 04:06:23 - nexa - INFO - main.py:154 - Fermeture de l'application (code: 0)
2026-02-19 04:06:26 - nexa - INFO - main.py:19 - ============================================================
2026-02-19 04:06:26 - nexa - INFO - main.py:20 - Démarrage de Nexa CRM
2026-02-19 04:06:26 - nexa - INFO - main.py:21 - ============================================================
2026-02-19 04:06:27 - nexa - INFO - main.py:48 - Initialisation de QApplication...
2026-02-19 04:06:27 - nexa - INFO - main.py:78 - Création de la fenêtre principale...
2026-02-19 04:06:28 - nexa - INFO - main.py:82 - Création des vues d'onglets...
2026-02-19 04:06:30 - nexa - INFO - main.py:100 - Configuration des onglets...
2026-02-19 04:06:31 - nexa - INFO - main.py:145 - Affichage de la fenêtre principale...
2026-02-19 04:06:31 - nexa - INFO - main.py:151 - Interface chargée, en attente d'interactions utilisateur
2026-02-19 04:06:39 - nexa - INFO - main.py:154 - Fermeture de l'application (code: 0)
2026-02-19 04:06:43 - nexa - INFO - main.py:19 - ============================================================
2026-02-19 04:06:43 - nexa - INFO - main.py:20 - Démarrage de Nexa CRM
2026-02-19 04:06:43 - nexa - INFO - main.py:21 - ============================================================
2026-02-19 04:06:43 - nexa - INFO - main.py:48 - Initialisation de QApplication...
2026-02-19 04:06:43 - nexa - INFO - main.py:78 - Création de la fenêtre principale...
2026-02-19 04:06:44 - nexa - INFO - main.py:82 - Création des vues d'onglets...
2026-02-19 04:06:46 - nexa - INFO - main.py:100 - Configuration des onglets...
2026-02-19 04:06:46 - nexa - INFO - main.py:145 - Affichage de la fenêtre principale...
2026-02-19 04:06:46 - nexa - INFO - main.py:151 - Interface chargée, en attente d'interactions utilisateur
2026-02-19 04:09:56 - nexa - INFO - main.py:154 - Fermeture de l'application (code: 0)
2026-02-19 04:10:01 - nexa - INFO - main.py:19 - ============================================================
2026-02-19 04:10:01 - nexa - INFO - main.py:20 - Démarrage de Nexa CRM
2026-02-19 04:10:01 - nexa - INFO - main.py:21 - ============================================================
2026-02-19 04:10:02 - nexa - INFO - main.py:48 - Initialisation de QApplication...
2026-02-19 04:10:02 - nexa - INFO - main.py:78 - Création de la fenêtre principale...
2026-02-19 04:10:03 - nexa - INFO - main.py:82 - Création des vues d'onglets...
2026-02-19 04:10:06 - nexa - INFO - main.py:100 - Configuration des onglets...
2026-02-19 04:10:06 - nexa - INFO - main.py:145 - Affichage de la fenêtre principale...
2026-02-19 04:10:07 - nexa - INFO - main.py:151 - Interface chargée, en attente d'interactions utilisateur
2026-02-19 04:10:14 - nexa - INFO - main.py:154 - Fermeture de l'application (code: 0)
2026-02-19 04:21:24 - nexa - INFO - main.py:19 - ============================================================
2026-02-19 04:21:24 - nexa - INFO - main.py:20 - Démarrage de Nexa CRM
2026-02-19 04:21:24 - nexa - INFO - main.py:21 - ============================================================
2026-02-19 04:21:27 - nexa - INFO - main.py:48 - Initialisation de QApplication...
2026-02-19 04:21:28 - nexa - INFO - main.py:78 - Création de la fenêtre principale...
2026-02-19 04:21:28 - nexa - INFO - main.py:82 - Création des vues d'onglets...
2026-02-19 04:21:29 - nexa - CRITICAL - main.py:158 - Erreur fatale au démarrage : name 'sself' is not defined
Traceback (most recent call last):
  File "/Users/CreepySensei/Desktop/Dev/Nexa/app/main.py", line 85, in main
    vue_recherche = RechercheView()
  File "/Users/CreepySensei/Desktop/Dev/Nexa/app/views/recherche_view.py", line 92, in __init__
    self._construire_ui()
  File "/Users/CreepySensei/Desktop/Dev/Nexa/app/views/recherche_view.py", line 109, in _construire_ui
    self._barre_toggle = ModernSegmentedControl(["Client", "Produit", "Code Promo"])
  File "/Users/CreepySensei/Desktop/Dev/Nexa/app/views/components/modern_segmented_control.py", line 135, in __init__
    sself.layout.setContentsMargins(
NameError: name 'sself' is not defined
2026-02-19 04:21:44 - nexa - INFO - main.py:19 - ============================================================
2026-02-19 04:21:44 - nexa - INFO - main.py:20 - Démarrage de Nexa CRM
2026-02-19 04:21:44 - nexa - INFO - main.py:21 - ============================================================
2026-02-19 04:21:44 - nexa - INFO - main.py:48 - Initialisation de QApplication...
2026-02-19 04:21:44 - nexa - INFO - main.py:78 - Création de la fenêtre principale...
2026-02-19 04:21:44 - nexa - INFO - main.py:82 - Création des vues d'onglets...
2026-02-19 04:21:49 - nexa - INFO - main.py:100 - Configuration des onglets...
2026-02-19 04:21:49 - nexa - INFO - main.py:145 - Affichage de la fenêtre principale...
2026-02-19 04:21:49 - nexa - INFO - main.py:151 - Interface chargée, en attente d'interactions utilisateur
2026-02-19 04:21:57 - nexa - INFO - main.py:154 - Fermeture de l'application (code: 0)
2026-02-19 04:22:26 - nexa - INFO - main.py:19 - ============================================================
2026-02-19 04:22:26 - nexa - INFO - main.py:20 - Démarrage de Nexa CRM
2026-02-19 04:22:26 - nexa - INFO - main.py:21 - ============================================================
2026-02-19 04:22:26 - nexa - INFO - main.py:48 - Initialisation de QApplication...
2026-02-19 04:22:26 - nexa - INFO - main.py:78 - Création de la fenêtre principale...
2026-02-19 04:22:27 - nexa - INFO - main.py:82 - Création des vues d'onglets...
2026-02-19 04:22:30 - nexa - INFO - main.py:100 - Configuration des onglets...
2026-02-19 04:22:30 - nexa - INFO - main.py:145 - Affichage de la fenêtre principale...
2026-02-19 04:22:30 - nexa - INFO - main.py:151 - Interface chargée, en attente d'interactions utilisateur
2026-02-19 04:22:49 - nexa - INFO - main.py:154 - Fermeture de l'application (code: 0)
2026-02-19 04:22:54 - nexa - INFO - main.py:19 - ============================================================
2026-02-19 04:22:54 - nexa - INFO - main.py:20 - Démarrage de Nexa CRM
2026-02-19 04:22:54 - nexa - INFO - main.py:21 - ============================================================
2026-02-19 04:22:55 - nexa - INFO - main.py:48 - Initialisation de QApplication...
2026-02-19 04:22:55 - nexa - INFO - main.py:78 - Création de la fenêtre principale...
2026-02-19 04:22:55 - nexa - INFO - main.py:82 - Création des vues d'onglets...
2026-02-19 04:22:58 - nexa - INFO - main.py:100 - Configuration des onglets...
2026-02-19 04:22:58 - nexa - INFO - main.py:145 - Affichage de la fenêtre principale...
2026-02-19 04:22:59 - nexa - INFO - main.py:151 - Interface chargée, en attente d'interactions utilisateur
2026-02-19 04:23:20 - nexa - INFO - main.py:154 - Fermeture de l'application (code: 0)
2026-02-19 04:23:28 - nexa - INFO - main.py:19 - ============================================================
2026-02-19 04:23:28 - nexa - INFO - main.py:20 - Démarrage de Nexa CRM
2026-02-19 04:23:28 - nexa - INFO - main.py:21 - ============================================================
2026-02-19 04:23:29 - nexa - INFO - main.py:48 - Initialisation de QApplication...
2026-02-19 04:23:29 - nexa - INFO - main.py:78 - Création de la fenêtre principale...
2026-02-19 04:23:29 - nexa - INFO - main.py:82 - Création des vues d'onglets...
2026-02-19 04:23:33 - nexa - INFO - main.py:100 - Configuration des onglets...
2026-02-19 04:23:33 - nexa - INFO - main.py:145 - Affichage de la fenêtre principale...
2026-02-19 04:23:33 - nexa - INFO - main.py:151 - Interface chargée, en attente d'interactions utilisateur
2026-02-19 04:25:51 - nexa - INFO - main.py:154 - Fermeture de l'application (code: 0)
2026-02-19 04:25:56 - nexa - INFO - main.py:19 - ============================================================
2026-02-19 04:25:56 - nexa - INFO - main.py:20 - Démarrage de Nexa CRM
2026-02-19 04:25:56 - nexa - INFO - main.py:21 - ============================================================
2026-02-19 04:25:57 - nexa - INFO - main.py:48 - Initialisation de QApplication...
2026-02-19 04:25:57 - nexa - INFO - main.py:78 - Création de la fenêtre principale...
2026-02-19 04:25:57 - nexa - INFO - main.py:82 - Création des vues d'onglets...
2026-02-19 04:26:01 - nexa - INFO - main.py:100 - Configuration des onglets...
2026-02-19 04:26:01 - nexa - INFO - main.py:145 - Affichage de la fenêtre principale...
2026-02-19 04:26:01 - nexa - INFO - main.py:151 - Interface chargée, en attente d'interactions utilisateur
2026-02-19 04:28:09 - nexa - INFO - main.py:154 - Fermeture de l'application (code: 0)
2026-02-19 04:28:14 - nexa - INFO - main.py:19 - ============================================================
2026-02-19 04:28:14 - nexa - INFO - main.py:20 - Démarrage de Nexa CRM
2026-02-19 04:28:14 - nexa - INFO - main.py:21 - ============================================================
2026-02-19 04:28:15 - nexa - INFO - main.py:48 - Initialisation de QApplication...
2026-02-19 04:28:15 - nexa - INFO - main.py:78 - Création de la fenêtre principale...
2026-02-19 04:28:15 - nexa - INFO - main.py:82 - Création des vues d'onglets...
2026-02-19 04:28:19 - nexa - INFO - main.py:100 - Configuration des onglets...
2026-02-19 04:28:19 - nexa - INFO - main.py:145 - Affichage de la fenêtre principale...
2026-02-19 04:28:19 - nexa - INFO - main.py:151 - Interface chargée, en attente d'interactions utilisateur
2026-02-19 04:30:34 - nexa - INFO - main.py:154 - Fermeture de l'application (code: 0)
2026-02-19 04:30:37 - nexa - INFO - main.py:19 - ============================================================
2026-02-19 04:30:37 - nexa - INFO - main.py:20 - Démarrage de Nexa CRM
2026-02-19 04:30:37 - nexa - INFO - main.py:21 - ============================================================
2026-02-19 04:30:38 - nexa - INFO - main.py:48 - Initialisation de QApplication...
2026-02-19 04:30:39 - nexa - INFO - main.py:78 - Création de la fenêtre principale...
2026-02-19 04:30:39 - nexa - INFO - main.py:82 - Création des vues d'onglets...
2026-02-19 04:30:42 - nexa - INFO - main.py:100 - Configuration des onglets...
2026-02-19 04:30:43 - nexa - INFO - main.py:145 - Affichage de la fenêtre principale...
2026-02-19 04:30:43 - nexa - INFO - main.py:151 - Interface chargée, en attente d'interactions utilisateur
2026-02-19 04:32:38 - nexa - INFO - main.py:154 - Fermeture de l'application (code: 0)
2026-02-19 04:32:42 - nexa - INFO - main.py:19 - ============================================================
2026-02-19 04:32:42 - nexa - INFO - main.py:20 - Démarrage de Nexa CRM
2026-02-19 04:32:42 - nexa - INFO - main.py:21 - ============================================================
2026-02-19 04:32:44 - nexa - INFO - main.py:48 - Initialisation de QApplication...
2026-02-19 04:32:44 - nexa - INFO - main.py:78 - Création de la fenêtre principale...
2026-02-19 04:32:44 - nexa - INFO - main.py:82 - Création des vues d'onglets...
2026-02-19 04:32:48 - nexa - INFO - main.py:100 - Configuration des onglets...
2026-02-19 04:32:48 - nexa - INFO - main.py:145 - Affichage de la fenêtre principale...
2026-02-19 04:32:48 - nexa - INFO - main.py:151 - Interface chargée, en attente d'interactions utilisateur
2026-02-19 04:34:05 - nexa - INFO - main.py:19 - ============================================================
2026-02-19 04:34:05 - nexa - INFO - main.py:20 - Démarrage de Nexa CRM
2026-02-19 04:34:05 - nexa - INFO - main.py:21 - ============================================================
2026-02-19 04:34:07 - nexa - INFO - main.py:48 - Initialisation de QApplication...
2026-02-19 04:34:07 - nexa - INFO - main.py:78 - Création de la fenêtre principale...
2026-02-19 04:34:07 - nexa - INFO - main.py:82 - Création des vues d'onglets...
2026-02-19 04:34:10 - nexa - INFO - main.py:100 - Configuration des onglets...
2026-02-19 04:34:10 - nexa - INFO - main.py:145 - Affichage de la fenêtre principale...
2026-02-19 04:34:10 - nexa - INFO - main.py:151 - Interface chargée, en attente d'interactions utilisateur
2026-02-19 04:34:18 - nexa - INFO - main.py:154 - Fermeture de l'application (code: 0)
2026-02-19 04:35:34 - nexa - INFO - main.py:19 - ============================================================
2026-02-19 04:35:34 - nexa - INFO - main.py:20 - Démarrage de Nexa CRM
2026-02-19 04:35:34 - nexa - INFO - main.py:21 - ============================================================
2026-02-19 04:35:35 - nexa - INFO - main.py:48 - Initialisation de QApplication...
2026-02-19 04:35:35 - nexa - INFO - main.py:78 - Création de la fenêtre principale...
2026-02-19 04:35:35 - nexa - INFO - main.py:82 - Création des vues d'onglets...
2026-02-19 04:35:37 - nexa - INFO - main.py:100 - Configuration des onglets...
2026-02-19 04:35:37 - nexa - INFO - main.py:145 - Affichage de la fenêtre principale...
2026-02-19 04:35:37 - nexa - INFO - main.py:151 - Interface chargée, en attente d'interactions utilisateur
2026-02-19 04:39:27 - nexa - INFO - main.py:154 - Fermeture de l'application (code: 0)
2026-02-19 04:39:30 - nexa - INFO - main.py:19 - ============================================================
2026-02-19 04:39:30 - nexa - INFO - main.py:20 - Démarrage de Nexa CRM
2026-02-19 04:39:30 - nexa - INFO - main.py:21 - ============================================================
2026-02-19 04:39:31 - nexa - INFO - main.py:48 - Initialisation de QApplication...
2026-02-19 04:39:32 - nexa - INFO - main.py:78 - Création de la fenêtre principale...
2026-02-19 04:39:32 - nexa - INFO - main.py:82 - Création des vues d'onglets...
2026-02-19 04:39:35 - nexa - INFO - main.py:100 - Configuration des onglets...
2026-02-19 04:39:35 - nexa - INFO - main.py:145 - Affichage de la fenêtre principale...
2026-02-19 04:39:36 - nexa - INFO - main.py:151 - Interface chargée, en attente d'interactions utilisateur
2026-02-19 04:39:59 - nexa - INFO - main.py:154 - Fermeture de l'application (code: 0)
2026-02-19 04:40:02 - nexa - INFO - main.py:19 - ============================================================
2026-02-19 04:40:02 - nexa - INFO - main.py:20 - Démarrage de Nexa CRM
2026-02-19 04:40:02 - nexa - INFO - main.py:21 - ============================================================
2026-02-19 04:40:03 - nexa - INFO - main.py:48 - Initialisation de QApplication...
2026-02-19 04:40:04 - nexa - INFO - main.py:78 - Création de la fenêtre principale...
2026-02-19 04:40:04 - nexa - INFO - main.py:82 - Création des vues d'onglets...
2026-02-19 04:40:06 - nexa - INFO - main.py:100 - Configuration des onglets...
2026-02-19 04:40:06 - nexa - INFO - main.py:145 - Affichage de la fenêtre principale...
2026-02-19 04:40:06 - nexa - INFO - main.py:151 - Interface chargée, en attente d'interactions utilisateur
2026-02-19 04:40:22 - nexa - INFO - main.py:154 - Fermeture de l'application (code: 0)
2026-02-19 04:40:27 - nexa - INFO - main.py:19 - ============================================================
2026-02-19 04:40:27 - nexa - INFO - main.py:20 - Démarrage de Nexa CRM
2026-02-19 04:40:27 - nexa - INFO - main.py:21 - ============================================================
2026-02-19 04:40:28 - nexa - INFO - main.py:48 - Initialisation de QApplication...
2026-02-19 04:40:28 - nexa - INFO - main.py:78 - Création de la fenêtre principale...
2026-02-19 04:40:28 - nexa - INFO - main.py:82 - Création des vues d'onglets...
2026-02-19 04:40:32 - nexa - INFO - main.py:100 - Configuration des onglets...
2026-02-19 04:40:33 - nexa - INFO - main.py:145 - Affichage de la fenêtre principale...
2026-02-19 04:40:33 - nexa - INFO - main.py:151 - Interface chargée, en attente d'interactions utilisateur
2026-02-19 04:42:00 - nexa - INFO - main.py:154 - Fermeture de l'application (code: 0)
2026-02-19 04:42:05 - nexa - INFO - main.py:19 - ============================================================
2026-02-19 04:42:05 - nexa - INFO - main.py:20 - Démarrage de Nexa CRM
2026-02-19 04:42:05 - nexa - INFO - main.py:21 - ============================================================
2026-02-19 04:42:06 - nexa - INFO - main.py:48 - Initialisation de QApplication...
2026-02-19 04:42:06 - nexa - INFO - main.py:78 - Création de la fenêtre principale...
2026-02-19 04:42:06 - nexa - INFO - main.py:82 - Création des vues d'onglets...
2026-02-19 04:42:10 - nexa - INFO - main.py:100 - Configuration des onglets...
2026-02-19 04:42:10 - nexa - INFO - main.py:145 - Affichage de la fenêtre principale...
2026-02-19 04:42:10 - nexa - INFO - main.py:151 - Interface chargée, en attente d'interactions utilisateur
2026-02-19 04:43:14 - nexa - INFO - main.py:154 - Fermeture de l'application (code: 0)
2026-02-19 04:43:22 - nexa - INFO - main.py:19 - ============================================================
2026-02-19 04:43:22 - nexa - INFO - main.py:20 - Démarrage de Nexa CRM
2026-02-19 04:43:22 - nexa - INFO - main.py:21 - ============================================================
2026-02-19 04:43:23 - nexa - INFO - main.py:48 - Initialisation de QApplication...
2026-02-19 04:43:23 - nexa - INFO - main.py:78 - Création de la fenêtre principale...
2026-02-19 04:43:23 - nexa - INFO - main.py:82 - Création des vues d'onglets...
2026-02-19 04:43:26 - nexa - INFO - main.py:100 - Configuration des onglets...
2026-02-19 04:43:27 - nexa - INFO - main.py:145 - Affichage de la fenêtre principale...
2026-02-19 04:43:27 - nexa - INFO - main.py:151 - Interface chargée, en attente d'interactions utilisateur
2026-02-19 04:44:04 - nexa - INFO - main.py:154 - Fermeture de l'application (code: 0)
2026-02-19 04:44:11 - nexa - INFO - main.py:19 - ============================================================
2026-02-19 04:44:11 - nexa - INFO - main.py:20 - Démarrage de Nexa CRM
2026-02-19 04:44:11 - nexa - INFO - main.py:21 - ============================================================
2026-02-19 04:44:12 - nexa - INFO - main.py:48 - Initialisation de QApplication...
2026-02-19 04:44:12 - nexa - INFO - main.py:78 - Création de la fenêtre principale...
2026-02-19 04:44:12 - nexa - INFO - main.py:82 - Création des vues d'onglets...
2026-02-19 04:44:16 - nexa - INFO - main.py:100 - Configuration des onglets...
2026-02-19 04:44:16 - nexa - INFO - main.py:145 - Affichage de la fenêtre principale...
2026-02-19 04:44:16 - nexa - INFO - main.py:151 - Interface chargée, en attente d'interactions utilisateur
2026-02-19 04:47:03 - nexa - INFO - main.py:154 - Fermeture de l'application (code: 0)
2026-02-19 04:47:41 - nexa - INFO - main.py:19 - ============================================================
2026-02-19 04:47:41 - nexa - INFO - main.py:20 - Démarrage de Nexa CRM
2026-02-19 04:47:41 - nexa - INFO - main.py:21 - ============================================================
2026-02-19 04:47:42 - nexa - INFO - main.py:48 - Initialisation de QApplication...
2026-02-19 04:47:42 - nexa - INFO - main.py:78 - Création de la fenêtre principale...
2026-02-19 04:47:42 - nexa - INFO - main.py:82 - Création des vues d'onglets...
2026-02-19 04:47:46 - nexa - INFO - main.py:100 - Configuration des onglets...
2026-02-19 04:47:46 - nexa - INFO - main.py:145 - Affichage de la fenêtre principale...
2026-02-19 04:47:46 - nexa - INFO - main.py:151 - Interface chargée, en attente d'interactions utilisateur
2026-02-19 04:49:16 - nexa - INFO - main.py:154 - Fermeture de l'application (code: 0)
2026-02-19 04:49:21 - nexa - INFO - main.py:19 - ============================================================
2026-02-19 04:49:21 - nexa - INFO - main.py:20 - Démarrage de Nexa CRM
2026-02-19 04:49:21 - nexa - INFO - main.py:21 - ============================================================
2026-02-19 04:49:22 - nexa - INFO - main.py:48 - Initialisation de QApplication...
2026-02-19 04:49:22 - nexa - INFO - main.py:78 - Création de la fenêtre principale...
2026-02-19 04:49:22 - nexa - INFO - main.py:82 - Création des vues d'onglets...
2026-02-19 04:49:26 - nexa - INFO - main.py:100 - Configuration des onglets...
2026-02-19 04:49:26 - nexa - INFO - main.py:145 - Affichage de la fenêtre principale...
2026-02-19 04:49:26 - nexa - INFO - main.py:151 - Interface chargée, en attente d'interactions utilisateur
2026-02-19 04:50:45 - nexa - INFO - main.py:154 - Fermeture de l'application (code: 0)
2026-02-19 04:50:48 - nexa - INFO - main.py:19 - ============================================================
2026-02-19 04:50:48 - nexa - INFO - main.py:20 - Démarrage de Nexa CRM
2026-02-19 04:50:48 - nexa - INFO - main.py:21 - ============================================================
2026-02-19 04:50:49 - nexa - INFO - main.py:48 - Initialisation de QApplication...
2026-02-19 04:50:49 - nexa - INFO - main.py:78 - Création de la fenêtre principale...
2026-02-19 04:50:49 - nexa - INFO - main.py:82 - Création des vues d'onglets...
2026-02-19 04:50:53 - nexa - INFO - main.py:100 - Configuration des onglets...
2026-02-19 04:50:53 - nexa - INFO - main.py:145 - Affichage de la fenêtre principale...
2026-02-19 04:50:53 - nexa - INFO - main.py:151 - Interface chargée, en attente d'interactions utilisateur
2026-02-19 04:51:53 - nexa - INFO - main.py:154 - Fermeture de l'application (code: 0)
2026-02-19 04:51:58 - nexa - INFO - main.py:19 - ============================================================
2026-02-19 04:51:58 - nexa - INFO - main.py:20 - Démarrage de Nexa CRM
2026-02-19 04:51:58 - nexa - INFO - main.py:21 - ============================================================
2026-02-19 04:51:59 - nexa - INFO - main.py:48 - Initialisation de QApplication...
2026-02-19 04:51:59 - nexa - INFO - main.py:78 - Création de la fenêtre principale...
2026-02-19 04:51:59 - nexa - INFO - main.py:82 - Création des vues d'onglets...
2026-02-19 04:52:03 - nexa - INFO - main.py:100 - Configuration des onglets...
2026-02-19 04:52:03 - nexa - INFO - main.py:145 - Affichage de la fenêtre principale...
2026-02-19 04:52:03 - nexa - INFO - main.py:151 - Interface chargée, en attente d'interactions utilisateur
2026-02-19 04:52:41 - nexa - INFO - main.py:154 - Fermeture de l'application (code: 0)
2026-02-19 04:52:45 - nexa - INFO - main.py:19 - ============================================================
2026-02-19 04:52:45 - nexa - INFO - main.py:20 - Démarrage de Nexa CRM
2026-02-19 04:52:45 - nexa - INFO - main.py:21 - ============================================================
2026-02-19 04:52:46 - nexa - INFO - main.py:48 - Initialisation de QApplication...
2026-02-19 04:52:46 - nexa - INFO - main.py:78 - Création de la fenêtre principale...
2026-02-19 04:52:46 - nexa - INFO - main.py:82 - Création des vues d'onglets...
2026-02-19 04:52:50 - nexa - INFO - main.py:100 - Configuration des onglets...
2026-02-19 04:52:50 - nexa - INFO - main.py:145 - Affichage de la fenêtre principale...
2026-02-19 04:52:50 - nexa - INFO - main.py:151 - Interface chargée, en attente d'interactions utilisateur
2026-02-19 04:59:15 - nexa - INFO - main.py:154 - Fermeture de l'application (code: 0)
2026-02-19 04:59:19 - nexa - INFO - main.py:19 - ============================================================
2026-02-19 04:59:19 - nexa - INFO - main.py:20 - Démarrage de Nexa CRM
2026-02-19 04:59:19 - nexa - INFO - main.py:21 - ============================================================
2026-02-19 04:59:20 - nexa - INFO - main.py:48 - Initialisation de QApplication...
2026-02-19 04:59:21 - nexa - INFO - main.py:78 - Création de la fenêtre principale...
2026-02-19 04:59:21 - nexa - INFO - main.py:82 - Création des vues d'onglets...
2026-02-19 04:59:24 - nexa - INFO - main.py:100 - Configuration des onglets...
2026-02-19 04:59:25 - nexa - INFO - main.py:145 - Affichage de la fenêtre principale...
2026-02-19 04:59:25 - nexa - INFO - main.py:151 - Interface chargée, en attente d'interactions utilisateur
2026-02-19 05:00:06 - nexa - INFO - main.py:154 - Fermeture de l'application (code: 0)
2026-02-19 11:55:08 - nexa - INFO - main.py:19 - ============================================================
2026-02-19 11:55:08 - nexa - INFO - main.py:20 - Démarrage de Nexa CRM
2026-02-19 11:55:08 - nexa - INFO - main.py:21 - ============================================================
2026-02-19 11:55:10 - nexa - INFO - main.py:48 - Initialisation de QApplication...
2026-02-19 11:55:11 - nexa - INFO - main.py:78 - Création de la fenêtre principale...
2026-02-19 11:55:11 - nexa - INFO - main.py:82 - Création des vues d'onglets...
2026-02-19 11:55:15 - nexa - INFO - main.py:100 - Configuration des onglets...
2026-02-19 11:55:15 - nexa - INFO - main.py:145 - Affichage de la fenêtre principale...
2026-02-19 11:55:15 - nexa - INFO - main.py:151 - Interface chargée, en attente d'interactions utilisateur
2026-02-19 12:46:47 - nexa - INFO - main.py:154 - Fermeture de l'application (code: 0)
2026-02-19 13:23:18 - nexa - INFO - main.py:19 - ============================================================
2026-02-19 13:23:18 - nexa - INFO - main.py:20 - Démarrage de Nexa CRM
2026-02-19 13:23:18 - nexa - INFO - main.py:21 - ============================================================
2026-02-19 13:23:21 - nexa - INFO - main.py:48 - Initialisation de QApplication...
2026-02-19 13:23:22 - nexa - INFO - main.py:78 - Création de la fenêtre principale...
2026-02-19 13:23:22 - nexa - INFO - main.py:82 - Création des vues d'onglets...
2026-02-19 13:23:27 - nexa - INFO - main.py:100 - Configuration des onglets...
2026-02-19 13:23:27 - nexa - INFO - main.py:145 - Affichage de la fenêtre principale...
2026-02-19 13:23:27 - nexa - INFO - main.py:151 - Interface chargée, en attente d'interactions utilisateur
2026-02-19 13:29:22 - nexa - INFO - main.py:154 - Fermeture de l'application (code: 0)
2026-02-19 13:29:25 - nexa - INFO - main.py:19 - ============================================================
2026-02-19 13:29:25 - nexa - INFO - main.py:20 - Démarrage de Nexa CRM
2026-02-19 13:29:25 - nexa - INFO - main.py:21 - ============================================================
2026-02-19 13:29:26 - nexa - INFO - main.py:48 - Initialisation de QApplication...
2026-02-19 13:29:27 - nexa - INFO - main.py:78 - Création de la fenêtre principale...
2026-02-19 13:29:27 - nexa - INFO - main.py:82 - Création des vues d'onglets...
2026-02-19 13:29:31 - nexa - INFO - main.py:100 - Configuration des onglets...
2026-02-19 13:29:31 - nexa - INFO - main.py:145 - Affichage de la fenêtre principale...
2026-02-19 13:29:31 - nexa - INFO - main.py:151 - Interface chargée, en attente d'interactions utilisateur
2026-02-19 13:35:28 - nexa - INFO - main.py:154 - Fermeture de l'application (code: 0)
2026-02-19 13:35:44 - nexa - INFO - main.py:19 - ============================================================
2026-02-19 13:35:44 - nexa - INFO - main.py:20 - Démarrage de Nexa CRM
2026-02-19 13:35:44 - nexa - INFO - main.py:21 - ============================================================
2026-02-19 13:35:45 - nexa - INFO - main.py:48 - Initialisation de QApplication...
2026-02-19 13:35:46 - nexa - INFO - main.py:78 - Création de la fenêtre principale...
2026-02-19 13:35:46 - nexa - INFO - main.py:82 - Création des vues d'onglets...
2026-02-19 13:35:50 - nexa - INFO - main.py:100 - Configuration des onglets...
2026-02-19 13:35:50 - nexa - INFO - main.py:145 - Affichage de la fenêtre principale...
2026-02-19 13:35:50 - nexa - INFO - main.py:151 - Interface chargée, en attente d'interactions utilisateur
2026-02-19 13:40:24 - nexa - INFO - main.py:154 - Fermeture de l'application (code: 0)
2026-02-19 13:40:35 - nexa - INFO - main.py:19 - ============================================================
2026-02-19 13:40:35 - nexa - INFO - main.py:20 - Démarrage de Nexa CRM
2026-02-19 13:40:35 - nexa - INFO - main.py:21 - ============================================================
2026-02-19 13:40:36 - nexa - INFO - main.py:48 - Initialisation de QApplication...
2026-02-19 13:40:37 - nexa - INFO - main.py:78 - Création de la fenêtre principale...
2026-02-19 13:40:37 - nexa - INFO - main.py:82 - Création des vues d'onglets...
2026-02-19 13:40:41 - nexa - INFO - main.py:100 - Configuration des onglets...
2026-02-19 13:40:41 - nexa - INFO - main.py:145 - Affichage de la fenêtre principale...
2026-02-19 13:40:41 - nexa - INFO - main.py:151 - Interface chargée, en attente d'interactions utilisateur
2026-02-19 13:43:54 - nexa - INFO - main.py:154 - Fermeture de l'application (code: 0)
2026-02-19 13:44:26 - nexa - INFO - main.py:19 - ============================================================
2026-02-19 13:44:26 - nexa - INFO - main.py:20 - Démarrage de Nexa CRM
2026-02-19 13:44:26 - nexa - INFO - main.py:21 - ============================================================
2026-02-19 13:44:27 - nexa - INFO - main.py:48 - Initialisation de QApplication...
2026-02-19 13:44:27 - nexa - INFO - main.py:78 - Création de la fenêtre principale...
2026-02-19 13:44:27 - nexa - INFO - main.py:82 - Création des vues d'onglets...
2026-02-19 13:44:32 - nexa - INFO - main.py:100 - Configuration des onglets...
2026-02-19 13:44:32 - nexa - INFO - main.py:145 - Affichage de la fenêtre principale...
2026-02-19 13:44:32 - nexa - INFO - main.py:151 - Interface chargée, en attente d'interactions utilisateur
2026-02-19 13:45:16 - nexa - INFO - main.py:154 - Fermeture de l'application (code: 0)
2026-02-19 13:45:19 - nexa - INFO - main.py:19 - ============================================================
2026-02-19 13:45:19 - nexa - INFO - main.py:20 - Démarrage de Nexa CRM
2026-02-19 13:45:19 - nexa - INFO - main.py:21 - ============================================================
2026-02-19 13:45:21 - nexa - INFO - main.py:48 - Initialisation de QApplication...
2026-02-19 13:45:21 - nexa - INFO - main.py:78 - Création de la fenêtre principale...
2026-02-19 13:45:21 - nexa - INFO - main.py:82 - Création des vues d'onglets...
2026-02-19 13:45:24 - nexa - INFO - main.py:100 - Configuration des onglets...
2026-02-19 13:45:25 - nexa - INFO - main.py:145 - Affichage de la fenêtre principale...
2026-02-19 13:45:25 - nexa - INFO - main.py:151 - Interface chargée, en attente d'interactions utilisateur
2026-02-19 13:45:48 - nexa - INFO - main.py:154 - Fermeture de l'application (code: 0)
2026-02-19 13:45:51 - nexa - INFO - main.py:19 - ============================================================
2026-02-19 13:45:51 - nexa - INFO - main.py:20 - Démarrage de Nexa CRM
2026-02-19 13:45:51 - nexa - INFO - main.py:21 - ============================================================
2026-02-19 13:45:52 - nexa - INFO - main.py:48 - Initialisation de QApplication...
2026-02-19 13:45:52 - nexa - INFO - main.py:78 - Création de la fenêtre principale...
2026-02-19 13:45:53 - nexa - INFO - main.py:82 - Création des vues d'onglets...
2026-02-19 13:45:56 - nexa - INFO - main.py:100 - Configuration des onglets...
2026-02-19 13:45:57 - nexa - INFO - main.py:145 - Affichage de la fenêtre principale...
2026-02-19 13:45:57 - nexa - INFO - main.py:151 - Interface chargée, en attente d'interactions utilisateur
2026-02-19 13:46:27 - nexa - INFO - main.py:154 - Fermeture de l'application (code: 0)
2026-02-19 13:46:29 - nexa - INFO - main.py:19 - ============================================================
2026-02-19 13:46:29 - nexa - INFO - main.py:20 - Démarrage de Nexa CRM
2026-02-19 13:46:29 - nexa - INFO - main.py:21 - ============================================================
2026-02-19 13:46:30 - nexa - INFO - main.py:48 - Initialisation de QApplication...
2026-02-19 13:46:30 - nexa - INFO - main.py:78 - Création de la fenêtre principale...
2026-02-19 13:46:30 - nexa - INFO - main.py:82 - Création des vues d'onglets...
2026-02-19 13:46:35 - nexa - INFO - main.py:100 - Configuration des onglets...
2026-02-19 13:46:35 - nexa - INFO - main.py:145 - Affichage de la fenêtre principale...
2026-02-19 13:46:35 - nexa - INFO - main.py:151 - Interface chargée, en attente d'interactions utilisateur
2026-02-19 13:47:11 - nexa - INFO - main.py:154 - Fermeture de l'application (code: 0)
2026-02-19 13:47:14 - nexa - INFO - main.py:19 - ============================================================
2026-02-19 13:47:14 - nexa - INFO - main.py:20 - Démarrage de Nexa CRM
2026-02-19 13:47:14 - nexa - INFO - main.py:21 - ============================================================
2026-02-19 13:47:15 - nexa - INFO - main.py:48 - Initialisation de QApplication...
2026-02-19 13:47:15 - nexa - INFO - main.py:78 - Création de la fenêtre principale...
2026-02-19 13:47:15 - nexa - INFO - main.py:82 - Création des vues d'onglets...
2026-02-19 13:47:19 - nexa - INFO - main.py:100 - Configuration des onglets...
2026-02-19 13:47:19 - nexa - INFO - main.py:145 - Affichage de la fenêtre principale...
2026-02-19 13:47:19 - nexa - INFO - main.py:151 - Interface chargée, en attente d'interactions utilisateur
2026-02-19 13:47:43 - nexa - INFO - main.py:154 - Fermeture de l'application (code: 0)
2026-02-19 13:55:48 - nexa - INFO - main.py:19 - ============================================================
2026-02-19 13:55:48 - nexa - INFO - main.py:20 - Démarrage de Nexa CRM
2026-02-19 13:55:48 - nexa - INFO - main.py:21 - ============================================================
2026-02-19 13:55:51 - nexa - INFO - main.py:48 - Initialisation de QApplication...
2026-02-19 13:55:51 - nexa - INFO - main.py:78 - Création de la fenêtre principale...
2026-02-19 13:55:51 - nexa - INFO - main.py:82 - Création des vues d'onglets...
2026-02-19 13:55:57 - nexa - INFO - main.py:100 - Configuration des onglets...
2026-02-19 13:55:57 - nexa - INFO - main.py:145 - Affichage de la fenêtre principale...
2026-02-19 13:55:57 - nexa - INFO - main.py:151 - Interface chargée, en attente d'interactions utilisateur
2026-02-19 13:57:50 - nexa - INFO - main.py:154 - Fermeture de l'application (code: 0)
2026-02-19 14:12:44 - nexa - INFO - main.py:19 - ============================================================
2026-02-19 14:12:44 - nexa - INFO - main.py:20 - Démarrage de Nexa CRM
2026-02-19 14:12:44 - nexa - INFO - main.py:21 - ============================================================
2026-02-19 14:12:47 - nexa - INFO - main.py:48 - Initialisation de QApplication...
2026-02-19 14:12:47 - nexa - INFO - main.py:78 - Création de la fenêtre principale...
2026-02-19 14:12:47 - nexa - INFO - main.py:82 - Création des vues d'onglets...
2026-02-19 14:12:52 - nexa - INFO - main.py:100 - Configuration des onglets...
2026-02-19 14:12:52 - nexa - INFO - main.py:145 - Affichage de la fenêtre principale...
2026-02-19 14:12:53 - nexa - INFO - main.py:151 - Interface chargée, en attente d'interactions utilisateur
2026-02-19 14:19:54 - nexa - INFO - main.py:154 - Fermeture de l'application (code: 0)
2026-02-19 14:19:57 - nexa - INFO - main.py:19 - ============================================================
2026-02-19 14:19:57 - nexa - INFO - main.py:20 - Démarrage de Nexa CRM
2026-02-19 14:19:57 - nexa - INFO - main.py:21 - ============================================================
2026-02-19 14:19:58 - nexa - INFO - main.py:48 - Initialisation de QApplication...
2026-02-19 14:19:59 - nexa - INFO - main.py:78 - Création de la fenêtre principale...
2026-02-19 14:19:59 - nexa - CRITICAL - main.py:158 - Erreur fatale au démarrage : 'MainWindow' object has no attribute '_construire_interface'
Traceback (most recent call last):
  File "/Users/CreepySensei/Desktop/Dev/Nexa/app/main.py", line 79, in main
    fenetre = MainWindow()
  File "/Users/CreepySensei/Desktop/Dev/Nexa/app/views/main_window.py", line 249, in __init__
    self._construire_interface()
AttributeError: 'MainWindow' object has no attribute '_construire_interface'
2026-02-19 14:22:19 - nexa - INFO - main.py:19 - ============================================================
2026-02-19 14:22:19 - nexa - INFO - main.py:20 - Démarrage de Nexa CRM
2026-02-19 14:22:19 - nexa - INFO - main.py:21 - ============================================================
2026-02-19 14:22:22 - nexa - INFO - main.py:48 - Initialisation de QApplication...
2026-02-19 14:22:22 - nexa - INFO - main.py:78 - Création de la fenêtre principale...
2026-02-19 14:22:22 - nexa - CRITICAL - main.py:158 - Erreur fatale au démarrage : name 'QSplitter' is not defined
Traceback (most recent call last):
  File "/Users/CreepySensei/Desktop/Dev/Nexa/app/main.py", line 79, in main
    fenetre = MainWindow()
  File "/Users/CreepySensei/Desktop/Dev/Nexa/app/views/main_window.py", line 249, in __init__
    self.construireinterface()
  File "/Users/CreepySensei/Desktop/Dev/Nexa/app/views/main_window.py", line 283, in construireinterface
    self.splitter = QSplitter(Qt.Horizontal)
NameError: name 'QSplitter' is not defined
2026-02-19 14:23:25 - nexa - INFO - main.py:19 - ============================================================
2026-02-19 14:23:25 - nexa - INFO - main.py:20 - Démarrage de Nexa CRM
2026-02-19 14:23:25 - nexa - INFO - main.py:21 - ============================================================
2026-02-19 14:23:26 - nexa - INFO - main.py:48 - Initialisation de QApplication...
2026-02-19 14:23:26 - nexa - INFO - main.py:78 - Création de la fenêtre principale...
2026-02-19 14:23:26 - nexa - CRITICAL - main.py:158 - Erreur fatale au démarrage : 'MainWindow' object has no attribute 'creersidebar'
Traceback (most recent call last):
  File "/Users/CreepySensei/Desktop/Dev/Nexa/app/main.py", line 79, in main
    fenetre = MainWindow()
  File "/Users/CreepySensei/Desktop/Dev/Nexa/app/views/main_window.py", line 250, in __init__
    self.construireinterface()
  File "/Users/CreepySensei/Desktop/Dev/Nexa/app/views/main_window.py", line 285, in construireinterface
    self.sidebar = self.creersidebar()
AttributeError: 'MainWindow' object has no attribute 'creersidebar'
2026-02-19 14:24:33 - nexa - INFO - main.py:19 - ============================================================
2026-02-19 14:24:33 - nexa - INFO - main.py:20 - Démarrage de Nexa CRM
2026-02-19 14:24:33 - nexa - INFO - main.py:21 - ============================================================
2026-02-19 14:24:34 - nexa - INFO - main.py:48 - Initialisation de QApplication...
2026-02-19 14:24:34 - nexa - INFO - main.py:78 - Création de la fenêtre principale...
2026-02-19 14:24:35 - nexa - CRITICAL - main.py:158 - Erreur fatale au démarrage : name 'NAVITEMS' is not defined
Traceback (most recent call last):
  File "/Users/CreepySensei/Desktop/Dev/Nexa/app/main.py", line 79, in main
    fenetre = MainWindow()
  File "/Users/CreepySensei/Desktop/Dev/Nexa/app/views/main_window.py", line 250, in __init__
    self.construireinterface()
  File "/Users/CreepySensei/Desktop/Dev/Nexa/app/views/main_window.py", line 297, in construireinterface
    for i, item in enumerate(NAVITEMS):
NameError: name 'NAVITEMS' is not defined
2026-02-19 14:26:49 - nexa - INFO - main.py:19 - ============================================================
2026-02-19 14:26:49 - nexa - INFO - main.py:20 - Démarrage de Nexa CRM
2026-02-19 14:26:49 - nexa - INFO - main.py:21 - ============================================================
2026-02-19 14:26:51 - nexa - INFO - main.py:48 - Initialisation de QApplication...
2026-02-19 14:26:52 - nexa - INFO - main.py:78 - Création de la fenêtre principale...
2026-02-19 14:26:52 - nexa - CRITICAL - main.py:158 - Erreur fatale au démarrage : name 'NAVITEMS' is not defined
Traceback (most recent call last):
  File "/Users/CreepySensei/Desktop/Dev/Nexa/app/main.py", line 79, in main
    fenetre = MainWindow()
  File "/Users/CreepySensei/Desktop/Dev/Nexa/app/views/main_window.py", line 250, in __init__
    self.construireinterface()
  File "/Users/CreepySensei/Desktop/Dev/Nexa/app/views/main_window.py", line 321, in construireinterface
    for i, item in enumerate(NAVITEMS):
NameError: name 'NAVITEMS' is not defined
2026-02-19 14:42:32 - nexa - INFO - main.py:19 - ============================================================
2026-02-19 14:42:32 - nexa - INFO - main.py:20 - Démarrage de Nexa CRM
2026-02-19 14:42:32 - nexa - INFO - main.py:21 - ============================================================
2026-02-19 14:42:35 - nexa - INFO - main.py:48 - Initialisation de QApplication...
2026-02-19 14:42:35 - nexa - INFO - main.py:78 - Création de la fenêtre principale...
2026-02-19 14:42:36 - nexa - CRITICAL - main.py:158 - Erreur fatale au démarrage : 'MainWindow' object has no attribute '_sidebar_etendue'
Traceback (most recent call last):
  File "/Users/CreepySensei/Desktop/Dev/Nexa/app/main.py", line 79, in main
    fenetre = MainWindow()
  File "/Users/CreepySensei/Desktop/Dev/Nexa/app/views/main_window.py", line 254, in __init__
    self.construireinterface()
  File "/Users/CreepySensei/Desktop/Dev/Nexa/app/views/main_window.py", line 316, in construireinterface
    self._changer_page(0)
  File "/Users/CreepySensei/Desktop/Dev/Nexa/app/views/main_window.py", line 545, in _changer_page
    self._mettre_a_jour_sidebar()
  File "/Users/CreepySensei/Desktop/Dev/Nexa/app/views/main_window.py", line 648, in _mettre_a_jour_sidebar
    if self._sidebar_etendue:
AttributeError: 'MainWindow' object has no attribute '_sidebar_etendue'
2026-02-19 14:44:03 - nexa - INFO - main.py:19 - ============================================================
2026-02-19 14:44:03 - nexa - INFO - main.py:20 - Démarrage de Nexa CRM
2026-02-19 14:44:03 - nexa - INFO - main.py:21 - ============================================================
2026-02-19 14:44:06 - nexa - INFO - main.py:48 - Initialisation de QApplication...
2026-02-19 14:44:06 - nexa - INFO - main.py:78 - Création de la fenêtre principale...
2026-02-19 14:44:07 - nexa - INFO - main.py:82 - Création des vues d'onglets...
2026-02-19 14:44:11 - nexa - INFO - main.py:100 - Configuration des onglets...
2026-02-19 14:44:11 - nexa - INFO - main.py:145 - Affichage de la fenêtre principale...
2026-02-19 14:44:12 - nexa - INFO - main.py:151 - Interface chargée, en attente d'interactions utilisateur
2026-02-19 14:51:18 - nexa - INFO - main.py:154 - Fermeture de l'application (code: 0)
2026-02-19 14:51:23 - nexa - INFO - main.py:19 - ============================================================
2026-02-19 14:51:23 - nexa - INFO - main.py:20 - Démarrage de Nexa CRM
2026-02-19 14:51:23 - nexa - INFO - main.py:21 - ============================================================
2026-02-19 14:51:24 - nexa - INFO - main.py:48 - Initialisation de QApplication...
2026-02-19 14:51:24 - nexa - INFO - main.py:78 - Création de la fenêtre principale...
2026-02-19 14:51:25 - nexa - INFO - main.py:82 - Création des vues d'onglets...
2026-02-19 14:51:29 - nexa - INFO - main.py:100 - Configuration des onglets...
2026-02-19 14:51:29 - nexa - INFO - main.py:145 - Affichage de la fenêtre principale...
2026-02-19 14:51:29 - nexa - INFO - main.py:151 - Interface chargée, en attente d'interactions utilisateur
2026-02-19 14:54:09 - nexa - INFO - main.py:154 - Fermeture de l'application (code: 0)
2026-02-19 14:54:26 - nexa - INFO - main.py:19 - ============================================================
2026-02-19 14:54:26 - nexa - INFO - main.py:20 - Démarrage de Nexa CRM
2026-02-19 14:54:26 - nexa - INFO - main.py:21 - ============================================================
2026-02-19 14:54:27 - nexa - INFO - main.py:48 - Initialisation de QApplication...
2026-02-19 14:54:27 - nexa - INFO - main.py:78 - Création de la fenêtre principale...
2026-02-19 14:54:28 - nexa - INFO - main.py:82 - Création des vues d'onglets...
2026-02-19 14:54:31 - nexa - INFO - main.py:100 - Configuration des onglets...
2026-02-19 14:54:32 - nexa - INFO - main.py:145 - Affichage de la fenêtre principale...
2026-02-19 14:54:32 - nexa - INFO - main.py:151 - Interface chargée, en attente d'interactions utilisateur
2026-02-19 14:56:22 - nexa - INFO - main.py:154 - Fermeture de l'application (code: 0)
2026-02-19 14:56:34 - nexa - INFO - main.py:19 - ============================================================
2026-02-19 14:56:34 - nexa - INFO - main.py:20 - Démarrage de Nexa CRM
2026-02-19 14:56:34 - nexa - INFO - main.py:21 - ============================================================
2026-02-19 14:56:36 - nexa - INFO - main.py:48 - Initialisation de QApplication...
2026-02-19 14:56:36 - nexa - INFO - main.py:78 - Création de la fenêtre principale...
2026-02-19 14:56:37 - nexa - INFO - main.py:82 - Création des vues d'onglets...
2026-02-19 14:56:40 - nexa - INFO - main.py:100 - Configuration des onglets...
2026-02-19 14:56:41 - nexa - INFO - main.py:145 - Affichage de la fenêtre principale...
2026-02-19 14:56:41 - nexa - INFO - main.py:151 - Interface chargée, en attente d'interactions utilisateur
2026-02-19 14:56:51 - nexa - INFO - main.py:154 - Fermeture de l'application (code: 0)
2026-02-19 15:00:45 - nexa - INFO - main.py:19 - ============================================================
2026-02-19 15:00:45 - nexa - INFO - main.py:20 - Démarrage de Nexa CRM
2026-02-19 15:00:45 - nexa - INFO - main.py:21 - ============================================================
2026-02-19 15:01:04 - nexa - INFO - main.py:19 - ============================================================
2026-02-19 15:01:04 - nexa - INFO - main.py:20 - Démarrage de Nexa CRM
2026-02-19 15:01:04 - nexa - INFO - main.py:21 - ============================================================
2026-02-19 15:01:06 - nexa - INFO - main.py:48 - Initialisation de QApplication...
2026-02-19 15:01:07 - nexa - INFO - main.py:78 - Création de la fenêtre principale...
2026-02-19 15:01:07 - nexa - INFO - main.py:82 - Création des vues d'onglets...
2026-02-19 15:01:11 - nexa - INFO - main.py:100 - Configuration des onglets...
2026-02-19 15:01:12 - nexa - INFO - main.py:145 - Affichage de la fenêtre principale...
2026-02-19 15:01:12 - nexa - INFO - main.py:151 - Interface chargée, en attente d'interactions utilisateur
2026-02-19 15:01:27 - nexa - INFO - main.py:154 - Fermeture de l'application (code: 0)
2026-02-19 15:02:18 - nexa - INFO - main.py:19 - ============================================================
2026-02-19 15:02:18 - nexa - INFO - main.py:20 - Démarrage de Nexa CRM
2026-02-19 15:02:18 - nexa - INFO - main.py:21 - ============================================================
2026-02-19 15:02:19 - nexa - INFO - main.py:48 - Initialisation de QApplication...
2026-02-19 15:02:19 - nexa - INFO - main.py:78 - Création de la fenêtre principale...
2026-02-19 15:02:19 - nexa - INFO - main.py:82 - Création des vues d'onglets...
2026-02-19 15:02:23 - nexa - INFO - main.py:100 - Configuration des onglets...
2026-02-19 15:02:23 - nexa - INFO - main.py:145 - Affichage de la fenêtre principale...
2026-02-19 15:02:23 - nexa - INFO - main.py:151 - Interface chargée, en attente d'interactions utilisateur
2026-02-19 15:02:30 - nexa - INFO - main.py:154 - Fermeture de l'application (code: 0)
2026-02-19 15:03:39 - nexa - INFO - main.py:19 - ============================================================
2026-02-19 15:03:39 - nexa - INFO - main.py:20 - Démarrage de Nexa CRM
2026-02-19 15:03:39 - nexa - INFO - main.py:21 - ============================================================
2026-02-19 15:03:40 - nexa - INFO - main.py:48 - Initialisation de QApplication...
2026-02-19 15:03:40 - nexa - INFO - main.py:78 - Création de la fenêtre principale...
2026-02-19 15:03:40 - nexa - INFO - main.py:82 - Création des vues d'onglets...
2026-02-19 15:03:44 - nexa - INFO - main.py:100 - Configuration des onglets...
2026-02-19 15:03:44 - nexa - INFO - main.py:145 - Affichage de la fenêtre principale...
2026-02-19 15:03:45 - nexa - INFO - main.py:151 - Interface chargée, en attente d'interactions utilisateur
2026-02-19 15:03:54 - nexa - INFO - main.py:154 - Fermeture de l'application (code: 0)
2026-02-19 15:04:34 - nexa - INFO - main.py:19 - ============================================================
2026-02-19 15:04:34 - nexa - INFO - main.py:20 - Démarrage de Nexa CRM
2026-02-19 15:04:34 - nexa - INFO - main.py:21 - ============================================================
2026-02-19 15:04:35 - nexa - INFO - main.py:48 - Initialisation de QApplication...
2026-02-19 15:04:35 - nexa - INFO - main.py:78 - Création de la fenêtre principale...
2026-02-19 15:04:35 - nexa - INFO - main.py:82 - Création des vues d'onglets...
2026-02-19 15:04:39 - nexa - INFO - main.py:100 - Configuration des onglets...
2026-02-19 15:04:39 - nexa - INFO - main.py:145 - Affichage de la fenêtre principale...
2026-02-19 15:04:39 - nexa - INFO - main.py:151 - Interface chargée, en attente d'interactions utilisateur
2026-02-19 15:04:55 - nexa - INFO - main.py:154 - Fermeture de l'application (code: 0)
2026-02-19 15:06:42 - nexa - INFO - main.py:19 - ============================================================
2026-02-19 15:06:42 - nexa - INFO - main.py:20 - Démarrage de Nexa CRM
2026-02-19 15:06:42 - nexa - INFO - main.py:21 - ============================================================
2026-02-19 15:06:42 - nexa - INFO - main.py:48 - Initialisation de QApplication...
2026-02-19 15:06:43 - nexa - INFO - main.py:78 - Création de la fenêtre principale...
2026-02-19 15:06:43 - nexa - INFO - main.py:82 - Création des vues d'onglets...
2026-02-19 15:06:46 - nexa - INFO - main.py:100 - Configuration des onglets...
2026-02-19 15:06:46 - nexa - INFO - main.py:145 - Affichage de la fenêtre principale...
2026-02-19 15:06:47 - nexa - INFO - main.py:151 - Interface chargée, en attente d'interactions utilisateur
2026-02-19 15:09:24 - nexa - INFO - main.py:154 - Fermeture de l'application (code: 0)
2026-02-19 15:09:36 - nexa - INFO - main.py:19 - ============================================================
2026-02-19 15:09:36 - nexa - INFO - main.py:20 - Démarrage de Nexa CRM
2026-02-19 15:09:36 - nexa - INFO - main.py:21 - ============================================================
2026-02-19 15:09:37 - nexa - INFO - main.py:48 - Initialisation de QApplication...
2026-02-19 15:09:37 - nexa - INFO - main.py:78 - Création de la fenêtre principale...
2026-02-19 15:09:38 - nexa - INFO - main.py:82 - Création des vues d'onglets...
2026-02-19 15:09:41 - nexa - INFO - main.py:100 - Configuration des onglets...
2026-02-19 15:09:41 - nexa - INFO - main.py:145 - Affichage de la fenêtre principale...
2026-02-19 15:09:41 - nexa - INFO - main.py:151 - Interface chargée, en attente d'interactions utilisateur
2026-02-19 15:09:56 - nexa - INFO - main.py:154 - Fermeture de l'application (code: 0)
2026-02-19 15:09:59 - nexa - INFO - main.py:19 - ============================================================
2026-02-19 15:09:59 - nexa - INFO - main.py:20 - Démarrage de Nexa CRM
2026-02-19 15:09:59 - nexa - INFO - main.py:21 - ============================================================
2026-02-19 15:10:00 - nexa - INFO - main.py:48 - Initialisation de QApplication...
2026-02-19 15:10:00 - nexa - INFO - main.py:78 - Création de la fenêtre principale...
2026-02-19 15:10:00 - nexa - INFO - main.py:82 - Création des vues d'onglets...
2026-02-19 15:10:03 - nexa - INFO - main.py:100 - Configuration des onglets...
2026-02-19 15:10:03 - nexa - INFO - main.py:145 - Affichage de la fenêtre principale...
2026-02-19 15:10:04 - nexa - INFO - main.py:151 - Interface chargée, en attente d'interactions utilisateur
2026-02-19 15:10:36 - nexa - INFO - main.py:154 - Fermeture de l'application (code: 0)
2026-02-19 15:10:40 - nexa - INFO - main.py:19 - ============================================================
2026-02-19 15:10:40 - nexa - INFO - main.py:20 - Démarrage de Nexa CRM
2026-02-19 15:10:40 - nexa - INFO - main.py:21 - ============================================================
2026-02-19 15:10:41 - nexa - INFO - main.py:48 - Initialisation de QApplication...
2026-02-19 15:10:42 - nexa - INFO - main.py:78 - Création de la fenêtre principale...
2026-02-19 15:10:42 - nexa - INFO - main.py:82 - Création des vues d'onglets...
2026-02-19 15:10:45 - nexa - INFO - main.py:100 - Configuration des onglets...
2026-02-19 15:10:45 - nexa - INFO - main.py:145 - Affichage de la fenêtre principale...
2026-02-19 15:10:46 - nexa - INFO - main.py:151 - Interface chargée, en attente d'interactions utilisateur
2026-02-19 15:11:19 - nexa - INFO - main.py:154 - Fermeture de l'application (code: 0)
2026-02-19 15:11:25 - nexa - INFO - main.py:19 - ============================================================
2026-02-19 15:11:25 - nexa - INFO - main.py:20 - Démarrage de Nexa CRM
2026-02-19 15:11:25 - nexa - INFO - main.py:21 - ============================================================
2026-02-19 15:11:26 - nexa - INFO - main.py:48 - Initialisation de QApplication...
2026-02-19 15:11:26 - nexa - INFO - main.py:78 - Création de la fenêtre principale...
2026-02-19 15:11:26 - nexa - INFO - main.py:82 - Création des vues d'onglets...
2026-02-19 15:11:30 - nexa - INFO - main.py:100 - Configuration des onglets...
2026-02-19 15:11:30 - nexa - INFO - main.py:145 - Affichage de la fenêtre principale...
2026-02-19 15:11:30 - nexa - INFO - main.py:151 - Interface chargée, en attente d'interactions utilisateur
2026-02-19 15:11:57 - nexa - INFO - main.py:154 - Fermeture de l'application (code: 0)
2026-02-19 15:12:01 - nexa - INFO - main.py:19 - ============================================================
2026-02-19 15:12:01 - nexa - INFO - main.py:20 - Démarrage de Nexa CRM
2026-02-19 15:12:01 - nexa - INFO - main.py:21 - ============================================================
2026-02-19 15:12:02 - nexa - INFO - main.py:48 - Initialisation de QApplication...
2026-02-19 15:12:02 - nexa - INFO - main.py:78 - Création de la fenêtre principale...
2026-02-19 15:12:03 - nexa - INFO - main.py:82 - Création des vues d'onglets...
2026-02-19 15:12:06 - nexa - INFO - main.py:100 - Configuration des onglets...
2026-02-19 15:12:06 - nexa - INFO - main.py:145 - Affichage de la fenêtre principale...
2026-02-19 15:12:07 - nexa - INFO - main.py:151 - Interface chargée, en attente d'interactions utilisateur
2026-02-19 15:12:49 - nexa - INFO - main.py:154 - Fermeture de l'application (code: 0)
2026-02-19 15:12:55 - nexa - INFO - main.py:19 - ============================================================
2026-02-19 15:12:55 - nexa - INFO - main.py:20 - Démarrage de Nexa CRM
2026-02-19 15:12:55 - nexa - INFO - main.py:21 - ============================================================
2026-02-19 15:12:56 - nexa - INFO - main.py:48 - Initialisation de QApplication...
2026-02-19 15:12:56 - nexa - INFO - main.py:78 - Création de la fenêtre principale...
2026-02-19 15:12:57 - nexa - INFO - main.py:82 - Création des vues d'onglets...
2026-02-19 15:13:00 - nexa - INFO - main.py:100 - Configuration des onglets...
2026-02-19 15:13:01 - nexa - INFO - main.py:145 - Affichage de la fenêtre principale...
2026-02-19 15:13:01 - nexa - INFO - main.py:151 - Interface chargée, en attente d'interactions utilisateur
2026-02-19 15:13:24 - nexa - INFO - main.py:154 - Fermeture de l'application (code: 0)
2026-02-19 15:13:29 - nexa - INFO - main.py:19 - ============================================================
2026-02-19 15:13:29 - nexa - INFO - main.py:20 - Démarrage de Nexa CRM
2026-02-19 15:13:29 - nexa - INFO - main.py:21 - ============================================================
2026-02-19 15:13:30 - nexa - INFO - main.py:48 - Initialisation de QApplication...
2026-02-19 15:13:30 - nexa - INFO - main.py:78 - Création de la fenêtre principale...
2026-02-19 15:13:30 - nexa - INFO - main.py:82 - Création des vues d'onglets...
2026-02-19 15:13:33 - nexa - INFO - main.py:100 - Configuration des onglets...
2026-02-19 15:13:34 - nexa - INFO - main.py:145 - Affichage de la fenêtre principale...
2026-02-19 15:13:34 - nexa - INFO - main.py:151 - Interface chargée, en attente d'interactions utilisateur
2026-02-19 15:13:58 - nexa - INFO - main.py:154 - Fermeture de l'application (code: 0)
2026-02-19 15:14:00 - nexa - INFO - main.py:19 - ============================================================
2026-02-19 15:14:00 - nexa - INFO - main.py:20 - Démarrage de Nexa CRM
2026-02-19 15:14:00 - nexa - INFO - main.py:21 - ============================================================
2026-02-19 15:14:01 - nexa - INFO - main.py:48 - Initialisation de QApplication...
2026-02-19 15:14:01 - nexa - INFO - main.py:78 - Création de la fenêtre principale...
2026-02-19 15:14:01 - nexa - INFO - main.py:82 - Création des vues d'onglets...
2026-02-19 15:14:06 - nexa - INFO - main.py:100 - Configuration des onglets...
2026-02-19 15:14:06 - nexa - INFO - main.py:145 - Affichage de la fenêtre principale...
2026-02-19 15:14:06 - nexa - INFO - main.py:151 - Interface chargée, en attente d'interactions utilisateur
2026-02-19 19:55:27 - nexa - INFO - main.py:154 - Fermeture de l'application (code: 0)
2026-02-19 19:55:31 - nexa - INFO - main.py:19 - ============================================================
2026-02-19 19:55:32 - nexa - INFO - main.py:20 - Démarrage de Nexa CRM
2026-02-19 19:55:32 - nexa - INFO - main.py:21 - ============================================================
2026-02-19 19:55:33 - nexa - INFO - main.py:48 - Initialisation de QApplication...
2026-02-19 19:55:33 - nexa - INFO - main.py:78 - Création de la fenêtre principale...
2026-02-19 19:55:33 - nexa - CRITICAL - main.py:158 - Erreur fatale au démarrage : 'MainWindow' object has no attribute '_mettre_a_jour_sidebar'
Traceback (most recent call last):
  File "/Users/CreepySensei/Desktop/Dev/Nexa/app/main.py", line 79, in main
    fenetre = MainWindow()
  File "/Users/CreepySensei/Desktop/Dev/Nexa/app/views/main_window.py", line 305, in __init__
    self.construireinterface()
  File "/Users/CreepySensei/Desktop/Dev/Nexa/app/views/main_window.py", line 370, in construireinterface
    self._changer_page(0)
  File "/Users/CreepySensei/Desktop/Dev/Nexa/app/views/main_window.py", line 616, in _changer_page
    self._mettre_a_jour_sidebar()
AttributeError: 'MainWindow' object has no attribute '_mettre_a_jour_sidebar'
2026-02-19 20:17:24 - nexa - INFO - main.py:19 - ============================================================
2026-02-19 20:17:24 - nexa - INFO - main.py:20 - Démarrage de Nexa CRM
2026-02-19 20:17:24 - nexa - INFO - main.py:21 - ============================================================
2026-02-19 20:17:27 - nexa - INFO - main.py:48 - Initialisation de QApplication...
2026-02-19 20:17:27 - nexa - INFO - main.py:78 - Création de la fenêtre principale...
2026-02-19 20:17:28 - nexa - INFO - main.py:82 - Création des vues d'onglets...
2026-02-19 20:17:32 - nexa - INFO - main.py:100 - Configuration des onglets...
2026-02-19 20:17:32 - nexa - INFO - main.py:145 - Affichage de la fenêtre principale...
2026-02-19 20:17:32 - nexa - INFO - main.py:151 - Interface chargée, en attente d'interactions utilisateur
2026-02-19 20:49:01 - nexa - INFO - main.py:154 - Fermeture de l'application (code: 0)
2026-02-19 20:49:04 - nexa - INFO - main.py:19 - ============================================================
2026-02-19 20:49:04 - nexa - INFO - main.py:20 - Démarrage de Nexa CRM
2026-02-19 20:49:04 - nexa - INFO - main.py:21 - ============================================================
2026-02-19 20:49:05 - nexa - INFO - main.py:48 - Initialisation de QApplication...
2026-02-19 20:49:06 - nexa - INFO - main.py:78 - Création de la fenêtre principale...
2026-02-19 20:49:06 - nexa - INFO - main.py:82 - Création des vues d'onglets...
2026-02-19 20:49:10 - nexa - INFO - main.py:100 - Configuration des onglets...
2026-02-19 20:49:10 - nexa - INFO - main.py:145 - Affichage de la fenêtre principale...
2026-02-19 20:49:10 - nexa - INFO - main.py:151 - Interface chargée, en attente d'interactions utilisateur
2026-02-19 21:38:05 - nexa - INFO - main.py:154 - Fermeture de l'application (code: 0)
2026-02-19 21:40:07 - nexa - INFO - main.py:19 - ============================================================
2026-02-19 21:40:07 - nexa - INFO - main.py:20 - Démarrage de Nexa CRM
2026-02-19 21:40:07 - nexa - INFO - main.py:21 - ============================================================
2026-02-19 21:40:09 - nexa - INFO - main.py:48 - Initialisation de QApplication...
2026-02-19 21:40:10 - nexa - INFO - main.py:78 - Création de la fenêtre principale...
2026-02-19 21:40:10 - nexa - INFO - main.py:82 - Création des vues d'onglets...
2026-02-19 21:40:15 - nexa - INFO - main.py:100 - Configuration des onglets...
2026-02-19 21:40:15 - nexa - INFO - main.py:145 - Affichage de la fenêtre principale...
2026-02-19 21:40:15 - nexa - INFO - main.py:151 - Interface chargée, en attente d'interactions utilisateur
2026-02-20 00:25:17 - nexa - INFO - main.py:154 - Fermeture de l'application (code: 0)
