2026-03-01 01:12:32 - nexa - INFO - main.py:19 - ============================================================
2026-03-01 01:12:32 - nexa - INFO - main.py:20 - Démarrage de Nexa CRM
2026-03-01 01:12:32 - nexa - INFO - main.py:21 - ============================================================
2026-03-01 01:12:35 - nexa - INFO - main.py:49 - Initialisation de QApplication...
2026-03-01 01:12:36 - nexa - INFO - main.py:119 - Création de la fenêtre principale...
2026-03-01 01:12:38 - nexa - INFO - main.py:122 - Création des vues d'onglets...
2026-03-01 01:12:41 - nexa - INFO - main.py:139 - Configuration des onglets...
2026-03-01 01:12:41 - nexa - INFO - main.py:312 - Interface construite avec succès
2026-03-01 01:12:45 - nexa - INFO - main.py:325 - Fermeture de l'application (code: 0)
2026-03-01 01:12:50 - nexa - INFO - main.py:19 - ============================================================
2026-03-01 01:12:50 - nexa - INFO - main.py:20 - Démarrage de Nexa CRM
2026-03-01 01:12:50 - nexa - INFO - main.py:21 - ============================================================
2026-03-01 01:12:51 - nexa - INFO - main.py:49 - Initialisation de QApplication...
2026-03-01 01:12:52 - nexa - INFO - main.py:119 - Création de la fenêtre principale...
2026-03-01 01:12:52 - nexa - INFO - main.py:122 - Création des vues d'onglets...
2026-03-01 01:12:54 - nexa - INFO - main.py:139 - Configuration des onglets...
2026-03-01 01:12:56 - nexa - INFO - main.py:312 - Interface construite avec succès
2026-03-01 03:36:50 - nexa - INFO - main.py:325 - Fermeture de l'application (code: 0)
2026-03-01 04:02:43 - nexa - INFO - main.py:19 - ============================================================
2026-03-01 04:02:43 - nexa - INFO - main.py:20 - Démarrage de Nexa CRM
2026-03-01 04:02:43 - nexa - INFO - main.py:21 - ============================================================
2026-03-01 04:02:46 - nexa - INFO - main.py:49 - Initialisation de QApplication...
2026-03-01 04:02:47 - nexa - INFO - main.py:119 - Création de la fenêtre principale...
2026-03-01 04:02:48 - nexa - INFO - main.py:123 - Création des vues d'onglets...
2026-03-01 04:02:51 - nexa - INFO - main.py:149 - Configuration des onglets...
2026-03-01 04:02:52 - nexa - INFO - main.py:322 - Interface construite avec succès
2026-03-01 04:15:17 - nexa - INFO - main.py:336 - Fermeture de l'application (code: 0)
2026-03-01 13:32:48 - nexa - INFO - main.py:19 - ============================================================
2026-03-01 13:32:48 - nexa - INFO - main.py:20 - Démarrage de Nexa CRM
2026-03-01 13:32:48 - nexa - INFO - main.py:21 - ============================================================
2026-03-01 13:32:51 - nexa - INFO - main.py:49 - Initialisation de QApplication...
2026-03-01 13:32:52 - nexa - INFO - main.py:144 - Construction fenetre (1/17)...
2026-03-01 13:32:53 - nexa - INFO - main.py:144 - Construction vue_client (2/17)...
2026-03-01 13:32:54 - nexa - INFO - main.py:144 - Construction vue_vente (3/17)...
2026-03-01 13:32:54 - nexa - INFO - main.py:144 - Construction vue_codes_promo_recherche (4/17)...
2026-03-01 13:32:54 - nexa - INFO - main.py:144 - Construction vue_codes_promo_creation (5/17)...
2026-03-01 13:32:55 - nexa - INFO - main.py:144 - Construction vue_aide (6/17)...
2026-03-01 13:32:55 - nexa - INFO - main.py:144 - Construction vue_statistiques (7/17)...
2026-03-01 13:32:55 - nexa - INFO - main.py:144 - Construction vue_calendrier (8/17)...
2026-03-01 13:32:56 - nexa - INFO - main.py:144 - Construction vue_produits (9/17)...
2026-03-01 13:32:56 - nexa - INFO - main.py:144 - Construction vue_parametres (10/17)...
2026-03-01 13:32:56 - nexa - INFO - main.py:144 - Construction vue_emailing (11/17)...
2026-03-01 13:32:56 - nexa - INFO - main.py:144 - Construction vue_boite_reception (12/17)...
2026-03-01 13:32:56 - nexa - INFO - main.py:144 - Construction vue_mails_enregistres (13/17)...
2026-03-01 13:32:56 - nexa - INFO - main.py:144 - Construction vue_historique_mails (14/17)...
2026-03-01 13:32:56 - nexa - INFO - main.py:144 - Construction vue_emails_unifie (15/17)...
2026-03-01 13:32:56 - nexa - INFO - main.py:144 - Construction vue_taches (16/17)...
2026-03-01 13:32:56 - nexa - INFO - main.py:144 - Construction vue_fiche_evenement (17/17)...
2026-03-01 13:32:56 - nexa - INFO - main.py:173 - Configuration des onglets...
2026-03-01 13:32:57 - nexa - INFO - main.py:343 - Interface construite avec succès
2026-03-01 13:33:00 - nexa - INFO - main.py:358 - Fermeture de l'application (code: 0)
2026-03-01 13:33:04 - nexa - INFO - main.py:19 - ============================================================
2026-03-01 13:33:04 - nexa - INFO - main.py:20 - Démarrage de Nexa CRM
2026-03-01 13:33:04 - nexa - INFO - main.py:21 - ============================================================
2026-03-01 13:33:06 - nexa - INFO - main.py:49 - Initialisation de QApplication...
2026-03-01 13:33:06 - nexa - INFO - main.py:144 - Construction fenetre (1/17)...
2026-03-01 13:33:06 - nexa - INFO - main.py:144 - Construction vue_client (2/17)...
2026-03-01 13:33:07 - nexa - INFO - main.py:144 - Construction vue_vente (3/17)...
2026-03-01 13:33:07 - nexa - INFO - main.py:144 - Construction vue_codes_promo_recherche (4/17)...
2026-03-01 13:33:07 - nexa - INFO - main.py:144 - Construction vue_codes_promo_creation (5/17)...
2026-03-01 13:33:07 - nexa - INFO - main.py:144 - Construction vue_aide (6/17)...
2026-03-01 13:33:07 - nexa - INFO - main.py:144 - Construction vue_statistiques (7/17)...
2026-03-01 13:33:07 - nexa - INFO - main.py:144 - Construction vue_calendrier (8/17)...
2026-03-01 13:33:07 - nexa - INFO - main.py:144 - Construction vue_produits (9/17)...
2026-03-01 13:33:08 - nexa - INFO - main.py:144 - Construction vue_parametres (10/17)...
2026-03-01 13:33:08 - nexa - INFO - main.py:144 - Construction vue_emailing (11/17)...
2026-03-01 13:33:08 - nexa - INFO - main.py:144 - Construction vue_boite_reception (12/17)...
2026-03-01 13:33:08 - nexa - INFO - main.py:144 - Construction vue_mails_enregistres (13/17)...
2026-03-01 13:33:08 - nexa - INFO - main.py:144 - Construction vue_historique_mails (14/17)...
2026-03-01 13:33:08 - nexa - INFO - main.py:144 - Construction vue_emails_unifie (15/17)...
2026-03-01 13:33:08 - nexa - INFO - main.py:144 - Construction vue_taches (16/17)...
2026-03-01 13:33:08 - nexa - INFO - main.py:144 - Construction vue_fiche_evenement (17/17)...
2026-03-01 13:33:08 - nexa - INFO - main.py:173 - Configuration des onglets...
2026-03-01 13:33:09 - nexa - INFO - main.py:343 - Interface construite avec succès
2026-03-01 13:33:14 - nexa - INFO - main.py:358 - Fermeture de l'application (code: 0)
2026-03-01 13:34:55 - nexa - INFO - main.py:19 - ============================================================
2026-03-01 13:34:55 - nexa - INFO - main.py:20 - Démarrage de Nexa CRM
2026-03-01 13:34:55 - nexa - INFO - main.py:21 - ============================================================
2026-03-01 13:34:55 - nexa - INFO - main.py:49 - Initialisation de QApplication...
2026-03-01 13:34:56 - nexa - INFO - main.py:144 - Construction fenetre (1/17)...
2026-03-01 13:34:56 - nexa - INFO - main.py:144 - Construction vue_client (2/17)...
2026-03-01 13:34:56 - nexa - INFO - main.py:144 - Construction vue_vente (3/17)...
2026-03-01 13:34:57 - nexa - INFO - main.py:144 - Construction vue_codes_promo_recherche (4/17)...
2026-03-01 13:34:57 - nexa - INFO - main.py:144 - Construction vue_codes_promo_creation (5/17)...
2026-03-01 13:34:57 - nexa - INFO - main.py:144 - Construction vue_aide (6/17)...
2026-03-01 13:34:57 - nexa - INFO - main.py:144 - Construction vue_statistiques (7/17)...
2026-03-01 13:34:57 - nexa - INFO - main.py:144 - Construction vue_calendrier (8/17)...
2026-03-01 13:34:57 - nexa - INFO - main.py:144 - Construction vue_produits (9/17)...
2026-03-01 13:34:58 - nexa - INFO - main.py:144 - Construction vue_parametres (10/17)...
2026-03-01 13:34:58 - nexa - INFO - main.py:144 - Construction vue_emailing (11/17)...
2026-03-01 13:34:58 - nexa - INFO - main.py:144 - Construction vue_boite_reception (12/17)...
2026-03-01 13:34:58 - nexa - INFO - main.py:144 - Construction vue_mails_enregistres (13/17)...
2026-03-01 13:34:58 - nexa - INFO - main.py:144 - Construction vue_historique_mails (14/17)...
2026-03-01 13:34:58 - nexa - INFO - main.py:144 - Construction vue_emails_unifie (15/17)...
2026-03-01 13:34:58 - nexa - INFO - main.py:144 - Construction vue_taches (16/17)...
2026-03-01 13:34:58 - nexa - INFO - main.py:144 - Construction vue_fiche_evenement (17/17)...
2026-03-01 13:34:58 - nexa - INFO - main.py:173 - Configuration des onglets...
2026-03-01 13:34:59 - nexa - INFO - main.py:343 - Interface construite avec succès
2026-03-01 14:51:13 - nexa - INFO - main.py:358 - Fermeture de l'application (code: 0)
2026-03-01 14:51:22 - nexa - INFO - main.py:19 - ============================================================
2026-03-01 14:51:22 - nexa - INFO - main.py:20 - Démarrage de Nexa CRM
2026-03-01 14:51:22 - nexa - INFO - main.py:21 - ============================================================
2026-03-01 14:51:23 - nexa - INFO - main.py:49 - Initialisation de QApplication...
2026-03-01 14:51:24 - nexa - INFO - main.py:155 - Construction fenetre (1/17)...
2026-03-01 14:51:25 - nexa - INFO - main.py:155 - Construction vue_client (2/17)...
2026-03-01 14:51:25 - nexa - INFO - main.py:155 - Construction vue_vente (3/17)...
2026-03-01 14:51:26 - nexa - INFO - main.py:155 - Construction vue_codes_promo_recherche (4/17)...
2026-03-01 14:51:26 - nexa - INFO - main.py:155 - Construction vue_codes_promo_creation (5/17)...
2026-03-01 14:51:26 - nexa - INFO - main.py:155 - Construction vue_aide (6/17)...
2026-03-01 14:51:26 - nexa - INFO - main.py:155 - Construction vue_statistiques (7/17)...
2026-03-01 14:51:26 - nexa - INFO - main.py:155 - Construction vue_calendrier (8/17)...
2026-03-01 14:51:27 - nexa - INFO - main.py:155 - Construction vue_produits (9/17)...
2026-03-01 14:51:27 - nexa - INFO - main.py:155 - Construction vue_parametres (10/17)...
2026-03-01 14:51:27 - nexa - INFO - main.py:155 - Construction vue_emailing (11/17)...
2026-03-01 14:51:27 - nexa - INFO - main.py:155 - Construction vue_boite_reception (12/17)...
2026-03-01 14:51:27 - nexa - INFO - main.py:155 - Construction vue_mails_enregistres (13/17)...
2026-03-01 14:51:27 - nexa - INFO - main.py:155 - Construction vue_historique_mails (14/17)...
2026-03-01 14:51:27 - nexa - INFO - main.py:155 - Construction vue_emails_unifie (15/17)...
2026-03-01 14:51:27 - nexa - INFO - main.py:155 - Construction vue_taches (16/17)...
2026-03-01 14:51:28 - nexa - INFO - main.py:155 - Construction vue_fiche_evenement (17/17)...
2026-03-01 14:51:28 - nexa - INFO - main.py:184 - Configuration des onglets...
2026-03-01 14:51:28 - nexa - INFO - main.py:342 - Interface construite avec succès
2026-03-01 14:51:59 - nexa - INFO - main.py:357 - Fermeture de l'application (code: 0)
2026-03-01 14:52:05 - nexa - INFO - main.py:19 - ============================================================
2026-03-01 14:52:05 - nexa - INFO - main.py:20 - Démarrage de Nexa CRM
2026-03-01 14:52:05 - nexa - INFO - main.py:21 - ============================================================
2026-03-01 14:52:06 - nexa - INFO - main.py:49 - Initialisation de QApplication...
2026-03-01 14:52:07 - nexa - INFO - main.py:155 - Construction fenetre (1/17)...
2026-03-01 14:52:07 - nexa - INFO - main.py:155 - Construction vue_client (2/17)...
2026-03-01 14:52:08 - nexa - INFO - main.py:155 - Construction vue_vente (3/17)...
2026-03-01 14:52:08 - nexa - INFO - main.py:155 - Construction vue_codes_promo_recherche (4/17)...
2026-03-01 14:52:08 - nexa - INFO - main.py:155 - Construction vue_codes_promo_creation (5/17)...
2026-03-01 14:52:09 - nexa - INFO - main.py:155 - Construction vue_aide (6/17)...
2026-03-01 14:52:09 - nexa - INFO - main.py:155 - Construction vue_statistiques (7/17)...
2026-03-01 14:52:09 - nexa - INFO - main.py:155 - Construction vue_calendrier (8/17)...
2026-03-01 14:52:10 - nexa - INFO - main.py:155 - Construction vue_produits (9/17)...
2026-03-01 14:52:10 - nexa - INFO - main.py:155 - Construction vue_parametres (10/17)...
2026-03-01 14:52:10 - nexa - INFO - main.py:155 - Construction vue_emailing (11/17)...
2026-03-01 14:52:10 - nexa - INFO - main.py:155 - Construction vue_boite_reception (12/17)...
2026-03-01 14:52:10 - nexa - INFO - main.py:155 - Construction vue_mails_enregistres (13/17)...
2026-03-01 14:52:10 - nexa - INFO - main.py:155 - Construction vue_historique_mails (14/17)...
2026-03-01 14:52:10 - nexa - INFO - main.py:155 - Construction vue_emails_unifie (15/17)...
2026-03-01 14:52:10 - nexa - INFO - main.py:155 - Construction vue_taches (16/17)...
2026-03-01 14:52:10 - nexa - INFO - main.py:155 - Construction vue_fiche_evenement (17/17)...
2026-03-01 14:52:10 - nexa - INFO - main.py:184 - Configuration des onglets...
2026-03-01 14:52:11 - nexa - INFO - main.py:342 - Interface construite avec succès
2026-03-01 14:52:21 - nexa - INFO - main.py:357 - Fermeture de l'application (code: 0)
2026-03-01 14:52:26 - nexa - INFO - main.py:19 - ============================================================
2026-03-01 14:52:26 - nexa - INFO - main.py:20 - Démarrage de Nexa CRM
2026-03-01 14:52:26 - nexa - INFO - main.py:21 - ============================================================
2026-03-01 14:52:27 - nexa - INFO - main.py:49 - Initialisation de QApplication...
2026-03-01 14:52:27 - nexa - INFO - main.py:155 - Construction fenetre (1/17)...
2026-03-01 14:52:28 - nexa - INFO - main.py:155 - Construction vue_client (2/17)...
2026-03-01 14:52:28 - nexa - INFO - main.py:155 - Construction vue_vente (3/17)...
2026-03-01 14:52:28 - nexa - INFO - main.py:155 - Construction vue_codes_promo_recherche (4/17)...
2026-03-01 14:52:29 - nexa - INFO - main.py:155 - Construction vue_codes_promo_creation (5/17)...
2026-03-01 14:52:29 - nexa - INFO - main.py:155 - Construction vue_aide (6/17)...
2026-03-01 14:52:29 - nexa - INFO - main.py:155 - Construction vue_statistiques (7/17)...
2026-03-01 14:52:29 - nexa - INFO - main.py:155 - Construction vue_calendrier (8/17)...
2026-03-01 14:52:30 - nexa - INFO - main.py:155 - Construction vue_produits (9/17)...
2026-03-01 14:52:30 - nexa - INFO - main.py:155 - Construction vue_parametres (10/17)...
2026-03-01 14:52:30 - nexa - INFO - main.py:155 - Construction vue_emailing (11/17)...
2026-03-01 14:52:30 - nexa - INFO - main.py:155 - Construction vue_boite_reception (12/17)...
2026-03-01 14:52:30 - nexa - INFO - main.py:155 - Construction vue_mails_enregistres (13/17)...
2026-03-01 14:52:30 - nexa - INFO - main.py:155 - Construction vue_historique_mails (14/17)...
2026-03-01 14:52:30 - nexa - INFO - main.py:155 - Construction vue_emails_unifie (15/17)...
2026-03-01 14:52:30 - nexa - INFO - main.py:155 - Construction vue_taches (16/17)...
2026-03-01 14:52:31 - nexa - INFO - main.py:155 - Construction vue_fiche_evenement (17/17)...
2026-03-01 14:52:31 - nexa - INFO - main.py:184 - Configuration des onglets...
2026-03-01 14:52:31 - nexa - INFO - main.py:342 - Interface construite avec succès
2026-03-01 14:52:34 - nexa - INFO - main.py:357 - Fermeture de l'application (code: 0)
2026-03-01 14:53:58 - nexa - INFO - main.py:19 - ============================================================
2026-03-01 14:53:58 - nexa - INFO - main.py:20 - Démarrage de Nexa CRM
2026-03-01 14:53:58 - nexa - INFO - main.py:21 - ============================================================
2026-03-01 14:53:59 - nexa - INFO - main.py:49 - Initialisation de QApplication...
2026-03-01 14:53:59 - nexa - INFO - main.py:155 - Construction fenetre (1/17)...
2026-03-01 14:54:00 - nexa - INFO - main.py:155 - Construction vue_client (2/17)...
2026-03-01 14:54:00 - nexa - INFO - main.py:155 - Construction vue_vente (3/17)...
2026-03-01 14:54:00 - nexa - INFO - main.py:155 - Construction vue_codes_promo_recherche (4/17)...
2026-03-01 14:54:00 - nexa - INFO - main.py:155 - Construction vue_codes_promo_creation (5/17)...
2026-03-01 14:54:01 - nexa - INFO - main.py:155 - Construction vue_aide (6/17)...
2026-03-01 14:54:01 - nexa - INFO - main.py:155 - Construction vue_statistiques (7/17)...
2026-03-01 14:54:01 - nexa - INFO - main.py:155 - Construction vue_calendrier (8/17)...
2026-03-01 14:54:02 - nexa - INFO - main.py:155 - Construction vue_produits (9/17)...
2026-03-01 14:54:02 - nexa - INFO - main.py:155 - Construction vue_parametres (10/17)...
2026-03-01 14:54:02 - nexa - INFO - main.py:155 - Construction vue_emailing (11/17)...
2026-03-01 14:54:02 - nexa - INFO - main.py:155 - Construction vue_boite_reception (12/17)...
2026-03-01 14:54:02 - nexa - INFO - main.py:155 - Construction vue_mails_enregistres (13/17)...
2026-03-01 14:54:02 - nexa - INFO - main.py:155 - Construction vue_historique_mails (14/17)...
2026-03-01 14:54:02 - nexa - INFO - main.py:155 - Construction vue_emails_unifie (15/17)...
2026-03-01 14:54:02 - nexa - INFO - main.py:155 - Construction vue_taches (16/17)...
2026-03-01 14:54:02 - nexa - INFO - main.py:155 - Construction vue_fiche_evenement (17/17)...
2026-03-01 14:54:03 - nexa - INFO - main.py:184 - Configuration des onglets...
2026-03-01 14:54:03 - nexa - INFO - main.py:342 - Interface construite avec succès
2026-03-01 18:50:30 - nexa - INFO - main.py:357 - Fermeture de l'application (code: 0)
2026-03-01 18:50:46 - nexa - INFO - main.py:19 - ============================================================
2026-03-01 18:50:46 - nexa - INFO - main.py:20 - Démarrage de Nexa CRM
2026-03-01 18:50:46 - nexa - INFO - main.py:21 - ============================================================
2026-03-01 18:50:47 - nexa - INFO - main.py:57 - Initialisation de QApplication...
2026-03-01 18:50:48 - nexa - INFO - main.py:123 - Construction de l'interface...
2026-03-01 18:50:50 - nexa - INFO - main.py:142 - Configuration des onglets...
2026-03-01 18:50:51 - nexa - INFO - main.py:295 - Interface construite avec succès
2026-03-01 19:32:10 - nexa - INFO - main.py:308 - Fermeture de l'application (code: 0)
2026-03-01 19:34:10 - nexa - INFO - main.py:19 - ============================================================
2026-03-01 19:34:10 - nexa - INFO - main.py:20 - Démarrage de Nexa CRM
2026-03-01 19:34:10 - nexa - INFO - main.py:21 - ============================================================
2026-03-01 19:34:13 - nexa - INFO - main.py:57 - Initialisation de QApplication...
2026-03-01 19:34:14 - nexa - INFO - main.py:123 - Construction de l'interface...
2026-03-01 19:34:17 - nexa - INFO - main.py:142 - Configuration des onglets...
2026-03-01 19:34:18 - nexa - INFO - main.py:295 - Interface construite avec succès
2026-03-01 19:34:24 - nexa - INFO - main.py:308 - Fermeture de l'application (code: 0)
2026-03-01 19:34:30 - nexa - INFO - main.py:19 - ============================================================
2026-03-01 19:34:30 - nexa - INFO - main.py:20 - Démarrage de Nexa CRM
2026-03-01 19:34:30 - nexa - INFO - main.py:21 - ============================================================
2026-03-01 19:34:32 - nexa - INFO - main.py:57 - Initialisation de QApplication...
2026-03-01 19:34:32 - nexa - INFO - main.py:123 - Construction de l'interface...
2026-03-01 19:34:35 - nexa - INFO - main.py:142 - Configuration des onglets...
2026-03-01 19:34:35 - nexa - INFO - main.py:295 - Interface construite avec succès
2026-03-01 20:55:03 - nexa - INFO - main.py:308 - Fermeture de l'application (code: 0)
