2026-03-02 02:12:47 - nexa - INFO - main.py:19 - ============================================================
2026-03-02 02:12:47 - nexa - INFO - main.py:20 - Démarrage de Nexa CRM
2026-03-02 02:12:47 - nexa - INFO - main.py:21 - ============================================================
2026-03-02 02:14:27 - nexa - INFO - main.py:19 - ============================================================
2026-03-02 02:14:27 - nexa - INFO - main.py:20 - Démarrage de Nexa CRM
2026-03-02 02:14:27 - nexa - INFO - main.py:21 - ============================================================
2026-03-02 02:18:34 - nexa - INFO - main.py:19 - ============================================================
2026-03-02 02:18:34 - nexa - INFO - main.py:20 - Démarrage de Nexa CRM
2026-03-02 02:18:34 - nexa - INFO - main.py:21 - ============================================================
2026-03-02 02:19:02 - nexa - INFO - main.py:19 - ============================================================
2026-03-02 02:19:02 - nexa - INFO - main.py:20 - Démarrage de Nexa CRM
2026-03-02 02:19:02 - nexa - INFO - main.py:21 - ============================================================
2026-03-02 02:19:06 - nexa - INFO - main.py:57 - Initialisation de QApplication...
2026-03-02 02:19:08 - nexa - INFO - main.py:125 - Construction de l'interface...
2026-03-02 02:19:12 - nexa - INFO - main.py:144 - Configuration des onglets...
2026-03-02 02:19:13 - nexa - INFO - main.py:327 - Interface construite avec succès
2026-03-02 02:19:16 - nexa - INFO - main.py:340 - Fermeture de l'application (code: 0)
2026-03-02 02:19:20 - nexa - INFO - main.py:19 - ============================================================
2026-03-02 02:19:20 - nexa - INFO - main.py:20 - Démarrage de Nexa CRM
2026-03-02 02:19:20 - nexa - INFO - main.py:21 - ============================================================
2026-03-02 02:19:21 - nexa - INFO - main.py:57 - Initialisation de QApplication...
2026-03-02 02:19:22 - nexa - INFO - main.py:125 - Construction de l'interface...
2026-03-02 02:19:24 - nexa - INFO - main.py:144 - Configuration des onglets...
2026-03-02 02:19:25 - nexa - INFO - main.py:327 - Interface construite avec succès
2026-03-02 02:19:30 - nexa - INFO - main.py:340 - Fermeture de l'application (code: 0)
2026-03-02 02:19:36 - nexa - INFO - main.py:19 - ============================================================
2026-03-02 02:19:36 - nexa - INFO - main.py:20 - Démarrage de Nexa CRM
2026-03-02 02:19:36 - nexa - INFO - main.py:21 - ============================================================
2026-03-02 02:19:37 - nexa - INFO - main.py:57 - Initialisation de QApplication...
2026-03-02 02:19:38 - nexa - INFO - main.py:125 - Construction de l'interface...
2026-03-02 02:19:40 - nexa - INFO - main.py:144 - Configuration des onglets...
2026-03-02 02:19:40 - nexa - INFO - main.py:327 - Interface construite avec succès
2026-03-02 02:27:34 - nexa - INFO - main.py:340 - Fermeture de l'application (code: 0)
2026-03-02 02:27:42 - nexa - INFO - main.py:19 - ============================================================
2026-03-02 02:27:42 - nexa - INFO - main.py:20 - Démarrage de Nexa CRM
2026-03-02 02:27:42 - nexa - INFO - main.py:21 - ============================================================
2026-03-02 02:27:43 - nexa - INFO - main.py:57 - Initialisation de QApplication...
2026-03-02 02:27:44 - nexa - INFO - main.py:125 - Construction de l'interface...
2026-03-02 02:27:46 - nexa - INFO - main.py:144 - Configuration des onglets...
2026-03-02 02:27:47 - nexa - INFO - main.py:327 - Interface construite avec succès
2026-03-02 02:34:17 - nexa - INFO - main.py:340 - Fermeture de l'application (code: 0)
2026-03-02 02:34:24 - nexa - INFO - main.py:19 - ============================================================
2026-03-02 02:34:24 - nexa - INFO - main.py:20 - Démarrage de Nexa CRM
2026-03-02 02:34:24 - nexa - INFO - main.py:21 - ============================================================
2026-03-02 02:34:25 - nexa - INFO - main.py:57 - Initialisation de QApplication...
2026-03-02 02:34:26 - nexa - INFO - main.py:125 - Construction de l'interface...
2026-03-02 02:34:29 - nexa - INFO - main.py:144 - Configuration des onglets...
2026-03-02 02:34:29 - nexa - INFO - main.py:327 - Interface construite avec succès
2026-03-02 02:35:19 - nexa - INFO - main.py:340 - Fermeture de l'application (code: 0)
2026-03-02 02:35:34 - nexa - INFO - main.py:19 - ============================================================
2026-03-02 02:35:34 - nexa - INFO - main.py:20 - Démarrage de Nexa CRM
2026-03-02 02:35:34 - nexa - INFO - main.py:21 - ============================================================
2026-03-02 02:35:36 - nexa - INFO - main.py:57 - Initialisation de QApplication...
2026-03-02 02:35:36 - nexa - INFO - main.py:125 - Construction de l'interface...
2026-03-02 02:35:39 - nexa - INFO - main.py:144 - Configuration des onglets...
2026-03-02 02:35:39 - nexa - INFO - main.py:327 - Interface construite avec succès
2026-03-02 02:38:50 - nexa - INFO - main.py:340 - Fermeture de l'application (code: 0)
2026-03-02 02:38:57 - nexa - INFO - main.py:19 - ============================================================
2026-03-02 02:38:57 - nexa - INFO - main.py:20 - Démarrage de Nexa CRM
2026-03-02 02:38:57 - nexa - INFO - main.py:21 - ============================================================
2026-03-02 02:38:58 - nexa - INFO - main.py:57 - Initialisation de QApplication...
2026-03-02 02:38:59 - nexa - INFO - main.py:125 - Construction de l'interface...
2026-03-02 02:39:01 - nexa - INFO - main.py:144 - Configuration des onglets...
2026-03-02 02:39:02 - nexa - INFO - main.py:327 - Interface construite avec succès
2026-03-02 02:39:07 - nexa - INFO - main.py:340 - Fermeture de l'application (code: 0)
2026-03-02 02:39:12 - nexa - INFO - main.py:19 - ============================================================
2026-03-02 02:39:12 - nexa - INFO - main.py:20 - Démarrage de Nexa CRM
2026-03-02 02:39:12 - nexa - INFO - main.py:21 - ============================================================
2026-03-02 02:39:13 - nexa - INFO - main.py:57 - Initialisation de QApplication...
2026-03-02 02:39:14 - nexa - INFO - main.py:125 - Construction de l'interface...
2026-03-02 02:39:16 - nexa - INFO - main.py:144 - Configuration des onglets...
2026-03-02 02:39:16 - nexa - INFO - main.py:327 - Interface construite avec succès
2026-03-02 02:43:50 - nexa - INFO - main.py:340 - Fermeture de l'application (code: 0)
2026-03-02 02:43:55 - nexa - INFO - main.py:19 - ============================================================
2026-03-02 02:43:55 - nexa - INFO - main.py:20 - Démarrage de Nexa CRM
2026-03-02 02:43:55 - nexa - INFO - main.py:21 - ============================================================
2026-03-02 02:43:57 - nexa - INFO - main.py:57 - Initialisation de QApplication...
2026-03-02 02:43:57 - nexa - INFO - main.py:125 - Construction de l'interface...
2026-03-02 02:44:00 - nexa - INFO - main.py:144 - Configuration des onglets...
2026-03-02 02:44:00 - nexa - INFO - main.py:327 - Interface construite avec succès
2026-03-02 02:47:51 - nexa - INFO - main.py:340 - Fermeture de l'application (code: 0)
2026-03-02 02:48:00 - nexa - INFO - main.py:19 - ============================================================
2026-03-02 02:48:00 - nexa - INFO - main.py:20 - Démarrage de Nexa CRM
2026-03-02 02:48:00 - nexa - INFO - main.py:21 - ============================================================
2026-03-02 02:48:01 - nexa - INFO - main.py:57 - Initialisation de QApplication...
2026-03-02 02:48:02 - nexa - INFO - main.py:125 - Construction de l'interface...
2026-03-02 02:48:04 - nexa - INFO - main.py:144 - Configuration des onglets...
2026-03-02 02:48:05 - nexa - INFO - main.py:327 - Interface construite avec succès
2026-03-02 02:48:20 - nexa - INFO - main.py:340 - Fermeture de l'application (code: 0)
2026-03-02 02:48:26 - nexa - INFO - main.py:19 - ============================================================
2026-03-02 02:48:26 - nexa - INFO - main.py:20 - Démarrage de Nexa CRM
2026-03-02 02:48:26 - nexa - INFO - main.py:21 - ============================================================
2026-03-02 02:48:28 - nexa - INFO - main.py:57 - Initialisation de QApplication...
2026-03-02 02:48:28 - nexa - INFO - main.py:125 - Construction de l'interface...
2026-03-02 02:48:30 - nexa - INFO - main.py:144 - Configuration des onglets...
2026-03-02 02:48:31 - nexa - INFO - main.py:327 - Interface construite avec succès
2026-03-02 02:48:35 - nexa - INFO - main.py:340 - Fermeture de l'application (code: 0)
2026-03-02 02:48:39 - nexa - INFO - main.py:19 - ============================================================
2026-03-02 02:48:39 - nexa - INFO - main.py:20 - Démarrage de Nexa CRM
2026-03-02 02:48:39 - nexa - INFO - main.py:21 - ============================================================
2026-03-02 02:48:40 - nexa - INFO - main.py:57 - Initialisation de QApplication...
2026-03-02 02:48:40 - nexa - INFO - main.py:125 - Construction de l'interface...
2026-03-02 02:48:42 - nexa - INFO - main.py:144 - Configuration des onglets...
2026-03-02 02:48:43 - nexa - INFO - main.py:327 - Interface construite avec succès
2026-03-02 02:48:47 - nexa - INFO - main.py:340 - Fermeture de l'application (code: 0)
2026-03-02 02:48:54 - nexa - INFO - main.py:19 - ============================================================
2026-03-02 02:48:54 - nexa - INFO - main.py:20 - Démarrage de Nexa CRM
2026-03-02 02:48:54 - nexa - INFO - main.py:21 - ============================================================
2026-03-02 02:48:54 - nexa - INFO - main.py:57 - Initialisation de QApplication...
2026-03-02 02:48:55 - nexa - INFO - main.py:125 - Construction de l'interface...
2026-03-02 02:48:57 - nexa - INFO - main.py:144 - Configuration des onglets...
2026-03-02 02:48:57 - nexa - INFO - main.py:327 - Interface construite avec succès
2026-03-02 02:50:03 - nexa - INFO - main.py:340 - Fermeture de l'application (code: 0)
2026-03-02 02:50:10 - nexa - INFO - main.py:19 - ============================================================
2026-03-02 02:50:10 - nexa - INFO - main.py:20 - Démarrage de Nexa CRM
2026-03-02 02:50:10 - nexa - INFO - main.py:21 - ============================================================
2026-03-02 02:50:11 - nexa - INFO - main.py:57 - Initialisation de QApplication...
2026-03-02 02:50:12 - nexa - INFO - main.py:125 - Construction de l'interface...
2026-03-02 02:50:14 - nexa - INFO - main.py:144 - Configuration des onglets...
2026-03-02 02:50:15 - nexa - INFO - main.py:327 - Interface construite avec succès
2026-03-02 02:50:19 - nexa - INFO - main.py:340 - Fermeture de l'application (code: 0)
2026-03-02 02:50:26 - nexa - INFO - main.py:19 - ============================================================
2026-03-02 02:50:26 - nexa - INFO - main.py:20 - Démarrage de Nexa CRM
2026-03-02 02:50:26 - nexa - INFO - main.py:21 - ============================================================
2026-03-02 02:50:27 - nexa - INFO - main.py:57 - Initialisation de QApplication...
2026-03-02 02:50:27 - nexa - INFO - main.py:125 - Construction de l'interface...
2026-03-02 02:50:29 - nexa - INFO - main.py:144 - Configuration des onglets...
2026-03-02 02:50:30 - nexa - INFO - main.py:327 - Interface construite avec succès
2026-03-02 08:20:31 - nexa - INFO - main.py:340 - Fermeture de l'application (code: 0)
2026-03-02 08:20:38 - nexa - INFO - main.py:19 - ============================================================
2026-03-02 08:20:38 - nexa - INFO - main.py:20 - Démarrage de Nexa CRM
2026-03-02 08:20:38 - nexa - INFO - main.py:21 - ============================================================
2026-03-02 08:20:39 - nexa - INFO - main.py:57 - Initialisation de QApplication...
2026-03-02 08:20:40 - nexa - INFO - main.py:125 - Construction de l'interface...
2026-03-02 08:20:42 - nexa - INFO - main.py:144 - Configuration des onglets...
2026-03-02 08:20:43 - nexa - INFO - main.py:327 - Interface construite avec succès
2026-03-02 08:21:11 - nexa - INFO - main.py:340 - Fermeture de l'application (code: 0)
2026-03-02 08:23:57 - nexa - INFO - main.py:19 - ============================================================
2026-03-02 08:23:57 - nexa - INFO - main.py:20 - Démarrage de Nexa CRM
2026-03-02 08:23:57 - nexa - INFO - main.py:21 - ============================================================
2026-03-02 08:24:00 - nexa - INFO - main.py:57 - Initialisation de QApplication...
2026-03-02 08:24:00 - nexa - INFO - main.py:125 - Construction de l'interface...
2026-03-02 08:24:04 - nexa - INFO - main.py:144 - Configuration des onglets...
2026-03-02 08:24:05 - nexa - INFO - main.py:327 - Interface construite avec succès
2026-03-02 08:24:10 - nexa - INFO - main.py:340 - Fermeture de l'application (code: 0)
2026-03-02 09:59:26 - nexa - INFO - main.py:19 - ============================================================
2026-03-02 09:59:26 - nexa - INFO - main.py:20 - Démarrage de Nexa CRM
2026-03-02 09:59:26 - nexa - INFO - main.py:21 - ============================================================
2026-03-02 09:59:29 - nexa - INFO - main.py:57 - Initialisation de QApplication...
2026-03-02 09:59:30 - nexa - INFO - main.py:126 - Construction de l'interface...
2026-03-02 09:59:33 - nexa - INFO - main.py:145 - Configuration des onglets...
2026-03-02 09:59:34 - nexa - INFO - main.py:328 - Interface construite avec succès
2026-03-02 10:00:09 - nexa - INFO - main.py:341 - Fermeture de l'application (code: 0)
2026-03-02 10:00:16 - nexa - INFO - main.py:19 - ============================================================
2026-03-02 10:00:16 - nexa - INFO - main.py:20 - Démarrage de Nexa CRM
2026-03-02 10:00:16 - nexa - INFO - main.py:21 - ============================================================
2026-03-02 10:00:17 - nexa - INFO - main.py:57 - Initialisation de QApplication...
2026-03-02 10:00:18 - nexa - INFO - main.py:127 - Construction de l'interface...
2026-03-02 10:00:20 - nexa - INFO - main.py:146 - Configuration des onglets...
2026-03-02 10:00:21 - nexa - INFO - main.py:329 - Interface construite avec succès
2026-03-02 10:00:44 - nexa - INFO - main.py:342 - Fermeture de l'application (code: 0)
2026-03-02 10:03:42 - nexa - INFO - main.py:19 - ============================================================
2026-03-02 10:03:42 - nexa - INFO - main.py:20 - Démarrage de Nexa CRM
2026-03-02 10:03:42 - nexa - INFO - main.py:21 - ============================================================
2026-03-02 10:03:44 - nexa - INFO - main.py:57 - Initialisation de QApplication...
2026-03-02 10:03:45 - nexa - INFO - main.py:126 - Construction de l'interface...
2026-03-02 10:03:48 - nexa - INFO - main.py:145 - Configuration des onglets...
2026-03-02 10:03:49 - nexa - INFO - main.py:328 - Interface construite avec succès
2026-03-02 10:07:16 - nexa - INFO - main.py:341 - Fermeture de l'application (code: 0)
2026-03-02 10:08:04 - nexa - INFO - main.py:19 - ============================================================
2026-03-02 10:08:04 - nexa - INFO - main.py:20 - Démarrage de Nexa CRM
2026-03-02 10:08:04 - nexa - INFO - main.py:21 - ============================================================
2026-03-02 10:08:06 - nexa - INFO - main.py:57 - Initialisation de QApplication...
2026-03-02 10:08:06 - nexa - INFO - main.py:127 - Construction de l'interface...
2026-03-02 10:08:09 - nexa - INFO - main.py:146 - Configuration des onglets...
2026-03-02 10:08:09 - nexa - INFO - main.py:329 - Interface construite avec succès
2026-03-02 10:08:13 - nexa - INFO - main.py:342 - Fermeture de l'application (code: 0)
2026-03-02 10:31:23 - nexa - INFO - main.py:19 - ============================================================
2026-03-02 10:31:23 - nexa - INFO - main.py:20 - Démarrage de Nexa CRM
2026-03-02 10:31:23 - nexa - INFO - main.py:21 - ============================================================
2026-03-02 10:31:27 - nexa - INFO - main.py:57 - Initialisation de QApplication...
2026-03-02 10:31:28 - nexa - INFO - main.py:138 - Construction de l'interface...
2026-03-02 10:31:31 - nexa - INFO - main.py:157 - Configuration des onglets...
2026-03-02 10:31:32 - nexa - INFO - main.py:340 - Interface construite avec succès
2026-03-02 10:31:37 - nexa - INFO - main.py:353 - Fermeture de l'application (code: 0)
2026-03-02 10:35:08 - nexa - INFO - main.py:19 - ============================================================
2026-03-02 10:35:08 - nexa - INFO - main.py:20 - Démarrage de Nexa CRM
2026-03-02 10:35:08 - nexa - INFO - main.py:21 - ============================================================
2026-03-02 10:35:11 - nexa - INFO - main.py:57 - Initialisation de QApplication...
2026-03-02 10:35:12 - nexa - INFO - main.py:127 - Construction de l'interface...
2026-03-02 10:35:15 - nexa - INFO - main.py:146 - Configuration des onglets...
2026-03-02 10:35:16 - nexa - INFO - main.py:328 - Interface construite avec succès
2026-03-02 10:35:19 - nexa - INFO - main.py:341 - Fermeture de l'application (code: 0)
2026-03-02 10:35:53 - nexa - INFO - main.py:19 - ============================================================
2026-03-02 10:35:53 - nexa - INFO - main.py:20 - Démarrage de Nexa CRM
2026-03-02 10:35:53 - nexa - INFO - main.py:21 - ============================================================
2026-03-02 10:35:55 - nexa - INFO - main.py:57 - Initialisation de QApplication...
2026-03-02 10:35:55 - nexa - INFO - main.py:125 - Construction de l'interface...
2026-03-02 10:35:58 - nexa - INFO - main.py:144 - Configuration des onglets...
2026-03-02 10:35:58 - nexa - INFO - main.py:326 - Interface construite avec succès
2026-03-02 10:38:05 - nexa - INFO - main.py:19 - ============================================================
2026-03-02 10:38:05 - nexa - INFO - main.py:20 - Démarrage de Nexa CRM
2026-03-02 10:38:05 - nexa - INFO - main.py:21 - ============================================================
2026-03-02 10:38:06 - nexa - INFO - main.py:57 - Initialisation de QApplication...
2026-03-02 10:38:07 - nexa - INFO - main.py:125 - Construction de l'interface...
2026-03-02 10:38:09 - nexa - INFO - main.py:144 - Configuration des onglets...
2026-03-02 10:38:10 - nexa - INFO - main.py:326 - Interface construite avec succès
2026-03-02 11:10:15 - nexa - INFO - main.py:339 - Fermeture de l'application (code: 0)
2026-03-02 11:10:23 - nexa - INFO - main.py:19 - ============================================================
2026-03-02 11:10:23 - nexa - INFO - main.py:20 - Démarrage de Nexa CRM
2026-03-02 11:10:23 - nexa - INFO - main.py:21 - ============================================================
2026-03-02 11:16:09 - nexa - INFO - main.py:19 - ============================================================
2026-03-02 11:16:09 - nexa - INFO - main.py:20 - Démarrage de Nexa CRM
2026-03-02 11:16:09 - nexa - INFO - main.py:21 - ============================================================
2026-03-02 11:17:28 - nexa - INFO - main.py:19 - ============================================================
2026-03-02 11:17:28 - nexa - INFO - main.py:20 - Démarrage de Nexa CRM
2026-03-02 11:17:28 - nexa - INFO - main.py:21 - ============================================================
2026-03-02 11:19:23 - nexa - INFO - main.py:19 - ============================================================
2026-03-02 11:19:23 - nexa - INFO - main.py:20 - Démarrage de Nexa CRM
2026-03-02 11:19:23 - nexa - INFO - main.py:21 - ============================================================
2026-03-02 14:45:56 - nexa - INFO - main.py:19 - ============================================================
2026-03-02 14:45:56 - nexa - INFO - main.py:20 - Démarrage de Nexa CRM
2026-03-02 14:45:56 - nexa - INFO - main.py:21 - ============================================================
2026-03-02 14:45:59 - nexa - INFO - main.py:57 - Initialisation de QApplication...
2026-03-02 14:46:00 - nexa - INFO - main.py:125 - Construction de l'interface...
2026-03-02 14:46:04 - nexa - INFO - main.py:144 - Configuration des onglets...
2026-03-02 14:46:05 - nexa - INFO - main.py:326 - Interface construite avec succès
2026-03-02 14:57:22 - nexa - INFO - main.py:19 - ============================================================
2026-03-02 14:57:22 - nexa - INFO - main.py:20 - Démarrage de Nexa CRM
2026-03-02 14:57:22 - nexa - INFO - main.py:21 - ============================================================
2026-03-02 14:57:23 - nexa - INFO - main.py:57 - Initialisation de QApplication...
2026-03-02 14:57:24 - nexa - INFO - main.py:125 - Construction de l'interface...
2026-03-02 14:57:27 - nexa - INFO - main.py:144 - Configuration des onglets...
2026-03-02 14:57:27 - nexa - INFO - main.py:326 - Interface construite avec succès
2026-03-02 15:29:10 - nexa - INFO - main.py:19 - ============================================================
2026-03-02 15:29:10 - nexa - INFO - main.py:20 - Démarrage de Nexa CRM
2026-03-02 15:29:10 - nexa - INFO - main.py:21 - ============================================================
2026-03-02 15:29:12 - nexa - INFO - main.py:57 - Initialisation de QApplication...
2026-03-02 15:29:12 - nexa - INFO - main.py:125 - Construction de l'interface...
2026-03-02 15:29:15 - nexa - INFO - main.py:144 - Configuration des onglets...
2026-03-02 15:29:15 - nexa - INFO - main.py:326 - Interface construite avec succès
2026-03-02 15:31:20 - nexa - INFO - main.py:339 - Fermeture de l'application (code: 0)
2026-03-02 15:31:48 - nexa - INFO - main.py:19 - ============================================================
2026-03-02 15:31:48 - nexa - INFO - main.py:20 - Démarrage de Nexa CRM
2026-03-02 15:31:48 - nexa - INFO - main.py:21 - ============================================================
2026-03-02 15:31:48 - nexa - INFO - main.py:57 - Initialisation de QApplication...
2026-03-02 15:31:49 - nexa - INFO - main.py:125 - Construction de l'interface...
2026-03-02 15:31:52 - nexa - INFO - main.py:144 - Configuration des onglets...
2026-03-02 15:31:52 - nexa - INFO - main.py:326 - Interface construite avec succès
2026-03-02 15:33:54 - nexa - INFO - main.py:19 - ============================================================
2026-03-02 15:33:54 - nexa - INFO - main.py:20 - Démarrage de Nexa CRM
2026-03-02 15:33:54 - nexa - INFO - main.py:21 - ============================================================
2026-03-02 15:33:56 - nexa - INFO - main.py:57 - Initialisation de QApplication...
2026-03-02 15:33:56 - nexa - INFO - main.py:125 - Construction de l'interface...
2026-03-02 15:33:59 - nexa - INFO - main.py:144 - Configuration des onglets...
2026-03-02 15:33:59 - nexa - INFO - main.py:326 - Interface construite avec succès
2026-03-02 15:34:54 - nexa - INFO - main.py:339 - Fermeture de l'application (code: 0)
2026-03-02 15:35:01 - nexa - INFO - main.py:19 - ============================================================
2026-03-02 15:35:01 - nexa - INFO - main.py:20 - Démarrage de Nexa CRM
2026-03-02 15:35:01 - nexa - INFO - main.py:21 - ============================================================
2026-03-02 15:35:02 - nexa - INFO - main.py:57 - Initialisation de QApplication...
2026-03-02 15:35:03 - nexa - INFO - main.py:125 - Construction de l'interface...
2026-03-02 15:35:05 - nexa - INFO - main.py:144 - Configuration des onglets...
2026-03-02 15:35:06 - nexa - INFO - main.py:326 - Interface construite avec succès
2026-03-02 15:35:10 - nexa - INFO - main.py:339 - Fermeture de l'application (code: 0)
2026-03-02 15:35:18 - nexa - INFO - main.py:19 - ============================================================
2026-03-02 15:35:18 - nexa - INFO - main.py:20 - Démarrage de Nexa CRM
2026-03-02 15:35:18 - nexa - INFO - main.py:21 - ============================================================
2026-03-02 15:35:19 - nexa - INFO - main.py:57 - Initialisation de QApplication...
2026-03-02 15:35:19 - nexa - INFO - main.py:125 - Construction de l'interface...
2026-03-02 15:35:22 - nexa - INFO - main.py:144 - Configuration des onglets...
2026-03-02 15:35:22 - nexa - INFO - main.py:326 - Interface construite avec succès
2026-03-02 15:36:13 - nexa - INFO - main.py:19 - ============================================================
2026-03-02 15:36:13 - nexa - INFO - main.py:20 - Démarrage de Nexa CRM
2026-03-02 15:36:13 - nexa - INFO - main.py:21 - ============================================================
2026-03-02 15:36:15 - nexa - INFO - main.py:57 - Initialisation de QApplication...
2026-03-02 15:36:15 - nexa - INFO - main.py:125 - Construction de l'interface...
2026-03-02 15:36:18 - nexa - INFO - main.py:144 - Configuration des onglets...
2026-03-02 15:36:18 - nexa - INFO - main.py:326 - Interface construite avec succès
2026-03-02 15:41:14 - nexa - INFO - main.py:339 - Fermeture de l'application (code: 0)
2026-03-02 15:54:07 - nexa - INFO - main.py:19 - ============================================================
2026-03-02 15:54:07 - nexa - INFO - main.py:20 - Démarrage de Nexa CRM
2026-03-02 15:54:07 - nexa - INFO - main.py:21 - ============================================================
2026-03-02 15:54:09 - nexa - INFO - main.py:57 - Initialisation de QApplication...
2026-03-02 15:54:10 - nexa - INFO - main.py:125 - Construction de l'interface...
2026-03-02 15:54:11 - nexa - CRITICAL - main.py:332 - Erreur fatale construction : __init__() got an unexpected keyword argument 'parent'
Traceback (most recent call last):
  File "/Users/CreepySensei/Desktop/Dev/Nexa/app/main.py", line 127, in _construire_app
    vue_client = ClientView(parent=fenetre)
TypeError: __init__() got an unexpected keyword argument 'parent'
2026-03-02 15:54:11 - nexa - INFO - main.py:339 - Fermeture de l'application (code: 0)
2026-03-02 20:48:25 - nexa - INFO - main.py:19 - ============================================================
2026-03-02 20:48:25 - nexa - INFO - main.py:20 - Démarrage de Nexa CRM
2026-03-02 20:48:25 - nexa - INFO - main.py:21 - ============================================================
2026-03-02 20:48:28 - nexa - INFO - main.py:57 - Initialisation de QApplication...
2026-03-02 20:48:29 - nexa - INFO - main.py:125 - Construction de l'interface...
2026-03-02 20:48:31 - nexa - CRITICAL - main.py:332 - Erreur fatale construction : __init__() got an unexpected keyword argument 'parent'
Traceback (most recent call last):
  File "/Users/CreepySensei/Desktop/Dev/Nexa/app/main.py", line 131, in _construire_app
    vue_aide = AideView(parent=fenetre)
TypeError: __init__() got an unexpected keyword argument 'parent'
2026-03-02 20:48:31 - nexa - INFO - main.py:339 - Fermeture de l'application (code: 0)
2026-03-02 20:49:07 - nexa - INFO - main.py:19 - ============================================================
2026-03-02 20:49:07 - nexa - INFO - main.py:20 - Démarrage de Nexa CRM
2026-03-02 20:49:07 - nexa - INFO - main.py:21 - ============================================================
2026-03-02 20:49:10 - nexa - INFO - main.py:57 - Initialisation de QApplication...
2026-03-02 20:49:10 - nexa - INFO - main.py:125 - Construction de l'interface...
2026-03-02 20:49:13 - nexa - CRITICAL - main.py:332 - Erreur fatale construction : __init__() got an unexpected keyword argument 'parent'
Traceback (most recent call last):
  File "/Users/CreepySensei/Desktop/Dev/Nexa/app/main.py", line 133, in _construire_app
    vue_calendrier = CalendrierView(parent=fenetre)
TypeError: __init__() got an unexpected keyword argument 'parent'
2026-03-02 20:49:13 - nexa - INFO - main.py:339 - Fermeture de l'application (code: 0)
2026-03-02 20:50:40 - nexa - INFO - main.py:19 - ============================================================
2026-03-02 20:50:40 - nexa - INFO - main.py:20 - Démarrage de Nexa CRM
2026-03-02 20:50:40 - nexa - INFO - main.py:21 - ============================================================
2026-03-02 20:50:41 - nexa - INFO - main.py:57 - Initialisation de QApplication...
2026-03-02 20:50:42 - nexa - INFO - main.py:125 - Construction de l'interface...
2026-03-02 20:50:44 - nexa - CRITICAL - main.py:332 - Erreur fatale construction : __init__() got an unexpected keyword argument 'parent'
Traceback (most recent call last):
  File "/Users/CreepySensei/Desktop/Dev/Nexa/app/main.py", line 136, in _construire_app
    vue_emailing = EmailingView(parent=fenetre)
TypeError: __init__() got an unexpected keyword argument 'parent'
2026-03-02 20:50:44 - nexa - INFO - main.py:339 - Fermeture de l'application (code: 0)
2026-03-02 20:51:19 - nexa - INFO - main.py:19 - ============================================================
2026-03-02 20:51:19 - nexa - INFO - main.py:20 - Démarrage de Nexa CRM
2026-03-02 20:51:19 - nexa - INFO - main.py:21 - ============================================================
2026-03-02 20:51:22 - nexa - INFO - main.py:57 - Initialisation de QApplication...
2026-03-02 20:51:23 - nexa - INFO - main.py:125 - Construction de l'interface...
2026-03-02 20:51:26 - nexa - CRITICAL - main.py:332 - Erreur fatale construction : __init__() got an unexpected keyword argument 'parent'
Traceback (most recent call last):
  File "/Users/CreepySensei/Desktop/Dev/Nexa/app/main.py", line 137, in _construire_app
    vue_boite_reception = BoiteReceptionView(parent=fenetre)
TypeError: __init__() got an unexpected keyword argument 'parent'
2026-03-02 20:51:26 - nexa - INFO - main.py:339 - Fermeture de l'application (code: 0)
2026-03-02 20:52:57 - nexa - INFO - main.py:19 - ============================================================
2026-03-02 20:52:57 - nexa - INFO - main.py:20 - Démarrage de Nexa CRM
2026-03-02 20:52:57 - nexa - INFO - main.py:21 - ============================================================
2026-03-02 20:52:59 - nexa - INFO - main.py:57 - Initialisation de QApplication...
2026-03-02 20:52:59 - nexa - INFO - main.py:125 - Construction de l'interface...
2026-03-02 20:53:02 - nexa - INFO - main.py:144 - Configuration des onglets...
2026-03-02 20:53:02 - nexa - INFO - main.py:326 - Interface construite avec succès
2026-03-02 21:08:21 - nexa - INFO - main.py:339 - Fermeture de l'application (code: 0)
2026-03-02 22:05:19 - nexa - INFO - main.py:19 - ============================================================
2026-03-02 22:05:19 - nexa - INFO - main.py:20 - Démarrage de Nexa CRM
2026-03-02 22:05:19 - nexa - INFO - main.py:21 - ============================================================
2026-03-02 22:05:22 - nexa - INFO - main.py:57 - Initialisation de QApplication...
2026-03-02 22:05:23 - nexa - INFO - main.py:125 - Construction de l'interface...
2026-03-02 22:05:26 - nexa - INFO - main.py:144 - Configuration des onglets...
2026-03-02 22:05:27 - nexa - INFO - main.py:326 - Interface construite avec succès
2026-03-03 00:19:03 - nexa - INFO - main.py:339 - Fermeture de l'application (code: 0)
