2026-02-26 00:00:53 - nexa - INFO - main.py:19 - ============================================================
2026-02-26 00:00:53 - nexa - INFO - main.py:20 - Démarrage de Nexa CRM
2026-02-26 00:00:53 - nexa - INFO - main.py:21 - ============================================================
2026-02-26 00:00:54 - nexa - INFO - main.py:47 - Initialisation de QApplication...
2026-02-26 00:00:54 - nexa - INFO - main.py:92 - Création de la fenêtre principale...
2026-02-26 00:00:55 - nexa - INFO - main.py:95 - Création des vues d'onglets...
2026-02-26 00:00:58 - nexa - INFO - main.py:111 - Configuration des onglets...
2026-02-26 00:00:59 - nexa - INFO - main.py:151 - Interface construite, lancement du splash
2026-02-26 00:04:25 - nexa - INFO - main.py:173 - Fermeture de l'application (code: 0)
2026-02-26 00:08:44 - nexa - INFO - main.py:19 - ============================================================
2026-02-26 00:08:44 - nexa - INFO - main.py:20 - Démarrage de Nexa CRM
2026-02-26 00:08:44 - nexa - INFO - main.py:21 - ============================================================
2026-02-26 00:08:46 - nexa - INFO - main.py:47 - Initialisation de QApplication...
2026-02-26 00:08:46 - nexa - INFO - main.py:92 - Création de la fenêtre principale...
2026-02-26 00:08:47 - nexa - INFO - main.py:95 - Création des vues d'onglets...
2026-02-26 00:08:50 - nexa - INFO - main.py:111 - Configuration des onglets...
2026-02-26 00:08:51 - nexa - INFO - main.py:151 - Interface construite, lancement du splash
2026-02-26 00:35:45 - nexa - INFO - main.py:173 - Fermeture de l'application (code: 0)
2026-02-26 02:35:57 - nexa - INFO - main.py:19 - ============================================================
2026-02-26 02:35:57 - nexa - INFO - main.py:20 - Démarrage de Nexa CRM
2026-02-26 02:35:57 - nexa - INFO - main.py:21 - ============================================================
2026-02-26 02:36:39 - nexa - INFO - main.py:48 - Initialisation de QApplication...
2026-02-26 02:36:43 - nexa - INFO - main.py:93 - Création de la fenêtre principale...
2026-02-26 02:36:44 - nexa - INFO - main.py:96 - Création des vues d'onglets...
2026-02-26 02:36:50 - nexa - INFO - main.py:113 - Configuration des onglets...
2026-02-26 02:36:50 - nexa - INFO - main.py:156 - Interface construite, lancement du splash
2026-02-26 13:35:05 - nexa - INFO - main.py:178 - Fermeture de l'application (code: 0)
2026-02-26 13:35:13 - nexa - INFO - main.py:19 - ============================================================
2026-02-26 13:35:13 - nexa - INFO - main.py:20 - Démarrage de Nexa CRM
2026-02-26 13:35:13 - nexa - INFO - main.py:21 - ============================================================
2026-02-26 13:35:14 - nexa - INFO - main.py:48 - Initialisation de QApplication...
2026-02-26 13:35:15 - nexa - INFO - main.py:93 - Création de la fenêtre principale...
2026-02-26 13:35:16 - nexa - INFO - main.py:96 - Création des vues d'onglets...
2026-02-26 13:35:20 - nexa - INFO - main.py:113 - Configuration des onglets...
2026-02-26 13:35:20 - nexa - INFO - main.py:168 - Interface construite, lancement du splash
2026-02-26 15:35:03 - nexa - INFO - main.py:190 - Fermeture de l'application (code: 0)
2026-02-26 18:04:09 - nexa - INFO - main.py:19 - ============================================================
2026-02-26 18:04:09 - nexa - INFO - main.py:20 - Démarrage de Nexa CRM
2026-02-26 18:04:09 - nexa - INFO - main.py:21 - ============================================================
2026-02-26 18:04:12 - nexa - INFO - main.py:48 - Initialisation de QApplication...
2026-02-26 18:04:14 - nexa - INFO - main.py:93 - Création de la fenêtre principale...
2026-02-26 18:04:16 - nexa - INFO - main.py:96 - Création des vues d'onglets...
2026-02-26 18:04:21 - nexa - INFO - main.py:113 - Configuration des onglets...
2026-02-26 18:04:21 - nexa - INFO - main.py:175 - Interface construite, lancement du splash
2026-02-26 18:21:21 - nexa - INFO - main.py:197 - Fermeture de l'application (code: 0)
2026-02-26 18:21:30 - nexa - INFO - main.py:19 - ============================================================
2026-02-26 18:21:30 - nexa - INFO - main.py:20 - Démarrage de Nexa CRM
2026-02-26 18:21:30 - nexa - INFO - main.py:21 - ============================================================
2026-02-26 18:21:32 - nexa - INFO - main.py:48 - Initialisation de QApplication...
2026-02-26 18:21:32 - nexa - INFO - main.py:93 - Création de la fenêtre principale...
2026-02-26 18:21:33 - nexa - INFO - main.py:96 - Création des vues d'onglets...
2026-02-26 18:21:37 - nexa - INFO - main.py:113 - Configuration des onglets...
2026-02-26 18:21:38 - nexa - INFO - main.py:175 - Interface construite, lancement du splash
2026-02-26 22:35:12 - nexa - INFO - main.py:197 - Fermeture de l'application (code: 0)
2026-02-26 23:29:28 - nexa - INFO - main.py:19 - ============================================================
2026-02-26 23:29:28 - nexa - INFO - main.py:20 - Démarrage de Nexa CRM
2026-02-26 23:29:28 - nexa - INFO - main.py:21 - ============================================================
2026-02-26 23:29:31 - nexa - INFO - main.py:48 - Initialisation de QApplication...
2026-02-26 23:29:32 - nexa - INFO - main.py:93 - Création de la fenêtre principale...
2026-02-26 23:29:33 - nexa - INFO - main.py:96 - Création des vues d'onglets...
2026-02-26 23:29:38 - nexa - INFO - main.py:113 - Configuration des onglets...
2026-02-26 23:29:39 - nexa - INFO - main.py:189 - Interface construite, lancement du splash
2026-02-26 23:29:47 - nexa - INFO - main.py:211 - Fermeture de l'application (code: 0)
2026-02-26 23:29:56 - nexa - INFO - main.py:19 - ============================================================
2026-02-26 23:29:56 - nexa - INFO - main.py:20 - Démarrage de Nexa CRM
2026-02-26 23:29:56 - nexa - INFO - main.py:21 - ============================================================
2026-02-26 23:29:57 - nexa - INFO - main.py:48 - Initialisation de QApplication...
2026-02-26 23:29:57 - nexa - INFO - main.py:93 - Création de la fenêtre principale...
2026-02-26 23:29:58 - nexa - INFO - main.py:96 - Création des vues d'onglets...
2026-02-26 23:30:01 - nexa - INFO - main.py:113 - Configuration des onglets...
2026-02-26 23:30:02 - nexa - INFO - main.py:189 - Interface construite, lancement du splash
2026-02-26 23:44:14 - nexa - INFO - main.py:134 - Ouverture Statistiques : 2026-02-01 → 2026-02-28
2026-02-27 00:14:00 - nexa - INFO - main.py:211 - Fermeture de l'application (code: 0)
