2026-02-28 03:10:47 - nexa - INFO - main.py:19 - ============================================================
2026-02-28 03:10:47 - nexa - INFO - main.py:20 - Démarrage de Nexa CRM
2026-02-28 03:10:47 - nexa - INFO - main.py:21 - ============================================================
2026-02-28 03:10:52 - nexa - INFO - main.py:48 - Initialisation de QApplication...
2026-02-28 03:10:53 - nexa - INFO - main.py:93 - Création de la fenêtre principale...
2026-02-28 03:10:53 - nexa - INFO - main.py:96 - Création des vues d'onglets...
2026-02-28 03:10:59 - nexa - INFO - main.py:113 - Configuration des onglets...
2026-02-28 03:11:00 - nexa - INFO - main.py:268 - Interface construite, lancement du splash
2026-02-28 03:11:08 - nexa - INFO - main.py:290 - Fermeture de l'application (code: 0)
2026-02-28 03:11:13 - nexa - INFO - main.py:19 - ============================================================
2026-02-28 03:11:13 - nexa - INFO - main.py:20 - Démarrage de Nexa CRM
2026-02-28 03:11:13 - nexa - INFO - main.py:21 - ============================================================
2026-02-28 03:11:15 - nexa - INFO - main.py:48 - Initialisation de QApplication...
2026-02-28 03:11:16 - nexa - INFO - main.py:93 - Création de la fenêtre principale...
2026-02-28 03:11:17 - nexa - INFO - main.py:96 - Création des vues d'onglets...
2026-02-28 03:11:22 - nexa - INFO - main.py:113 - Configuration des onglets...
2026-02-28 03:11:22 - nexa - INFO - main.py:268 - Interface construite, lancement du splash
2026-02-28 03:31:30 - nexa - INFO - main.py:290 - Fermeture de l'application (code: 0)
2026-02-28 14:42:10 - nexa - INFO - main.py:19 - ============================================================
2026-02-28 14:42:10 - nexa - INFO - main.py:20 - Démarrage de Nexa CRM
2026-02-28 14:42:10 - nexa - INFO - main.py:21 - ============================================================
2026-02-28 14:42:13 - nexa - INFO - main.py:49 - Initialisation de QApplication...
2026-02-28 14:42:14 - nexa - INFO - main.py:94 - Création de la fenêtre principale...
2026-02-28 14:42:15 - nexa - INFO - main.py:97 - Création des vues d'onglets...
2026-02-28 14:42:21 - nexa - INFO - main.py:114 - Configuration des onglets...
2026-02-28 14:42:21 - nexa - INFO - main.py:274 - Interface construite, lancement du splash
2026-02-28 14:59:08 - nexa - INFO - main.py:296 - Fermeture de l'application (code: 0)
2026-02-28 21:23:13 - nexa - INFO - main.py:19 - ============================================================
2026-02-28 21:23:13 - nexa - INFO - main.py:20 - Démarrage de Nexa CRM
2026-02-28 21:23:13 - nexa - INFO - main.py:21 - ============================================================
2026-02-28 21:23:17 - nexa - INFO - main.py:49 - Initialisation de QApplication...
2026-02-28 21:23:18 - nexa - INFO - main.py:94 - Création de la fenêtre principale...
2026-02-28 21:23:19 - nexa - INFO - main.py:97 - Création des vues d'onglets...
2026-02-28 21:23:24 - nexa - INFO - main.py:114 - Configuration des onglets...
2026-02-28 21:23:25 - nexa - INFO - main.py:305 - Interface construite, lancement du splash
2026-03-01 00:06:53 - nexa - INFO - main.py:327 - Fermeture de l'application (code: 0)
