2026-02-23 00:10:21 - nexa - INFO - main.py:19 - ============================================================
2026-02-23 00:10:21 - nexa - INFO - main.py:20 - Démarrage de Nexa CRM
2026-02-23 00:10:21 - nexa - INFO - main.py:21 - ============================================================
2026-02-23 00:10:24 - nexa - INFO - main.py:47 - Initialisation de QApplication...
2026-02-23 00:10:29 - nexa - INFO - main.py:81 - Création de la fenêtre principale...
2026-02-23 00:10:30 - nexa - INFO - main.py:84 - Création des vues d'onglets...
2026-02-23 00:10:34 - nexa - INFO - main.py:100 - Configuration des onglets...
2026-02-23 00:10:34 - nexa - INFO - main.py:131 - Affichage de la fenêtre principale...
2026-02-23 00:10:35 - nexa - INFO - main.py:134 - Interface chargée, en attente d'interactions utilisateur
2026-02-23 00:10:37 - nexa - INFO - main.py:146 - Fermeture de l'application (code: 0)
2026-02-23 22:36:12 - nexa - INFO - main.py:19 - ============================================================
2026-02-23 22:36:12 - nexa - INFO - main.py:20 - Démarrage de Nexa CRM
2026-02-23 22:36:12 - nexa - INFO - main.py:21 - ============================================================
2026-02-23 22:36:15 - nexa - INFO - main.py:47 - Initialisation de QApplication...
2026-02-23 22:36:19 - nexa - INFO - main.py:81 - Création de la fenêtre principale...
2026-02-23 22:36:19 - nexa - INFO - main.py:84 - Création des vues d'onglets...
2026-02-23 22:36:23 - nexa - INFO - main.py:100 - Configuration des onglets...
2026-02-23 22:36:23 - nexa - INFO - main.py:131 - Affichage de la fenêtre principale...
2026-02-23 22:36:24 - nexa - INFO - main.py:134 - Interface chargée, en attente d'interactions utilisateur
2026-02-23 22:36:26 - nexa - INFO - main.py:146 - Fermeture de l'application (code: 0)
2026-02-23 22:36:56 - nexa - INFO - main.py:19 - ============================================================
2026-02-23 22:36:56 - nexa - INFO - main.py:20 - Démarrage de Nexa CRM
2026-02-23 22:36:56 - nexa - INFO - main.py:21 - ============================================================
2026-02-23 22:36:58 - nexa - INFO - main.py:47 - Initialisation de QApplication...
2026-02-23 22:37:02 - nexa - INFO - main.py:81 - Création de la fenêtre principale...
2026-02-23 22:37:03 - nexa - INFO - main.py:84 - Création des vues d'onglets...
2026-02-23 22:37:06 - nexa - INFO - main.py:100 - Configuration des onglets...
2026-02-23 22:37:07 - nexa - INFO - main.py:131 - Affichage de la fenêtre principale...
2026-02-23 22:37:07 - nexa - INFO - main.py:134 - Interface chargée, en attente d'interactions utilisateur
2026-02-23 22:37:09 - nexa - INFO - main.py:146 - Fermeture de l'application (code: 0)
2026-02-23 23:48:34 - nexa - INFO - main.py:19 - ============================================================
2026-02-23 23:48:34 - nexa - INFO - main.py:20 - Démarrage de Nexa CRM
2026-02-23 23:48:34 - nexa - INFO - main.py:21 - ============================================================
2026-02-23 23:48:37 - nexa - INFO - main.py:47 - Initialisation de QApplication...
2026-02-23 23:48:41 - nexa - INFO - main.py:86 - Création de la fenêtre principale...
2026-02-23 23:48:41 - nexa - INFO - main.py:89 - Création des vues d'onglets...
2026-02-23 23:48:45 - nexa - INFO - main.py:105 - Configuration des onglets...
2026-02-23 23:48:46 - nexa - INFO - main.py:136 - Affichage de la fenêtre principale...
2026-02-23 23:48:46 - nexa - INFO - main.py:139 - Interface chargée, en attente d'interactions utilisateur
2026-02-23 23:53:52 - nexa - INFO - main.py:151 - Fermeture de l'application (code: 0)
2026-02-23 23:53:58 - nexa - INFO - main.py:19 - ============================================================
2026-02-23 23:53:58 - nexa - INFO - main.py:20 - Démarrage de Nexa CRM
2026-02-23 23:53:58 - nexa - INFO - main.py:21 - ============================================================
2026-02-23 23:53:59 - nexa - INFO - main.py:47 - Initialisation de QApplication...
2026-02-23 23:54:03 - nexa - INFO - main.py:86 - Création de la fenêtre principale...
2026-02-23 23:54:03 - nexa - INFO - main.py:89 - Création des vues d'onglets...
2026-02-23 23:54:06 - nexa - INFO - main.py:105 - Configuration des onglets...
2026-02-23 23:54:07 - nexa - INFO - main.py:136 - Affichage de la fenêtre principale...
2026-02-23 23:54:07 - nexa - INFO - main.py:139 - Interface chargée, en attente d'interactions utilisateur
2026-02-24 00:00:55 - nexa - INFO - main.py:151 - Fermeture de l'application (code: 0)
