2026-02-20 00:42:59 - nexa - INFO - main.py:19 - ============================================================
2026-02-20 00:42:59 - nexa - INFO - main.py:20 - Démarrage de Nexa CRM
2026-02-20 00:42:59 - nexa - INFO - main.py:21 - ============================================================
2026-02-20 00:43:02 - nexa - INFO - main.py:48 - Initialisation de QApplication...
2026-02-20 00:43:02 - nexa - INFO - main.py:78 - Création de la fenêtre principale...
2026-02-20 00:43:03 - nexa - INFO - main.py:82 - Création des vues d'onglets...
2026-02-20 00:43:07 - nexa - INFO - main.py:100 - Configuration des onglets...
2026-02-20 00:43:07 - nexa - INFO - main.py:145 - Affichage de la fenêtre principale...
2026-02-20 00:43:08 - nexa - INFO - main.py:151 - Interface chargée, en attente d'interactions utilisateur
2026-02-20 01:20:52 - nexa - INFO - main.py:154 - Fermeture de l'application (code: 0)
2026-02-20 01:20:56 - nexa - INFO - main.py:19 - ============================================================
2026-02-20 01:20:56 - nexa - INFO - main.py:20 - Démarrage de Nexa CRM
2026-02-20 01:20:56 - nexa - INFO - main.py:21 - ============================================================
2026-02-20 01:20:57 - nexa - INFO - main.py:48 - Initialisation de QApplication...
2026-02-20 01:20:58 - nexa - INFO - main.py:78 - Création de la fenêtre principale...
2026-02-20 01:20:58 - nexa - INFO - main.py:82 - Création des vues d'onglets...
2026-02-20 01:21:01 - nexa - INFO - main.py:100 - Configuration des onglets...
2026-02-20 01:21:02 - nexa - INFO - main.py:145 - Affichage de la fenêtre principale...
2026-02-20 01:21:02 - nexa - INFO - main.py:151 - Interface chargée, en attente d'interactions utilisateur
2026-02-20 01:25:42 - nexa - INFO - main.py:154 - Fermeture de l'application (code: 0)
2026-02-20 01:25:47 - nexa - INFO - main.py:19 - ============================================================
2026-02-20 01:25:47 - nexa - INFO - main.py:20 - Démarrage de Nexa CRM
2026-02-20 01:25:47 - nexa - INFO - main.py:21 - ============================================================
2026-02-20 01:25:49 - nexa - INFO - main.py:48 - Initialisation de QApplication...
2026-02-20 01:25:49 - nexa - INFO - main.py:78 - Création de la fenêtre principale...
2026-02-20 01:25:49 - nexa - INFO - main.py:82 - Création des vues d'onglets...
2026-02-20 01:25:53 - nexa - INFO - main.py:100 - Configuration des onglets...
2026-02-20 01:25:53 - nexa - INFO - main.py:145 - Affichage de la fenêtre principale...
2026-02-20 01:25:53 - nexa - INFO - main.py:151 - Interface chargée, en attente d'interactions utilisateur
2026-02-20 08:29:36 - nexa - INFO - main.py:154 - Fermeture de l'application (code: 0)
2026-02-20 08:29:41 - nexa - INFO - main.py:19 - ============================================================
2026-02-20 08:29:41 - nexa - INFO - main.py:20 - Démarrage de Nexa CRM
2026-02-20 08:29:41 - nexa - INFO - main.py:21 - ============================================================
2026-02-20 08:29:42 - nexa - INFO - main.py:48 - Initialisation de QApplication...
2026-02-20 08:29:42 - nexa - INFO - main.py:78 - Création de la fenêtre principale...
2026-02-20 08:29:43 - nexa - INFO - main.py:82 - Création des vues d'onglets...
2026-02-20 08:29:46 - nexa - CRITICAL - main.py:158 - Erreur fatale au démarrage : name 'ProduitsViewModel' is not defined
Traceback (most recent call last):
  File "/Users/CreepySensei/Desktop/Dev/Nexa/app/main.py", line 91, in main
    vue_produits = ProduitsView()
  File "/Users/CreepySensei/Desktop/Dev/Nexa/app/views/produits_view.py", line 217, in __init__
    self.viewmodel = ProduitsViewModel()
NameError: name 'ProduitsViewModel' is not defined
2026-02-20 08:43:50 - nexa - INFO - main.py:19 - ============================================================
2026-02-20 08:43:50 - nexa - INFO - main.py:20 - Démarrage de Nexa CRM
2026-02-20 08:43:50 - nexa - INFO - main.py:21 - ============================================================
2026-02-20 08:45:50 - nexa - INFO - main.py:19 - ============================================================
2026-02-20 08:45:50 - nexa - INFO - main.py:20 - Démarrage de Nexa CRM
2026-02-20 08:45:50 - nexa - INFO - main.py:21 - ============================================================
2026-02-20 08:47:28 - nexa - INFO - main.py:19 - ============================================================
2026-02-20 08:47:28 - nexa - INFO - main.py:20 - Démarrage de Nexa CRM
2026-02-20 08:47:28 - nexa - INFO - main.py:21 - ============================================================
2026-02-20 08:48:06 - nexa - INFO - main.py:19 - ============================================================
2026-02-20 08:48:06 - nexa - INFO - main.py:20 - Démarrage de Nexa CRM
2026-02-20 08:48:06 - nexa - INFO - main.py:21 - ============================================================
2026-02-20 08:48:09 - nexa - INFO - main.py:48 - Initialisation de QApplication...
2026-02-20 08:48:10 - nexa - INFO - main.py:78 - Création de la fenêtre principale...
2026-02-20 08:48:10 - nexa - INFO - main.py:82 - Création des vues d'onglets...
2026-02-20 08:48:10 - nexa - CRITICAL - main.py:158 - Erreur fatale au démarrage : No module named 'views.client_card'
Traceback (most recent call last):
  File "/Users/CreepySensei/Desktop/Dev/Nexa/app/main.py", line 83, in main
    vue_client = ClientView()
  File "/Users/CreepySensei/Desktop/Dev/Nexa/app/views/client_view.py", line 46, in __init__
    self._construire_ui()
  File "/Users/CreepySensei/Desktop/Dev/Nexa/app/views/client_view.py", line 80, in _construire_ui
    self.pile_client.addWidget(self._creer_page_liste_clients())
  File "/Users/CreepySensei/Desktop/Dev/Nexa/app/views/client_view.py", line 132, in _creer_page_liste_clients
    from views.client_card import SearchResultsWidget
ModuleNotFoundError: No module named 'views.client_card'
2026-02-20 08:48:36 - nexa - INFO - main.py:19 - ============================================================
2026-02-20 08:48:36 - nexa - INFO - main.py:20 - Démarrage de Nexa CRM
2026-02-20 08:48:36 - nexa - INFO - main.py:21 - ============================================================
2026-02-20 08:48:37 - nexa - INFO - main.py:48 - Initialisation de QApplication...
2026-02-20 08:48:38 - nexa - INFO - main.py:78 - Création de la fenêtre principale...
2026-02-20 08:48:38 - nexa - INFO - main.py:82 - Création des vues d'onglets...
2026-02-20 08:48:42 - nexa - CRITICAL - main.py:158 - Erreur fatale au démarrage : 'ProduitsView' object has no attribute '_on_toggle_changed'
Traceback (most recent call last):
  File "/Users/CreepySensei/Desktop/Dev/Nexa/app/main.py", line 91, in main
    vue_produits = ProduitsView()
  File "/Users/CreepySensei/Desktop/Dev/Nexa/app/views/produits_view.py", line 53, in __init__
    self._construire_ui()
  File "/Users/CreepySensei/Desktop/Dev/Nexa/app/views/produits_view.py", line 66, in _construire_ui
    self._barre_toggle.selectionChanged.connect(self._on_toggle_changed)
AttributeError: 'ProduitsView' object has no attribute '_on_toggle_changed'
2026-02-20 08:51:28 - nexa - INFO - main.py:19 - ============================================================
2026-02-20 08:51:28 - nexa - INFO - main.py:20 - Démarrage de Nexa CRM
2026-02-20 08:51:28 - nexa - INFO - main.py:21 - ============================================================
2026-02-20 08:51:30 - nexa - INFO - main.py:48 - Initialisation de QApplication...
2026-02-20 08:51:31 - nexa - INFO - main.py:78 - Création de la fenêtre principale...
2026-02-20 08:51:32 - nexa - INFO - main.py:82 - Création des vues d'onglets...
2026-02-20 08:51:35 - nexa - CRITICAL - main.py:158 - Erreur fatale au démarrage : 'ProduitsView' object has no attribute '_on_toggle_changed'
Traceback (most recent call last):
  File "/Users/CreepySensei/Desktop/Dev/Nexa/app/main.py", line 91, in main
    vue_produits = ProduitsView()
  File "/Users/CreepySensei/Desktop/Dev/Nexa/app/views/produits_view.py", line 53, in __init__
    self._construire_ui()
  File "/Users/CreepySensei/Desktop/Dev/Nexa/app/views/produits_view.py", line 66, in _construire_ui
    self._barre_toggle.selectionChanged.connect(self._on_toggle_changed)
AttributeError: 'ProduitsView' object has no attribute '_on_toggle_changed'
2026-02-20 08:54:46 - nexa - INFO - main.py:19 - ============================================================
2026-02-20 08:54:46 - nexa - INFO - main.py:20 - Démarrage de Nexa CRM
2026-02-20 08:54:46 - nexa - INFO - main.py:21 - ============================================================
2026-02-20 08:54:49 - nexa - INFO - main.py:48 - Initialisation de QApplication...
2026-02-20 08:54:49 - nexa - INFO - main.py:78 - Création de la fenêtre principale...
2026-02-20 08:54:50 - nexa - INFO - main.py:82 - Création des vues d'onglets...
2026-02-20 08:54:54 - nexa - CRITICAL - main.py:158 - Erreur fatale au démarrage : 'ProduitsView' object has no attribute '_changer_page'
Traceback (most recent call last):
  File "/Users/CreepySensei/Desktop/Dev/Nexa/app/main.py", line 91, in main
    vue_produits = ProduitsView()
  File "/Users/CreepySensei/Desktop/Dev/Nexa/app/views/produits_view.py", line 59, in __init__
    self._construire_ui()
  File "/Users/CreepySensei/Desktop/Dev/Nexa/app/views/produits_view.py", line 91, in _construire_ui
    self._changer_page("liste")
AttributeError: 'ProduitsView' object has no attribute '_changer_page'
2026-02-20 08:58:47 - nexa - INFO - main.py:19 - ============================================================
2026-02-20 08:58:47 - nexa - INFO - main.py:20 - Démarrage de Nexa CRM
2026-02-20 08:58:47 - nexa - INFO - main.py:21 - ============================================================
2026-02-20 08:58:49 - nexa - INFO - main.py:48 - Initialisation de QApplication...
2026-02-20 08:58:49 - nexa - INFO - main.py:78 - Création de la fenêtre principale...
2026-02-20 08:58:50 - nexa - INFO - main.py:82 - Création des vues d'onglets...
2026-02-20 08:58:54 - nexa - INFO - main.py:100 - Configuration des onglets...
2026-02-20 08:58:54 - nexa - INFO - main.py:145 - Affichage de la fenêtre principale...
2026-02-20 08:58:54 - nexa - INFO - main.py:151 - Interface chargée, en attente d'interactions utilisateur
2026-02-20 09:14:03 - nexa - INFO - main.py:154 - Fermeture de l'application (code: 0)
2026-02-20 09:14:09 - nexa - INFO - main.py:19 - ============================================================
2026-02-20 09:14:09 - nexa - INFO - main.py:20 - Démarrage de Nexa CRM
2026-02-20 09:14:09 - nexa - INFO - main.py:21 - ============================================================
2026-02-20 09:14:10 - nexa - INFO - main.py:48 - Initialisation de QApplication...
2026-02-20 09:14:10 - nexa - INFO - main.py:78 - Création de la fenêtre principale...
2026-02-20 09:14:11 - nexa - INFO - main.py:82 - Création des vues d'onglets...
2026-02-20 09:14:14 - nexa - INFO - main.py:100 - Configuration des onglets...
2026-02-20 09:14:14 - nexa - INFO - main.py:145 - Affichage de la fenêtre principale...
2026-02-20 09:14:14 - nexa - INFO - main.py:151 - Interface chargée, en attente d'interactions utilisateur
2026-02-20 09:24:07 - nexa - INFO - main.py:154 - Fermeture de l'application (code: 0)
2026-02-20 09:24:11 - nexa - INFO - main.py:19 - ============================================================
2026-02-20 09:24:11 - nexa - INFO - main.py:20 - Démarrage de Nexa CRM
2026-02-20 09:24:11 - nexa - INFO - main.py:21 - ============================================================
2026-02-20 09:24:12 - nexa - INFO - main.py:48 - Initialisation de QApplication...
2026-02-20 09:24:12 - nexa - INFO - main.py:78 - Création de la fenêtre principale...
2026-02-20 09:24:13 - nexa - INFO - main.py:82 - Création des vues d'onglets...
2026-02-20 09:24:16 - nexa - INFO - main.py:100 - Configuration des onglets...
2026-02-20 09:24:16 - nexa - INFO - main.py:145 - Affichage de la fenêtre principale...
2026-02-20 09:24:17 - nexa - INFO - main.py:151 - Interface chargée, en attente d'interactions utilisateur
2026-02-20 09:25:27 - nexa - INFO - main.py:154 - Fermeture de l'application (code: 0)
2026-02-20 09:25:30 - nexa - INFO - main.py:19 - ============================================================
2026-02-20 09:25:30 - nexa - INFO - main.py:20 - Démarrage de Nexa CRM
2026-02-20 09:25:30 - nexa - INFO - main.py:21 - ============================================================
2026-02-20 09:25:31 - nexa - INFO - main.py:48 - Initialisation de QApplication...
2026-02-20 09:25:31 - nexa - INFO - main.py:78 - Création de la fenêtre principale...
2026-02-20 09:25:32 - nexa - INFO - main.py:82 - Création des vues d'onglets...
2026-02-20 09:25:35 - nexa - INFO - main.py:100 - Configuration des onglets...
2026-02-20 09:25:35 - nexa - INFO - main.py:145 - Affichage de la fenêtre principale...
2026-02-20 09:25:35 - nexa - INFO - main.py:151 - Interface chargée, en attente d'interactions utilisateur
2026-02-20 09:31:20 - nexa - INFO - main.py:154 - Fermeture de l'application (code: 0)
2026-02-20 09:32:06 - nexa - INFO - main.py:19 - ============================================================
2026-02-20 09:32:06 - nexa - INFO - main.py:20 - Démarrage de Nexa CRM
2026-02-20 09:32:06 - nexa - INFO - main.py:21 - ============================================================
2026-02-20 09:32:08 - nexa - INFO - main.py:48 - Initialisation de QApplication...
2026-02-20 09:32:08 - nexa - INFO - main.py:78 - Création de la fenêtre principale...
2026-02-20 09:32:09 - nexa - INFO - main.py:82 - Création des vues d'onglets...
2026-02-20 09:32:13 - nexa - INFO - main.py:100 - Configuration des onglets...
2026-02-20 09:32:13 - nexa - INFO - main.py:145 - Affichage de la fenêtre principale...
2026-02-20 09:32:13 - nexa - INFO - main.py:151 - Interface chargée, en attente d'interactions utilisateur
2026-02-20 10:12:48 - nexa - INFO - main.py:154 - Fermeture de l'application (code: 0)
2026-02-20 10:12:54 - nexa - INFO - main.py:19 - ============================================================
2026-02-20 10:12:54 - nexa - INFO - main.py:20 - Démarrage de Nexa CRM
2026-02-20 10:12:54 - nexa - INFO - main.py:21 - ============================================================
2026-02-20 10:12:55 - nexa - INFO - main.py:48 - Initialisation de QApplication...
2026-02-20 10:12:55 - nexa - INFO - main.py:78 - Création de la fenêtre principale...
2026-02-20 10:12:56 - nexa - INFO - main.py:82 - Création des vues d'onglets...
2026-02-20 10:12:56 - nexa - CRITICAL - main.py:158 - Erreur fatale au démarrage : lister_codes() got an unexpected keyword argument 'archives'
Traceback (most recent call last):
  File "/Users/CreepySensei/Desktop/Dev/Nexa/app/main.py", line 85, in main
    vue_recherche = RechercheView()
  File "/Users/CreepySensei/Desktop/Dev/Nexa/app/views/recherche_view.py", line 92, in __init__
    self._construire_ui()
  File "/Users/CreepySensei/Desktop/Dev/Nexa/app/views/recherche_view.py", line 218, in _construire_ui
    self._page_code_promo = CodesPromoRechercheView()
  File "/Users/CreepySensei/Desktop/Dev/Nexa/app/views/codes_promo_recherche_view.py", line 64, in __init__
    self._construire_ui()
  File "/Users/CreepySensei/Desktop/Dev/Nexa/app/views/codes_promo_recherche_view.py", line 101, in _construire_ui
    self._changer_page("liste")
  File "/Users/CreepySensei/Desktop/Dev/Nexa/app/views/codes_promo_recherche_view.py", line 117, in _changer_page
    self._charger_codes()
  File "/Users/CreepySensei/Desktop/Dev/Nexa/app/views/codes_promo_recherche_view.py", line 424, in _charger_codes
    codes = self.viewmodel.lister_codes(archives=self._affiche_archives)
TypeError: lister_codes() got an unexpected keyword argument 'archives'
2026-02-20 10:22:26 - nexa - INFO - main.py:19 - ============================================================
2026-02-20 10:22:26 - nexa - INFO - main.py:20 - Démarrage de Nexa CRM
2026-02-20 10:22:26 - nexa - INFO - main.py:21 - ============================================================
2026-02-20 10:22:28 - nexa - INFO - main.py:48 - Initialisation de QApplication...
2026-02-20 10:22:29 - nexa - INFO - main.py:78 - Création de la fenêtre principale...
2026-02-20 10:22:29 - nexa - INFO - main.py:82 - Création des vues d'onglets...
2026-02-20 10:22:34 - nexa - INFO - main.py:100 - Configuration des onglets...
2026-02-20 10:22:34 - nexa - INFO - main.py:145 - Affichage de la fenêtre principale...
2026-02-20 10:22:34 - nexa - INFO - main.py:151 - Interface chargée, en attente d'interactions utilisateur
2026-02-20 10:37:12 - nexa - INFO - main.py:154 - Fermeture de l'application (code: 0)
2026-02-20 10:37:20 - nexa - INFO - main.py:19 - ============================================================
2026-02-20 10:37:20 - nexa - INFO - main.py:20 - Démarrage de Nexa CRM
2026-02-20 10:37:20 - nexa - INFO - main.py:21 - ============================================================
2026-02-20 10:37:21 - nexa - INFO - main.py:48 - Initialisation de QApplication...
2026-02-20 10:37:21 - nexa - INFO - main.py:78 - Création de la fenêtre principale...
2026-02-20 10:37:22 - nexa - INFO - main.py:82 - Création des vues d'onglets...
2026-02-20 10:37:23 - nexa - CRITICAL - main.py:158 - Erreur fatale au démarrage : __init__() got an unexpected keyword argument 'is_archive'
Traceback (most recent call last):
  File "/Users/CreepySensei/Desktop/Dev/Nexa/app/main.py", line 87, in main
    vue_codes_promo_creation = CodesPromoCreationView()
  File "/Users/CreepySensei/Desktop/Dev/Nexa/app/views/codes_promo_creation_view.py", line 63, in __init__
    self._construire_ui()
  File "/Users/CreepySensei/Desktop/Dev/Nexa/app/views/codes_promo_creation_view.py", line 94, in _construire_ui
    self._changer_page("liste")
  File "/Users/CreepySensei/Desktop/Dev/Nexa/app/views/codes_promo_creation_view.py", line 109, in _changer_page
    self._charger_codes()
  File "/Users/CreepySensei/Desktop/Dev/Nexa/app/views/codes_promo_creation_view.py", line 469, in _charger_codes
    card = CodeCard(
TypeError: __init__() got an unexpected keyword argument 'is_archive'
2026-02-20 10:41:00 - nexa - INFO - main.py:19 - ============================================================
2026-02-20 10:41:00 - nexa - INFO - main.py:20 - Démarrage de Nexa CRM
2026-02-20 10:41:00 - nexa - INFO - main.py:21 - ============================================================
2026-02-20 10:41:03 - nexa - INFO - main.py:48 - Initialisation de QApplication...
2026-02-20 10:41:03 - nexa - INFO - main.py:78 - Création de la fenêtre principale...
2026-02-20 10:41:04 - nexa - INFO - main.py:82 - Création des vues d'onglets...
2026-02-20 10:41:05 - nexa - CRITICAL - main.py:158 - Erreur fatale au démarrage : 'CodeCard' object has no attribute 'action_archiver'
Traceback (most recent call last):
  File "/Users/CreepySensei/Desktop/Dev/Nexa/app/main.py", line 87, in main
    vue_codes_promo_creation = CodesPromoCreationView()
  File "/Users/CreepySensei/Desktop/Dev/Nexa/app/views/codes_promo_creation_view.py", line 63, in __init__
    self._construire_ui()
  File "/Users/CreepySensei/Desktop/Dev/Nexa/app/views/codes_promo_creation_view.py", line 94, in _construire_ui
    self._changer_page("liste")
  File "/Users/CreepySensei/Desktop/Dev/Nexa/app/views/codes_promo_creation_view.py", line 109, in _changer_page
    self._charger_codes()
  File "/Users/CreepySensei/Desktop/Dev/Nexa/app/views/codes_promo_creation_view.py", line 476, in _charger_codes
    card.action_archiver.connect(self._desactiver_code)
AttributeError: 'CodeCard' object has no attribute 'action_archiver'
2026-02-20 10:44:35 - nexa - INFO - main.py:19 - ============================================================
2026-02-20 10:44:35 - nexa - INFO - main.py:20 - Démarrage de Nexa CRM
2026-02-20 10:44:35 - nexa - INFO - main.py:21 - ============================================================
2026-02-20 10:44:37 - nexa - INFO - main.py:48 - Initialisation de QApplication...
2026-02-20 10:44:38 - nexa - INFO - main.py:78 - Création de la fenêtre principale...
2026-02-20 10:44:39 - nexa - INFO - main.py:82 - Création des vues d'onglets...
2026-02-20 10:44:43 - nexa - INFO - main.py:100 - Configuration des onglets...
2026-02-20 10:44:43 - nexa - INFO - main.py:145 - Affichage de la fenêtre principale...
2026-02-20 10:44:44 - nexa - INFO - main.py:151 - Interface chargée, en attente d'interactions utilisateur
2026-02-20 11:05:53 - nexa - INFO - main.py:154 - Fermeture de l'application (code: 0)
2026-02-20 11:06:43 - nexa - INFO - main.py:19 - ============================================================
2026-02-20 11:06:43 - nexa - INFO - main.py:20 - Démarrage de Nexa CRM
2026-02-20 11:06:43 - nexa - INFO - main.py:21 - ============================================================
2026-02-20 11:06:45 - nexa - INFO - main.py:48 - Initialisation de QApplication...
2026-02-20 11:06:46 - nexa - INFO - main.py:78 - Création de la fenêtre principale...
2026-02-20 11:06:47 - nexa - INFO - main.py:82 - Création des vues d'onglets...
2026-02-20 11:06:51 - nexa - INFO - main.py:100 - Configuration des onglets...
2026-02-20 11:06:51 - nexa - INFO - main.py:145 - Affichage de la fenêtre principale...
2026-02-20 11:06:52 - nexa - INFO - main.py:151 - Interface chargée, en attente d'interactions utilisateur
2026-02-20 11:08:49 - nexa - INFO - main.py:154 - Fermeture de l'application (code: 0)
2026-02-20 11:08:54 - nexa - INFO - main.py:19 - ============================================================
2026-02-20 11:08:54 - nexa - INFO - main.py:20 - Démarrage de Nexa CRM
2026-02-20 11:08:54 - nexa - INFO - main.py:21 - ============================================================
2026-02-20 11:09:47 - nexa - INFO - main.py:19 - ============================================================
2026-02-20 11:09:47 - nexa - INFO - main.py:20 - Démarrage de Nexa CRM
2026-02-20 11:09:47 - nexa - INFO - main.py:21 - ============================================================
2026-02-20 11:09:47 - nexa - INFO - main.py:47 - Initialisation de QApplication...
2026-02-20 11:09:48 - nexa - INFO - main.py:77 - Création de la fenêtre principale...
2026-02-20 11:09:48 - nexa - INFO - main.py:81 - Création des vues d'onglets...
2026-02-20 11:09:49 - nexa - CRITICAL - main.py:155 - Erreur fatale au démarrage : name 'RechercheView' is not defined
Traceback (most recent call last):
  File "/Users/CreepySensei/Desktop/Dev/Nexa/app/main.py", line 84, in main
    vue_recherche = RechercheView()
NameError: name 'RechercheView' is not defined
2026-02-20 11:10:00 - nexa - INFO - main.py:19 - ============================================================
2026-02-20 11:10:00 - nexa - INFO - main.py:20 - Démarrage de Nexa CRM
2026-02-20 11:10:00 - nexa - INFO - main.py:21 - ============================================================
2026-02-20 11:10:01 - nexa - INFO - main.py:47 - Initialisation de QApplication...
2026-02-20 11:10:01 - nexa - INFO - main.py:77 - Création de la fenêtre principale...
2026-02-20 11:10:01 - nexa - INFO - main.py:81 - Création des vues d'onglets...
2026-02-20 11:10:05 - nexa - INFO - main.py:98 - Configuration des onglets...
2026-02-20 11:10:05 - nexa - CRITICAL - main.py:154 - Erreur fatale au démarrage : name 'vue_recherche' is not defined
Traceback (most recent call last):
  File "/Users/CreepySensei/Desktop/Dev/Nexa/app/main.py", line 104, in main
    fenetre.definir_page(2, vue_recherche)
NameError: name 'vue_recherche' is not defined
2026-02-20 11:10:35 - nexa - INFO - main.py:19 - ============================================================
2026-02-20 11:10:35 - nexa - INFO - main.py:20 - Démarrage de Nexa CRM
2026-02-20 11:10:35 - nexa - INFO - main.py:21 - ============================================================
2026-02-20 11:10:36 - nexa - INFO - main.py:47 - Initialisation de QApplication...
2026-02-20 11:10:36 - nexa - INFO - main.py:77 - Création de la fenêtre principale...
2026-02-20 11:10:36 - nexa - INFO - main.py:81 - Création des vues d'onglets...
2026-02-20 11:10:38 - nexa - INFO - main.py:98 - Configuration des onglets...
2026-02-20 11:10:38 - nexa - CRITICAL - main.py:153 - Erreur fatale au démarrage : name 'vue_recherche' is not defined
Traceback (most recent call last):
  File "/Users/CreepySensei/Desktop/Dev/Nexa/app/main.py", line 137, in main
    vue_recherche.demande_modification.connect(ouvrir_edition_client)
NameError: name 'vue_recherche' is not defined
2026-02-20 11:10:50 - nexa - INFO - main.py:19 - ============================================================
2026-02-20 11:10:50 - nexa - INFO - main.py:20 - Démarrage de Nexa CRM
2026-02-20 11:10:50 - nexa - INFO - main.py:21 - ============================================================
2026-02-20 11:10:51 - nexa - INFO - main.py:47 - Initialisation de QApplication...
2026-02-20 11:10:51 - nexa - INFO - main.py:77 - Création de la fenêtre principale...
2026-02-20 11:10:51 - nexa - INFO - main.py:81 - Création des vues d'onglets...
2026-02-20 11:10:53 - nexa - INFO - main.py:98 - Configuration des onglets...
2026-02-20 11:10:54 - nexa - INFO - main.py:138 - Affichage de la fenêtre principale...
2026-02-20 11:10:54 - nexa - INFO - main.py:144 - Interface chargée, en attente d'interactions utilisateur
2026-02-20 22:31:36 - nexa - INFO - main.py:147 - Fermeture de l'application (code: 0)
2026-02-20 22:31:45 - nexa - INFO - main.py:19 - ============================================================
2026-02-20 22:31:45 - nexa - INFO - main.py:20 - Démarrage de Nexa CRM
2026-02-20 22:31:45 - nexa - INFO - main.py:21 - ============================================================
2026-02-20 22:32:38 - nexa - INFO - main.py:19 - ============================================================
2026-02-20 22:32:38 - nexa - INFO - main.py:20 - Démarrage de Nexa CRM
2026-02-20 22:32:38 - nexa - INFO - main.py:21 - ============================================================
2026-02-20 22:32:40 - nexa - INFO - main.py:47 - Initialisation de QApplication...
2026-02-20 22:32:41 - nexa - INFO - main.py:77 - Création de la fenêtre principale...
2026-02-20 22:32:43 - nexa - INFO - main.py:81 - Création des vues d'onglets...
2026-02-20 22:32:47 - nexa - INFO - main.py:98 - Configuration des onglets...
2026-02-20 22:32:47 - nexa - CRITICAL - main.py:155 - Erreur fatale au démarrage : name 'QWidget' is not defined
Traceback (most recent call last):
  File "/Users/CreepySensei/Desktop/Dev/Nexa/app/main.py", line 103, in main
    vue_placeholder = QWidget()  # slot vide à la place de l'ancien RechercheView
NameError: name 'QWidget' is not defined
2026-02-20 22:47:01 - nexa - INFO - main.py:19 - ============================================================
2026-02-20 22:47:01 - nexa - INFO - main.py:20 - Démarrage de Nexa CRM
2026-02-20 22:47:01 - nexa - INFO - main.py:21 - ============================================================
2026-02-20 22:47:03 - nexa - INFO - main.py:47 - Initialisation de QApplication...
2026-02-20 22:47:04 - nexa - INFO - main.py:77 - Création de la fenêtre principale...
2026-02-20 22:47:04 - nexa - INFO - main.py:81 - Création des vues d'onglets...
2026-02-20 22:47:08 - nexa - INFO - main.py:98 - Configuration des onglets...
2026-02-20 22:47:09 - nexa - INFO - main.py:142 - Affichage de la fenêtre principale...
2026-02-20 22:47:09 - nexa - INFO - main.py:148 - Interface chargée, en attente d'interactions utilisateur
2026-02-20 22:48:49 - nexa - INFO - main.py:151 - Fermeture de l'application (code: 0)
2026-02-20 23:00:06 - nexa - INFO - main.py:19 - ============================================================
2026-02-20 23:00:06 - nexa - INFO - main.py:20 - Démarrage de Nexa CRM
2026-02-20 23:00:06 - nexa - INFO - main.py:21 - ============================================================
2026-02-20 23:00:09 - nexa - INFO - main.py:47 - Initialisation de QApplication...
2026-02-20 23:00:09 - nexa - INFO - main.py:77 - Création de la fenêtre principale...
2026-02-20 23:00:10 - nexa - INFO - main.py:81 - Création des vues d'onglets...
2026-02-20 23:00:14 - nexa - INFO - main.py:98 - Configuration des onglets...
2026-02-20 23:00:14 - nexa - INFO - main.py:135 - Affichage de la fenêtre principale...
2026-02-20 23:00:14 - nexa - INFO - main.py:141 - Interface chargée, en attente d'interactions utilisateur
2026-02-20 23:08:51 - nexa - INFO - main.py:144 - Fermeture de l'application (code: 0)
2026-02-20 23:08:57 - nexa - INFO - main.py:19 - ============================================================
2026-02-20 23:08:57 - nexa - INFO - main.py:20 - Démarrage de Nexa CRM
2026-02-20 23:08:57 - nexa - INFO - main.py:21 - ============================================================
2026-02-20 23:08:58 - nexa - INFO - main.py:47 - Initialisation de QApplication...
2026-02-20 23:08:58 - nexa - INFO - main.py:77 - Création de la fenêtre principale...
2026-02-20 23:08:59 - nexa - INFO - main.py:81 - Création des vues d'onglets...
2026-02-20 23:09:02 - nexa - INFO - main.py:98 - Configuration des onglets...
2026-02-20 23:09:02 - nexa - INFO - main.py:135 - Affichage de la fenêtre principale...
2026-02-20 23:09:02 - nexa - INFO - main.py:141 - Interface chargée, en attente d'interactions utilisateur
2026-02-20 23:15:32 - nexa - INFO - main.py:144 - Fermeture de l'application (code: 0)
2026-02-20 23:15:37 - nexa - INFO - main.py:19 - ============================================================
2026-02-20 23:15:37 - nexa - INFO - main.py:20 - Démarrage de Nexa CRM
2026-02-20 23:15:37 - nexa - INFO - main.py:21 - ============================================================
2026-02-20 23:15:38 - nexa - INFO - main.py:47 - Initialisation de QApplication...
2026-02-20 23:15:38 - nexa - INFO - main.py:77 - Création de la fenêtre principale...
2026-02-20 23:15:39 - nexa - INFO - main.py:81 - Création des vues d'onglets...
2026-02-20 23:15:42 - nexa - INFO - main.py:98 - Configuration des onglets...
2026-02-20 23:15:42 - nexa - INFO - main.py:135 - Affichage de la fenêtre principale...
2026-02-20 23:15:42 - nexa - INFO - main.py:141 - Interface chargée, en attente d'interactions utilisateur
2026-02-20 23:27:21 - nexa - INFO - main.py:144 - Fermeture de l'application (code: 0)
2026-02-20 23:27:28 - nexa - INFO - main.py:19 - ============================================================
2026-02-20 23:27:28 - nexa - INFO - main.py:20 - Démarrage de Nexa CRM
2026-02-20 23:27:28 - nexa - INFO - main.py:21 - ============================================================
2026-02-20 23:27:29 - nexa - INFO - main.py:47 - Initialisation de QApplication...
2026-02-20 23:27:32 - nexa - INFO - main.py:81 - Création de la fenêtre principale...
2026-02-20 23:27:32 - nexa - INFO - main.py:84 - Création des vues d'onglets...
2026-02-20 23:27:36 - nexa - INFO - main.py:100 - Configuration des onglets...
2026-02-20 23:27:36 - nexa - INFO - main.py:131 - Affichage de la fenêtre principale...
2026-02-20 23:27:36 - nexa - INFO - main.py:134 - Interface chargée, en attente d'interactions utilisateur
2026-02-20 23:27:38 - nexa - INFO - main.py:146 - Fermeture de l'application (code: 0)
2026-02-20 23:27:42 - nexa - INFO - main.py:19 - ============================================================
2026-02-20 23:27:42 - nexa - INFO - main.py:20 - Démarrage de Nexa CRM
2026-02-20 23:27:42 - nexa - INFO - main.py:21 - ============================================================
2026-02-20 23:27:43 - nexa - INFO - main.py:47 - Initialisation de QApplication...
2026-02-20 23:27:46 - nexa - INFO - main.py:81 - Création de la fenêtre principale...
2026-02-20 23:27:46 - nexa - INFO - main.py:84 - Création des vues d'onglets...
2026-02-20 23:27:48 - nexa - INFO - main.py:100 - Configuration des onglets...
2026-02-20 23:27:48 - nexa - INFO - main.py:131 - Affichage de la fenêtre principale...
2026-02-20 23:27:48 - nexa - INFO - main.py:134 - Interface chargée, en attente d'interactions utilisateur
2026-02-20 23:27:50 - nexa - INFO - main.py:146 - Fermeture de l'application (code: 0)
2026-02-20 23:27:53 - nexa - INFO - main.py:19 - ============================================================
2026-02-20 23:27:53 - nexa - INFO - main.py:20 - Démarrage de Nexa CRM
2026-02-20 23:27:53 - nexa - INFO - main.py:21 - ============================================================
2026-02-20 23:27:54 - nexa - INFO - main.py:47 - Initialisation de QApplication...
2026-02-20 23:27:57 - nexa - INFO - main.py:81 - Création de la fenêtre principale...
2026-02-20 23:27:57 - nexa - INFO - main.py:84 - Création des vues d'onglets...
2026-02-20 23:27:59 - nexa - INFO - main.py:100 - Configuration des onglets...
2026-02-20 23:27:59 - nexa - INFO - main.py:131 - Affichage de la fenêtre principale...
2026-02-20 23:27:59 - nexa - INFO - main.py:134 - Interface chargée, en attente d'interactions utilisateur
2026-02-20 23:28:03 - nexa - INFO - main.py:146 - Fermeture de l'application (code: 0)
2026-02-20 23:37:54 - nexa - INFO - main.py:19 - ============================================================
2026-02-20 23:37:54 - nexa - INFO - main.py:20 - Démarrage de Nexa CRM
2026-02-20 23:37:54 - nexa - INFO - main.py:21 - ============================================================
2026-02-20 23:37:56 - nexa - INFO - main.py:47 - Initialisation de QApplication...
2026-02-20 23:38:00 - nexa - INFO - main.py:81 - Création de la fenêtre principale...
2026-02-20 23:38:00 - nexa - INFO - main.py:84 - Création des vues d'onglets...
2026-02-20 23:38:04 - nexa - INFO - main.py:100 - Configuration des onglets...
2026-02-20 23:38:05 - nexa - INFO - main.py:131 - Affichage de la fenêtre principale...
2026-02-20 23:38:05 - nexa - INFO - main.py:134 - Interface chargée, en attente d'interactions utilisateur
2026-02-20 23:38:09 - nexa - INFO - main.py:146 - Fermeture de l'application (code: 0)
2026-02-20 23:38:12 - nexa - INFO - main.py:19 - ============================================================
2026-02-20 23:38:12 - nexa - INFO - main.py:20 - Démarrage de Nexa CRM
2026-02-20 23:38:12 - nexa - INFO - main.py:21 - ============================================================
2026-02-20 23:38:13 - nexa - INFO - main.py:47 - Initialisation de QApplication...
2026-02-20 23:38:17 - nexa - INFO - main.py:81 - Création de la fenêtre principale...
2026-02-20 23:38:17 - nexa - INFO - main.py:84 - Création des vues d'onglets...
2026-02-20 23:38:18 - nexa - INFO - main.py:100 - Configuration des onglets...
2026-02-20 23:38:19 - nexa - INFO - main.py:131 - Affichage de la fenêtre principale...
2026-02-20 23:38:19 - nexa - INFO - main.py:134 - Interface chargée, en attente d'interactions utilisateur
2026-02-20 23:38:54 - nexa - INFO - main.py:146 - Fermeture de l'application (code: 0)
2026-02-20 23:39:00 - nexa - INFO - main.py:19 - ============================================================
2026-02-20 23:39:00 - nexa - INFO - main.py:20 - Démarrage de Nexa CRM
2026-02-20 23:39:00 - nexa - INFO - main.py:21 - ============================================================
2026-02-20 23:39:01 - nexa - INFO - main.py:47 - Initialisation de QApplication...
2026-02-20 23:39:04 - nexa - INFO - main.py:81 - Création de la fenêtre principale...
2026-02-20 23:39:04 - nexa - INFO - main.py:84 - Création des vues d'onglets...
2026-02-20 23:39:06 - nexa - INFO - main.py:100 - Configuration des onglets...
2026-02-20 23:39:06 - nexa - INFO - main.py:131 - Affichage de la fenêtre principale...
2026-02-20 23:39:06 - nexa - INFO - main.py:134 - Interface chargée, en attente d'interactions utilisateur
2026-02-20 23:39:08 - nexa - INFO - main.py:146 - Fermeture de l'application (code: 0)
2026-02-20 23:40:36 - nexa - INFO - main.py:19 - ============================================================
2026-02-20 23:40:36 - nexa - INFO - main.py:20 - Démarrage de Nexa CRM
2026-02-20 23:40:36 - nexa - INFO - main.py:21 - ============================================================
2026-02-20 23:40:39 - nexa - INFO - main.py:47 - Initialisation de QApplication...
2026-02-20 23:40:43 - nexa - INFO - main.py:81 - Création de la fenêtre principale...
2026-02-20 23:40:43 - nexa - INFO - main.py:84 - Création des vues d'onglets...
2026-02-20 23:40:46 - nexa - INFO - main.py:100 - Configuration des onglets...
2026-02-20 23:40:47 - nexa - INFO - main.py:131 - Affichage de la fenêtre principale...
2026-02-20 23:40:47 - nexa - INFO - main.py:134 - Interface chargée, en attente d'interactions utilisateur
2026-02-20 23:48:40 - nexa - INFO - main.py:146 - Fermeture de l'application (code: 0)
2026-02-20 23:48:46 - nexa - INFO - main.py:19 - ============================================================
2026-02-20 23:48:46 - nexa - INFO - main.py:20 - Démarrage de Nexa CRM
2026-02-20 23:48:46 - nexa - INFO - main.py:21 - ============================================================
2026-02-20 23:48:47 - nexa - INFO - main.py:47 - Initialisation de QApplication...
2026-02-20 23:48:51 - nexa - INFO - main.py:81 - Création de la fenêtre principale...
2026-02-20 23:48:52 - nexa - INFO - main.py:84 - Création des vues d'onglets...
2026-02-20 23:48:55 - nexa - INFO - main.py:100 - Configuration des onglets...
2026-02-20 23:48:56 - nexa - INFO - main.py:131 - Affichage de la fenêtre principale...
2026-02-20 23:48:57 - nexa - INFO - main.py:134 - Interface chargée, en attente d'interactions utilisateur
2026-02-20 23:49:46 - nexa - INFO - main.py:146 - Fermeture de l'application (code: 0)
2026-02-20 23:49:50 - nexa - INFO - main.py:19 - ============================================================
2026-02-20 23:49:50 - nexa - INFO - main.py:20 - Démarrage de Nexa CRM
2026-02-20 23:49:50 - nexa - INFO - main.py:21 - ============================================================
2026-02-20 23:49:51 - nexa - INFO - main.py:47 - Initialisation de QApplication...
2026-02-20 23:49:55 - nexa - INFO - main.py:81 - Création de la fenêtre principale...
2026-02-20 23:49:56 - nexa - INFO - main.py:84 - Création des vues d'onglets...
2026-02-20 23:49:59 - nexa - INFO - main.py:100 - Configuration des onglets...
2026-02-20 23:49:59 - nexa - INFO - main.py:131 - Affichage de la fenêtre principale...
2026-02-20 23:49:59 - nexa - INFO - main.py:134 - Interface chargée, en attente d'interactions utilisateur
2026-02-20 23:50:02 - nexa - INFO - main.py:146 - Fermeture de l'application (code: 0)
2026-02-20 23:53:48 - nexa - INFO - main.py:19 - ============================================================
2026-02-20 23:53:48 - nexa - INFO - main.py:20 - Démarrage de Nexa CRM
2026-02-20 23:53:48 - nexa - INFO - main.py:21 - ============================================================
2026-02-20 23:53:49 - nexa - INFO - main.py:47 - Initialisation de QApplication...
2026-02-20 23:53:54 - nexa - INFO - main.py:81 - Création de la fenêtre principale...
2026-02-20 23:53:54 - nexa - INFO - main.py:84 - Création des vues d'onglets...
2026-02-20 23:53:57 - nexa - INFO - main.py:100 - Configuration des onglets...
2026-02-20 23:53:58 - nexa - INFO - main.py:131 - Affichage de la fenêtre principale...
2026-02-20 23:53:58 - nexa - INFO - main.py:134 - Interface chargée, en attente d'interactions utilisateur
2026-02-20 23:54:00 - nexa - INFO - main.py:146 - Fermeture de l'application (code: 0)
2026-02-20 23:54:39 - nexa - INFO - main.py:19 - ============================================================
2026-02-20 23:54:39 - nexa - INFO - main.py:20 - Démarrage de Nexa CRM
2026-02-20 23:54:39 - nexa - INFO - main.py:21 - ============================================================
2026-02-20 23:54:40 - nexa - INFO - main.py:47 - Initialisation de QApplication...
2026-02-20 23:54:42 - nexa - INFO - main.py:81 - Création de la fenêtre principale...
2026-02-20 23:54:43 - nexa - INFO - main.py:84 - Création des vues d'onglets...
2026-02-20 23:54:44 - nexa - INFO - main.py:100 - Configuration des onglets...
2026-02-20 23:54:45 - nexa - INFO - main.py:131 - Affichage de la fenêtre principale...
2026-02-20 23:54:45 - nexa - INFO - main.py:134 - Interface chargée, en attente d'interactions utilisateur
2026-02-20 23:54:47 - nexa - INFO - main.py:146 - Fermeture de l'application (code: 0)
2026-02-20 23:54:55 - nexa - INFO - main.py:19 - ============================================================
2026-02-20 23:54:55 - nexa - INFO - main.py:20 - Démarrage de Nexa CRM
2026-02-20 23:54:55 - nexa - INFO - main.py:21 - ============================================================
2026-02-20 23:54:56 - nexa - INFO - main.py:47 - Initialisation de QApplication...
2026-02-20 23:55:00 - nexa - INFO - main.py:81 - Création de la fenêtre principale...
2026-02-20 23:55:00 - nexa - INFO - main.py:84 - Création des vues d'onglets...
2026-02-20 23:55:02 - nexa - INFO - main.py:100 - Configuration des onglets...
2026-02-20 23:55:02 - nexa - INFO - main.py:131 - Affichage de la fenêtre principale...
2026-02-20 23:55:02 - nexa - INFO - main.py:134 - Interface chargée, en attente d'interactions utilisateur
2026-02-20 23:55:04 - nexa - INFO - main.py:146 - Fermeture de l'application (code: 0)
2026-02-20 23:55:14 - nexa - INFO - main.py:19 - ============================================================
2026-02-20 23:55:14 - nexa - INFO - main.py:20 - Démarrage de Nexa CRM
2026-02-20 23:55:14 - nexa - INFO - main.py:21 - ============================================================
2026-02-20 23:55:14 - nexa - INFO - main.py:47 - Initialisation de QApplication...
2026-02-20 23:55:18 - nexa - INFO - main.py:81 - Création de la fenêtre principale...
2026-02-20 23:55:18 - nexa - INFO - main.py:84 - Création des vues d'onglets...
2026-02-20 23:55:20 - nexa - INFO - main.py:100 - Configuration des onglets...
2026-02-20 23:55:20 - nexa - INFO - main.py:131 - Affichage de la fenêtre principale...
2026-02-20 23:55:20 - nexa - INFO - main.py:134 - Interface chargée, en attente d'interactions utilisateur
2026-02-20 23:55:27 - nexa - INFO - main.py:146 - Fermeture de l'application (code: 0)
2026-02-20 23:55:31 - nexa - INFO - main.py:19 - ============================================================
2026-02-20 23:55:31 - nexa - INFO - main.py:20 - Démarrage de Nexa CRM
2026-02-20 23:55:31 - nexa - INFO - main.py:21 - ============================================================
2026-02-20 23:55:32 - nexa - INFO - main.py:47 - Initialisation de QApplication...
2026-02-20 23:55:36 - nexa - INFO - main.py:81 - Création de la fenêtre principale...
2026-02-20 23:55:36 - nexa - INFO - main.py:84 - Création des vues d'onglets...
2026-02-20 23:55:38 - nexa - INFO - main.py:100 - Configuration des onglets...
2026-02-20 23:55:38 - nexa - INFO - main.py:131 - Affichage de la fenêtre principale...
2026-02-20 23:55:38 - nexa - INFO - main.py:134 - Interface chargée, en attente d'interactions utilisateur
2026-02-20 23:55:42 - nexa - INFO - main.py:146 - Fermeture de l'application (code: 0)
2026-02-20 23:55:45 - nexa - INFO - main.py:19 - ============================================================
2026-02-20 23:55:45 - nexa - INFO - main.py:20 - Démarrage de Nexa CRM
2026-02-20 23:55:45 - nexa - INFO - main.py:21 - ============================================================
2026-02-20 23:55:46 - nexa - INFO - main.py:47 - Initialisation de QApplication...
2026-02-20 23:55:50 - nexa - INFO - main.py:81 - Création de la fenêtre principale...
2026-02-20 23:55:50 - nexa - INFO - main.py:84 - Création des vues d'onglets...
2026-02-20 23:55:52 - nexa - INFO - main.py:100 - Configuration des onglets...
2026-02-20 23:55:52 - nexa - INFO - main.py:131 - Affichage de la fenêtre principale...
2026-02-20 23:55:52 - nexa - INFO - main.py:134 - Interface chargée, en attente d'interactions utilisateur
2026-02-20 23:55:57 - nexa - INFO - main.py:146 - Fermeture de l'application (code: 0)
2026-02-20 23:56:00 - nexa - INFO - main.py:19 - ============================================================
2026-02-20 23:56:00 - nexa - INFO - main.py:20 - Démarrage de Nexa CRM
2026-02-20 23:56:00 - nexa - INFO - main.py:21 - ============================================================
2026-02-20 23:56:00 - nexa - INFO - main.py:47 - Initialisation de QApplication...
2026-02-20 23:56:04 - nexa - INFO - main.py:81 - Création de la fenêtre principale...
2026-02-20 23:56:05 - nexa - INFO - main.py:84 - Création des vues d'onglets...
2026-02-20 23:56:06 - nexa - INFO - main.py:100 - Configuration des onglets...
2026-02-20 23:56:06 - nexa - INFO - main.py:131 - Affichage de la fenêtre principale...
2026-02-20 23:56:07 - nexa - INFO - main.py:134 - Interface chargée, en attente d'interactions utilisateur
2026-02-20 23:56:09 - nexa - INFO - main.py:146 - Fermeture de l'application (code: 0)
