2026-02-18 02:00:31 - nexa - INFO - main.py:19 - ============================================================
2026-02-18 02:00:31 - nexa - INFO - main.py:20 - Démarrage de Nexa CRM
2026-02-18 02:00:31 - nexa - INFO - main.py:21 - ============================================================
2026-02-18 02:00:33 - nexa - INFO - main.py:48 - Initialisation de QApplication...
2026-02-18 02:00:33 - nexa - INFO - main.py:78 - Création de la fenêtre principale...
2026-02-18 02:00:34 - nexa - INFO - main.py:82 - Création des vues d'onglets...
2026-02-18 02:00:38 - nexa - INFO - main.py:100 - Configuration des onglets...
2026-02-18 02:00:38 - nexa - INFO - main.py:145 - Affichage de la fenêtre principale...
2026-02-18 02:00:38 - nexa - INFO - main.py:151 - Interface chargée, en attente d'interactions utilisateur
2026-02-18 02:25:53 - nexa - INFO - main.py:154 - Fermeture de l'application (code: 0)
2026-02-18 02:25:57 - nexa - INFO - main.py:19 - ============================================================
2026-02-18 02:25:57 - nexa - INFO - main.py:20 - Démarrage de Nexa CRM
2026-02-18 02:25:57 - nexa - INFO - main.py:21 - ============================================================
2026-02-18 02:27:19 - nexa - INFO - main.py:19 - ============================================================
2026-02-18 02:27:19 - nexa - INFO - main.py:20 - Démarrage de Nexa CRM
2026-02-18 02:27:19 - nexa - INFO - main.py:21 - ============================================================
2026-02-18 02:27:28 - nexa - INFO - main.py:48 - Initialisation de QApplication...
2026-02-18 02:27:28 - nexa - INFO - main.py:78 - Création de la fenêtre principale...
2026-02-18 02:27:29 - nexa - INFO - main.py:82 - Création des vues d'onglets...
2026-02-18 02:27:30 - nexa - CRITICAL - main.py:158 - Erreur fatale au démarrage : name 'COULEUR_FOND' is not defined
Traceback (most recent call last):
  File "/Users/CreepySensei/Desktop/Dev/Nexa/app/main.py", line 85, in main
    vue_recherche = RechercheView()
  File "/Users/CreepySensei/Desktop/Dev/Nexa/app/views/recherche_view.py", line 93, in __init__
    self._construire_ui()
  File "/Users/CreepySensei/Desktop/Dev/Nexa/app/views/recherche_view.py", line 113, in _construire_ui
    background-color: {COULEUR_FOND};
NameError: name 'COULEUR_FOND' is not defined
2026-02-18 02:31:18 - nexa - INFO - main.py:19 - ============================================================
2026-02-18 02:31:18 - nexa - INFO - main.py:20 - Démarrage de Nexa CRM
2026-02-18 02:31:18 - nexa - INFO - main.py:21 - ============================================================
2026-02-18 02:31:21 - nexa - INFO - main.py:48 - Initialisation de QApplication...
2026-02-18 02:31:21 - nexa - INFO - main.py:78 - Création de la fenêtre principale...
2026-02-18 02:31:22 - nexa - INFO - main.py:82 - Création des vues d'onglets...
2026-02-18 02:31:22 - nexa - CRITICAL - main.py:158 - Erreur fatale au démarrage : name 'COULEUR_TEXTE' is not defined
Traceback (most recent call last):
  File "/Users/CreepySensei/Desktop/Dev/Nexa/app/main.py", line 85, in main
    vue_recherche = RechercheView()
  File "/Users/CreepySensei/Desktop/Dev/Nexa/app/views/recherche_view.py", line 93, in __init__
    self._construire_ui()
  File "/Users/CreepySensei/Desktop/Dev/Nexa/app/views/recherche_view.py", line 150, in _construire_ui
    color: {COULEUR_TEXTE};
NameError: name 'COULEUR_TEXTE' is not defined
2026-02-18 02:32:11 - nexa - INFO - main.py:19 - ============================================================
2026-02-18 02:32:11 - nexa - INFO - main.py:20 - Démarrage de Nexa CRM
2026-02-18 02:32:11 - nexa - INFO - main.py:21 - ============================================================
2026-02-18 02:32:11 - nexa - INFO - main.py:48 - Initialisation de QApplication...
2026-02-18 02:32:12 - nexa - INFO - main.py:78 - Création de la fenêtre principale...
2026-02-18 02:32:12 - nexa - INFO - main.py:82 - Création des vues d'onglets...
2026-02-18 02:32:16 - nexa - INFO - main.py:100 - Configuration des onglets...
2026-02-18 02:32:16 - nexa - INFO - main.py:145 - Affichage de la fenêtre principale...
2026-02-18 02:32:16 - nexa - INFO - main.py:151 - Interface chargée, en attente d'interactions utilisateur
2026-02-18 02:41:35 - nexa - INFO - main.py:154 - Fermeture de l'application (code: 0)
2026-02-18 02:41:40 - nexa - INFO - main.py:19 - ============================================================
2026-02-18 02:41:40 - nexa - INFO - main.py:20 - Démarrage de Nexa CRM
2026-02-18 02:41:40 - nexa - INFO - main.py:21 - ============================================================
2026-02-18 02:41:41 - nexa - INFO - main.py:48 - Initialisation de QApplication...
2026-02-18 02:41:41 - nexa - INFO - main.py:78 - Création de la fenêtre principale...
2026-02-18 02:41:41 - nexa - INFO - main.py:82 - Création des vues d'onglets...
2026-02-18 02:41:42 - nexa - CRITICAL - main.py:158 - Erreur fatale au démarrage : 'RechercheView' object has no attribute 'layout_principal'
Traceback (most recent call last):
  File "/Users/CreepySensei/Desktop/Dev/Nexa/app/main.py", line 85, in main
    vue_recherche = RechercheView()
  File "/Users/CreepySensei/Desktop/Dev/Nexa/app/views/recherche_view.py", line 93, in __init__
    self._construire_ui()
  File "/Users/CreepySensei/Desktop/Dev/Nexa/app/views/recherche_view.py", line 198, in _construire_ui
    self.layout_principal.addLayout(layout_haut)
AttributeError: 'RechercheView' object has no attribute 'layout_principal'
2026-02-18 02:45:48 - nexa - INFO - main.py:19 - ============================================================
2026-02-18 02:45:48 - nexa - INFO - main.py:20 - Démarrage de Nexa CRM
2026-02-18 02:45:48 - nexa - INFO - main.py:21 - ============================================================
2026-02-18 02:45:48 - nexa - INFO - main.py:48 - Initialisation de QApplication...
2026-02-18 02:45:48 - nexa - INFO - main.py:78 - Création de la fenêtre principale...
2026-02-18 02:45:48 - nexa - INFO - main.py:82 - Création des vues d'onglets...
2026-02-18 02:45:52 - nexa - INFO - main.py:100 - Configuration des onglets...
2026-02-18 02:45:52 - nexa - INFO - main.py:145 - Affichage de la fenêtre principale...
2026-02-18 02:45:52 - nexa - INFO - main.py:151 - Interface chargée, en attente d'interactions utilisateur
2026-02-18 02:48:29 - nexa - INFO - main.py:154 - Fermeture de l'application (code: 0)
2026-02-18 03:05:37 - nexa - INFO - main.py:19 - ============================================================
2026-02-18 03:05:37 - nexa - INFO - main.py:20 - Démarrage de Nexa CRM
2026-02-18 03:05:37 - nexa - INFO - main.py:21 - ============================================================
2026-02-18 03:05:39 - nexa - INFO - main.py:48 - Initialisation de QApplication...
2026-02-18 03:05:39 - nexa - INFO - main.py:78 - Création de la fenêtre principale...
2026-02-18 03:05:40 - nexa - INFO - main.py:82 - Création des vues d'onglets...
2026-02-18 03:05:40 - nexa - CRITICAL - main.py:158 - Erreur fatale au démarrage : 'NoneType' object has no attribute 'setStyleSheet'
Traceback (most recent call last):
  File "/Users/CreepySensei/Desktop/Dev/Nexa/app/main.py", line 85, in main
    vue_recherche = RechercheView()
  File "/Users/CreepySensei/Desktop/Dev/Nexa/app/views/recherche_view.py", line 93, in __init__
    self._construire_ui()
  File "/Users/CreepySensei/Desktop/Dev/Nexa/app/views/recherche_view.py", line 172, in _construire_ui
    self._overlay.setStyleSheet(
AttributeError: 'NoneType' object has no attribute 'setStyleSheet'
2026-02-18 03:11:53 - nexa - INFO - main.py:19 - ============================================================
2026-02-18 03:11:53 - nexa - INFO - main.py:20 - Démarrage de Nexa CRM
2026-02-18 03:11:53 - nexa - INFO - main.py:21 - ============================================================
2026-02-18 03:11:56 - nexa - INFO - main.py:48 - Initialisation de QApplication...
2026-02-18 03:11:56 - nexa - INFO - main.py:78 - Création de la fenêtre principale...
2026-02-18 03:11:56 - nexa - INFO - main.py:82 - Création des vues d'onglets...
2026-02-18 03:12:01 - nexa - INFO - main.py:100 - Configuration des onglets...
2026-02-18 03:12:01 - nexa - INFO - main.py:145 - Affichage de la fenêtre principale...
2026-02-18 03:12:01 - nexa - INFO - main.py:151 - Interface chargée, en attente d'interactions utilisateur
2026-02-18 03:20:42 - nexa - INFO - main.py:154 - Fermeture de l'application (code: 0)
2026-02-18 03:20:48 - nexa - INFO - main.py:19 - ============================================================
2026-02-18 03:20:48 - nexa - INFO - main.py:20 - Démarrage de Nexa CRM
2026-02-18 03:20:48 - nexa - INFO - main.py:21 - ============================================================
2026-02-18 03:20:49 - nexa - INFO - main.py:48 - Initialisation de QApplication...
2026-02-18 03:20:49 - nexa - INFO - main.py:78 - Création de la fenêtre principale...
2026-02-18 03:20:49 - nexa - INFO - main.py:82 - Création des vues d'onglets...
2026-02-18 03:20:52 - nexa - INFO - main.py:100 - Configuration des onglets...
2026-02-18 03:20:53 - nexa - INFO - main.py:145 - Affichage de la fenêtre principale...
2026-02-18 03:20:53 - nexa - INFO - main.py:151 - Interface chargée, en attente d'interactions utilisateur
2026-02-18 03:29:35 - nexa - INFO - main.py:154 - Fermeture de l'application (code: 0)
2026-02-18 03:29:46 - nexa - INFO - main.py:19 - ============================================================
2026-02-18 03:29:46 - nexa - INFO - main.py:20 - Démarrage de Nexa CRM
2026-02-18 03:29:46 - nexa - INFO - main.py:21 - ============================================================
2026-02-18 03:29:47 - nexa - INFO - main.py:48 - Initialisation de QApplication...
2026-02-18 03:29:48 - nexa - INFO - main.py:78 - Création de la fenêtre principale...
2026-02-18 03:29:48 - nexa - INFO - main.py:82 - Création des vues d'onglets...
2026-02-18 03:29:48 - nexa - CRITICAL - main.py:158 - Erreur fatale au démarrage : 'NoneType' object has no attribute 'setStyleSheet'
Traceback (most recent call last):
  File "/Users/CreepySensei/Desktop/Dev/Nexa/app/main.py", line 85, in main
    vue_recherche = RechercheView()
  File "/Users/CreepySensei/Desktop/Dev/Nexa/app/views/recherche_view.py", line 93, in __init__
    self._construire_ui()
  File "/Users/CreepySensei/Desktop/Dev/Nexa/app/views/recherche_view.py", line 176, in _construire_ui
    self._overlay.setStyleSheet(bouton_style)  # Overlay
AttributeError: 'NoneType' object has no attribute 'setStyleSheet'
2026-02-18 03:35:08 - nexa - INFO - main.py:19 - ============================================================
2026-02-18 03:35:08 - nexa - INFO - main.py:20 - Démarrage de Nexa CRM
2026-02-18 03:35:08 - nexa - INFO - main.py:21 - ============================================================
2026-02-18 03:35:10 - nexa - INFO - main.py:48 - Initialisation de QApplication...
2026-02-18 03:35:11 - nexa - INFO - main.py:78 - Création de la fenêtre principale...
2026-02-18 03:35:11 - nexa - INFO - main.py:82 - Création des vues d'onglets...
2026-02-18 03:35:15 - nexa - INFO - main.py:100 - Configuration des onglets...
2026-02-18 03:35:16 - nexa - INFO - main.py:145 - Affichage de la fenêtre principale...
2026-02-18 03:35:16 - nexa - INFO - main.py:151 - Interface chargée, en attente d'interactions utilisateur
2026-02-18 03:53:45 - nexa - INFO - main.py:154 - Fermeture de l'application (code: 0)
2026-02-18 03:53:52 - nexa - INFO - main.py:19 - ============================================================
2026-02-18 03:53:52 - nexa - INFO - main.py:20 - Démarrage de Nexa CRM
2026-02-18 03:53:52 - nexa - INFO - main.py:21 - ============================================================
2026-02-18 03:53:53 - nexa - INFO - main.py:48 - Initialisation de QApplication...
2026-02-18 03:53:53 - nexa - INFO - main.py:78 - Création de la fenêtre principale...
2026-02-18 03:53:53 - nexa - INFO - main.py:82 - Création des vues d'onglets...
2026-02-18 03:53:57 - nexa - INFO - main.py:100 - Configuration des onglets...
2026-02-18 03:53:57 - nexa - INFO - main.py:145 - Affichage de la fenêtre principale...
2026-02-18 03:53:57 - nexa - INFO - main.py:151 - Interface chargée, en attente d'interactions utilisateur
2026-02-18 03:56:49 - nexa - INFO - main.py:154 - Fermeture de l'application (code: 0)
2026-02-18 03:57:27 - nexa - INFO - main.py:19 - ============================================================
2026-02-18 03:57:27 - nexa - INFO - main.py:20 - Démarrage de Nexa CRM
2026-02-18 03:57:27 - nexa - INFO - main.py:21 - ============================================================
2026-02-18 03:57:29 - nexa - INFO - main.py:48 - Initialisation de QApplication...
2026-02-18 03:57:29 - nexa - INFO - main.py:78 - Création de la fenêtre principale...
2026-02-18 03:57:29 - nexa - INFO - main.py:82 - Création des vues d'onglets...
2026-02-18 12:41:43 - nexa - INFO - main.py:19 - ============================================================
2026-02-18 12:41:43 - nexa - INFO - main.py:20 - Démarrage de Nexa CRM
2026-02-18 12:41:43 - nexa - INFO - main.py:21 - ============================================================
2026-02-18 12:42:13 - nexa - INFO - main.py:19 - ============================================================
2026-02-18 12:42:13 - nexa - INFO - main.py:20 - Démarrage de Nexa CRM
2026-02-18 12:42:13 - nexa - INFO - main.py:21 - ============================================================
2026-02-18 12:42:14 - nexa - INFO - main.py:48 - Initialisation de QApplication...
2026-02-18 12:42:14 - nexa - INFO - main.py:78 - Création de la fenêtre principale...
2026-02-18 12:42:14 - nexa - INFO - main.py:82 - Création des vues d'onglets...
2026-02-18 12:50:38 - nexa - INFO - main.py:19 - ============================================================
2026-02-18 12:50:38 - nexa - INFO - main.py:20 - Démarrage de Nexa CRM
2026-02-18 12:50:38 - nexa - INFO - main.py:21 - ============================================================
2026-02-18 12:50:41 - nexa - INFO - main.py:48 - Initialisation de QApplication...
2026-02-18 12:50:42 - nexa - INFO - main.py:78 - Création de la fenêtre principale...
2026-02-18 12:50:42 - nexa - INFO - main.py:82 - Création des vues d'onglets...
2026-02-18 12:54:04 - nexa - INFO - main.py:19 - ============================================================
2026-02-18 12:54:04 - nexa - INFO - main.py:20 - Démarrage de Nexa CRM
2026-02-18 12:54:04 - nexa - INFO - main.py:21 - ============================================================
2026-02-18 12:55:32 - nexa - INFO - main.py:19 - ============================================================
2026-02-18 12:55:32 - nexa - INFO - main.py:20 - Démarrage de Nexa CRM
2026-02-18 12:55:32 - nexa - INFO - main.py:21 - ============================================================
2026-02-18 12:55:34 - nexa - INFO - main.py:48 - Initialisation de QApplication...
2026-02-18 12:55:35 - nexa - INFO - main.py:78 - Création de la fenêtre principale...
2026-02-18 12:55:35 - nexa - INFO - main.py:82 - Création des vues d'onglets...
2026-02-18 12:57:30 - nexa - INFO - main.py:19 - ============================================================
2026-02-18 12:57:30 - nexa - INFO - main.py:20 - Démarrage de Nexa CRM
2026-02-18 12:57:30 - nexa - INFO - main.py:21 - ============================================================
2026-02-18 12:57:32 - nexa - INFO - main.py:48 - Initialisation de QApplication...
2026-02-18 12:57:33 - nexa - INFO - main.py:78 - Création de la fenêtre principale...
2026-02-18 12:57:33 - nexa - INFO - main.py:82 - Création des vues d'onglets...
2026-02-18 12:57:38 - nexa - INFO - main.py:100 - Configuration des onglets...
2026-02-18 12:57:38 - nexa - INFO - main.py:145 - Affichage de la fenêtre principale...
2026-02-18 12:57:39 - nexa - INFO - main.py:151 - Interface chargée, en attente d'interactions utilisateur
2026-02-18 13:03:35 - nexa - INFO - main.py:154 - Fermeture de l'application (code: 0)
2026-02-18 13:03:39 - nexa - INFO - main.py:19 - ============================================================
2026-02-18 13:03:39 - nexa - INFO - main.py:20 - Démarrage de Nexa CRM
2026-02-18 13:03:39 - nexa - INFO - main.py:21 - ============================================================
2026-02-18 13:03:40 - nexa - INFO - main.py:48 - Initialisation de QApplication...
2026-02-18 13:03:40 - nexa - INFO - main.py:78 - Création de la fenêtre principale...
2026-02-18 13:03:40 - nexa - INFO - main.py:82 - Création des vues d'onglets...
2026-02-18 13:03:44 - nexa - INFO - main.py:100 - Configuration des onglets...
2026-02-18 13:03:44 - nexa - INFO - main.py:145 - Affichage de la fenêtre principale...
2026-02-18 13:03:44 - nexa - INFO - main.py:151 - Interface chargée, en attente d'interactions utilisateur
2026-02-18 13:14:24 - nexa - INFO - main.py:154 - Fermeture de l'application (code: 0)
2026-02-18 20:39:23 - nexa - INFO - main.py:19 - ============================================================
2026-02-18 20:39:23 - nexa - INFO - main.py:20 - Démarrage de Nexa CRM
2026-02-18 20:39:23 - nexa - INFO - main.py:21 - ============================================================
2026-02-18 20:39:25 - nexa - INFO - main.py:48 - Initialisation de QApplication...
2026-02-18 20:39:26 - nexa - INFO - main.py:78 - Création de la fenêtre principale...
2026-02-18 20:39:26 - nexa - INFO - main.py:82 - Création des vues d'onglets...
2026-02-18 20:39:31 - nexa - INFO - main.py:100 - Configuration des onglets...
2026-02-18 20:39:31 - nexa - INFO - main.py:145 - Affichage de la fenêtre principale...
2026-02-18 20:39:31 - nexa - INFO - main.py:151 - Interface chargée, en attente d'interactions utilisateur
2026-02-18 21:44:50 - nexa - INFO - main.py:154 - Fermeture de l'application (code: 0)
