2026-02-21 00:01:44 - nexa - INFO - main.py:19 - ============================================================
2026-02-21 00:01:44 - nexa - INFO - main.py:20 - Démarrage de Nexa CRM
2026-02-21 00:01:44 - nexa - INFO - main.py:21 - ============================================================
2026-02-21 00:01:46 - nexa - INFO - main.py:47 - Initialisation de QApplication...
2026-02-21 00:01:51 - nexa - INFO - main.py:81 - Création de la fenêtre principale...
2026-02-21 00:01:52 - nexa - INFO - main.py:84 - Création des vues d'onglets...
2026-02-21 00:01:55 - nexa - INFO - main.py:100 - Configuration des onglets...
2026-02-21 00:01:56 - nexa - INFO - main.py:131 - Affichage de la fenêtre principale...
2026-02-21 00:01:56 - nexa - INFO - main.py:134 - Interface chargée, en attente d'interactions utilisateur
2026-02-21 00:04:25 - nexa - INFO - main.py:146 - Fermeture de l'application (code: 0)
2026-02-21 00:05:42 - nexa - INFO - main.py:19 - ============================================================
2026-02-21 00:05:42 - nexa - INFO - main.py:20 - Démarrage de Nexa CRM
2026-02-21 00:05:42 - nexa - INFO - main.py:21 - ============================================================
2026-02-21 00:05:45 - nexa - INFO - main.py:47 - Initialisation de QApplication...
2026-02-21 00:05:50 - nexa - INFO - main.py:81 - Création de la fenêtre principale...
2026-02-21 00:05:50 - nexa - INFO - main.py:84 - Création des vues d'onglets...
2026-02-21 00:05:53 - nexa - INFO - main.py:100 - Configuration des onglets...
2026-02-21 00:05:54 - nexa - INFO - main.py:131 - Affichage de la fenêtre principale...
2026-02-21 00:05:54 - nexa - INFO - main.py:134 - Interface chargée, en attente d'interactions utilisateur
2026-02-21 00:06:02 - nexa - INFO - main.py:146 - Fermeture de l'application (code: 0)
2026-02-21 00:09:31 - nexa - INFO - main.py:19 - ============================================================
2026-02-21 00:09:31 - nexa - INFO - main.py:20 - Démarrage de Nexa CRM
2026-02-21 00:09:31 - nexa - INFO - main.py:21 - ============================================================
2026-02-21 00:09:33 - nexa - INFO - main.py:47 - Initialisation de QApplication...
2026-02-21 00:09:38 - nexa - INFO - main.py:81 - Création de la fenêtre principale...
2026-02-21 00:09:38 - nexa - INFO - main.py:84 - Création des vues d'onglets...
2026-02-21 00:09:42 - nexa - INFO - main.py:100 - Configuration des onglets...
2026-02-21 00:09:42 - nexa - INFO - main.py:131 - Affichage de la fenêtre principale...
2026-02-21 00:09:43 - nexa - INFO - main.py:134 - Interface chargée, en attente d'interactions utilisateur
2026-02-21 00:09:46 - nexa - INFO - main.py:146 - Fermeture de l'application (code: 0)
2026-02-21 00:09:48 - nexa - INFO - main.py:19 - ============================================================
2026-02-21 00:09:48 - nexa - INFO - main.py:20 - Démarrage de Nexa CRM
2026-02-21 00:09:48 - nexa - INFO - main.py:21 - ============================================================
2026-02-21 00:09:49 - nexa - INFO - main.py:47 - Initialisation de QApplication...
2026-02-21 00:09:54 - nexa - INFO - main.py:81 - Création de la fenêtre principale...
2026-02-21 00:09:54 - nexa - INFO - main.py:84 - Création des vues d'onglets...
2026-02-21 00:09:56 - nexa - INFO - main.py:100 - Configuration des onglets...
2026-02-21 00:09:56 - nexa - INFO - main.py:131 - Affichage de la fenêtre principale...
2026-02-21 00:09:56 - nexa - INFO - main.py:134 - Interface chargée, en attente d'interactions utilisateur
2026-02-21 00:10:23 - nexa - INFO - main.py:146 - Fermeture de l'application (code: 0)
2026-02-21 00:10:29 - nexa - INFO - main.py:19 - ============================================================
2026-02-21 00:10:29 - nexa - INFO - main.py:20 - Démarrage de Nexa CRM
2026-02-21 00:10:29 - nexa - INFO - main.py:21 - ============================================================
2026-02-21 00:10:30 - nexa - INFO - main.py:47 - Initialisation de QApplication...
2026-02-21 00:10:35 - nexa - INFO - main.py:81 - Création de la fenêtre principale...
2026-02-21 00:10:35 - nexa - INFO - main.py:84 - Création des vues d'onglets...
2026-02-21 00:10:38 - nexa - INFO - main.py:100 - Configuration des onglets...
2026-02-21 00:10:39 - nexa - INFO - main.py:131 - Affichage de la fenêtre principale...
2026-02-21 00:10:39 - nexa - INFO - main.py:134 - Interface chargée, en attente d'interactions utilisateur
2026-02-21 00:10:43 - nexa - INFO - main.py:146 - Fermeture de l'application (code: 0)
2026-02-21 00:10:51 - nexa - INFO - main.py:19 - ============================================================
2026-02-21 00:10:51 - nexa - INFO - main.py:20 - Démarrage de Nexa CRM
2026-02-21 00:10:51 - nexa - INFO - main.py:21 - ============================================================
2026-02-21 00:10:52 - nexa - INFO - main.py:47 - Initialisation de QApplication...
2026-02-21 00:10:57 - nexa - INFO - main.py:81 - Création de la fenêtre principale...
2026-02-21 00:10:57 - nexa - INFO - main.py:84 - Création des vues d'onglets...
2026-02-21 00:10:58 - nexa - INFO - main.py:100 - Configuration des onglets...
2026-02-21 00:10:59 - nexa - INFO - main.py:131 - Affichage de la fenêtre principale...
2026-02-21 00:10:59 - nexa - INFO - main.py:134 - Interface chargée, en attente d'interactions utilisateur
2026-02-21 00:14:26 - nexa - INFO - main.py:146 - Fermeture de l'application (code: 0)
2026-02-21 00:14:30 - nexa - INFO - main.py:19 - ============================================================
2026-02-21 00:14:30 - nexa - INFO - main.py:20 - Démarrage de Nexa CRM
2026-02-21 00:14:30 - nexa - INFO - main.py:21 - ============================================================
2026-02-21 00:14:31 - nexa - INFO - main.py:47 - Initialisation de QApplication...
2026-02-21 00:14:36 - nexa - INFO - main.py:81 - Création de la fenêtre principale...
2026-02-21 00:14:37 - nexa - INFO - main.py:84 - Création des vues d'onglets...
2026-02-21 00:14:40 - nexa - INFO - main.py:100 - Configuration des onglets...
2026-02-21 00:14:40 - nexa - INFO - main.py:131 - Affichage de la fenêtre principale...
2026-02-21 00:14:40 - nexa - INFO - main.py:134 - Interface chargée, en attente d'interactions utilisateur
2026-02-21 00:14:43 - nexa - INFO - main.py:146 - Fermeture de l'application (code: 0)
2026-02-21 00:14:49 - nexa - INFO - main.py:19 - ============================================================
2026-02-21 00:14:49 - nexa - INFO - main.py:20 - Démarrage de Nexa CRM
2026-02-21 00:14:49 - nexa - INFO - main.py:21 - ============================================================
2026-02-21 00:14:50 - nexa - INFO - main.py:47 - Initialisation de QApplication...
2026-02-21 00:14:55 - nexa - INFO - main.py:81 - Création de la fenêtre principale...
2026-02-21 00:14:55 - nexa - INFO - main.py:84 - Création des vues d'onglets...
2026-02-21 00:14:57 - nexa - INFO - main.py:100 - Configuration des onglets...
2026-02-21 00:14:57 - nexa - INFO - main.py:131 - Affichage de la fenêtre principale...
2026-02-21 00:14:58 - nexa - INFO - main.py:134 - Interface chargée, en attente d'interactions utilisateur
2026-02-21 00:18:51 - nexa - INFO - main.py:146 - Fermeture de l'application (code: 0)
2026-02-21 00:19:03 - nexa - INFO - main.py:19 - ============================================================
2026-02-21 00:19:03 - nexa - INFO - main.py:20 - Démarrage de Nexa CRM
2026-02-21 00:19:03 - nexa - INFO - main.py:21 - ============================================================
2026-02-21 00:19:05 - nexa - INFO - main.py:47 - Initialisation de QApplication...
2026-02-21 00:19:15 - nexa - INFO - main.py:81 - Création de la fenêtre principale...
2026-02-21 00:19:15 - nexa - INFO - main.py:84 - Création des vues d'onglets...
2026-02-21 00:19:19 - nexa - INFO - main.py:100 - Configuration des onglets...
2026-02-21 00:19:19 - nexa - INFO - main.py:131 - Affichage de la fenêtre principale...
2026-02-21 00:19:20 - nexa - INFO - main.py:134 - Interface chargée, en attente d'interactions utilisateur
2026-02-21 00:19:22 - nexa - INFO - main.py:146 - Fermeture de l'application (code: 0)
2026-02-21 00:19:31 - nexa - INFO - main.py:19 - ============================================================
2026-02-21 00:19:31 - nexa - INFO - main.py:20 - Démarrage de Nexa CRM
2026-02-21 00:19:31 - nexa - INFO - main.py:21 - ============================================================
2026-02-21 00:19:32 - nexa - INFO - main.py:47 - Initialisation de QApplication...
2026-02-21 00:19:36 - nexa - INFO - main.py:81 - Création de la fenêtre principale...
2026-02-21 00:19:37 - nexa - INFO - main.py:84 - Création des vues d'onglets...
2026-02-21 00:19:41 - nexa - INFO - main.py:100 - Configuration des onglets...
2026-02-21 00:19:41 - nexa - INFO - main.py:131 - Affichage de la fenêtre principale...
2026-02-21 00:19:41 - nexa - INFO - main.py:134 - Interface chargée, en attente d'interactions utilisateur
2026-02-21 00:19:46 - nexa - INFO - main.py:146 - Fermeture de l'application (code: 0)
2026-02-21 00:21:13 - nexa - INFO - main.py:19 - ============================================================
2026-02-21 00:21:13 - nexa - INFO - main.py:20 - Démarrage de Nexa CRM
2026-02-21 00:21:13 - nexa - INFO - main.py:21 - ============================================================
2026-02-21 00:21:15 - nexa - INFO - main.py:47 - Initialisation de QApplication...
2026-02-21 00:21:59 - nexa - INFO - main.py:146 - Fermeture de l'application (code: 0)
2026-02-21 00:23:01 - nexa - INFO - main.py:19 - ============================================================
2026-02-21 00:23:01 - nexa - INFO - main.py:20 - Démarrage de Nexa CRM
2026-02-21 00:23:01 - nexa - INFO - main.py:21 - ============================================================
2026-02-21 00:23:04 - nexa - INFO - main.py:47 - Initialisation de QApplication...
2026-02-21 00:23:09 - nexa - INFO - main.py:81 - Création de la fenêtre principale...
2026-02-21 00:23:10 - nexa - INFO - main.py:84 - Création des vues d'onglets...
2026-02-21 00:23:14 - nexa - INFO - main.py:100 - Configuration des onglets...
2026-02-21 00:23:14 - nexa - INFO - main.py:131 - Affichage de la fenêtre principale...
2026-02-21 00:23:15 - nexa - INFO - main.py:134 - Interface chargée, en attente d'interactions utilisateur
2026-02-21 00:23:17 - nexa - INFO - main.py:146 - Fermeture de l'application (code: 0)
2026-02-21 00:23:21 - nexa - INFO - main.py:19 - ============================================================
2026-02-21 00:23:21 - nexa - INFO - main.py:20 - Démarrage de Nexa CRM
2026-02-21 00:23:21 - nexa - INFO - main.py:21 - ============================================================
2026-02-21 00:23:22 - nexa - INFO - main.py:47 - Initialisation de QApplication...
2026-02-21 00:23:26 - nexa - INFO - main.py:81 - Création de la fenêtre principale...
2026-02-21 00:23:27 - nexa - INFO - main.py:84 - Création des vues d'onglets...
2026-02-21 00:23:29 - nexa - INFO - main.py:100 - Configuration des onglets...
2026-02-21 00:23:30 - nexa - INFO - main.py:131 - Affichage de la fenêtre principale...
2026-02-21 00:23:30 - nexa - INFO - main.py:134 - Interface chargée, en attente d'interactions utilisateur
2026-02-21 00:23:32 - nexa - INFO - main.py:146 - Fermeture de l'application (code: 0)
2026-02-21 00:25:41 - nexa - INFO - main.py:19 - ============================================================
2026-02-21 00:25:41 - nexa - INFO - main.py:20 - Démarrage de Nexa CRM
2026-02-21 00:25:41 - nexa - INFO - main.py:21 - ============================================================
2026-02-21 00:25:43 - nexa - INFO - main.py:47 - Initialisation de QApplication...
2026-02-21 00:25:44 - nexa - CRITICAL - main.py:150 - Erreur fatale au démarrage : name 'H' is not defined
Traceback (most recent call last):
  File "/Users/CreepySensei/Desktop/Dev/Nexa/app/main.py", line 77, in main
    splash = SplashScreen()
  File "/Users/CreepySensei/Desktop/Dev/Nexa/app/views/components/splash_screen.py", line 75, in __init__
    self._init_effects()
  File "/Users/CreepySensei/Desktop/Dev/Nexa/app/views/components/splash_screen.py", line 84, in _init_effects
    self._arcs = [
  File "/Users/CreepySensei/Desktop/Dev/Nexa/app/views/components/splash_screen.py", line 86, in <listcomp>
    "r0": H * 0.12 + i * H * 0.035,
NameError: name 'H' is not defined
2026-02-21 00:27:15 - nexa - INFO - main.py:19 - ============================================================
2026-02-21 00:27:15 - nexa - INFO - main.py:20 - Démarrage de Nexa CRM
2026-02-21 00:27:15 - nexa - INFO - main.py:21 - ============================================================
2026-02-21 00:27:17 - nexa - INFO - main.py:47 - Initialisation de QApplication...
2026-02-21 00:27:23 - nexa - INFO - main.py:81 - Création de la fenêtre principale...
2026-02-21 00:27:24 - nexa - INFO - main.py:84 - Création des vues d'onglets...
2026-02-21 00:27:28 - nexa - INFO - main.py:100 - Configuration des onglets...
2026-02-21 00:27:28 - nexa - INFO - main.py:131 - Affichage de la fenêtre principale...
2026-02-21 00:27:28 - nexa - INFO - main.py:134 - Interface chargée, en attente d'interactions utilisateur
2026-02-21 00:27:36 - nexa - INFO - main.py:146 - Fermeture de l'application (code: 0)
2026-02-21 00:32:44 - nexa - INFO - main.py:19 - ============================================================
2026-02-21 00:32:44 - nexa - INFO - main.py:20 - Démarrage de Nexa CRM
2026-02-21 00:32:44 - nexa - INFO - main.py:21 - ============================================================
2026-02-21 00:32:46 - nexa - INFO - main.py:47 - Initialisation de QApplication...
2026-02-21 00:32:52 - nexa - INFO - main.py:81 - Création de la fenêtre principale...
2026-02-21 00:32:52 - nexa - INFO - main.py:84 - Création des vues d'onglets...
2026-02-21 00:32:56 - nexa - INFO - main.py:100 - Configuration des onglets...
2026-02-21 00:32:56 - nexa - INFO - main.py:131 - Affichage de la fenêtre principale...
2026-02-21 00:32:57 - nexa - INFO - main.py:134 - Interface chargée, en attente d'interactions utilisateur
2026-02-21 00:40:25 - nexa - INFO - main.py:146 - Fermeture de l'application (code: 0)
2026-02-21 00:40:31 - nexa - INFO - main.py:19 - ============================================================
2026-02-21 00:40:31 - nexa - INFO - main.py:20 - Démarrage de Nexa CRM
2026-02-21 00:40:31 - nexa - INFO - main.py:21 - ============================================================
2026-02-21 00:40:32 - nexa - INFO - main.py:47 - Initialisation de QApplication...
2026-02-21 00:40:37 - nexa - INFO - main.py:81 - Création de la fenêtre principale...
2026-02-21 00:40:37 - nexa - INFO - main.py:84 - Création des vues d'onglets...
2026-02-21 00:40:40 - nexa - INFO - main.py:100 - Configuration des onglets...
2026-02-21 00:40:41 - nexa - INFO - main.py:131 - Affichage de la fenêtre principale...
2026-02-21 00:40:41 - nexa - INFO - main.py:134 - Interface chargée, en attente d'interactions utilisateur
2026-02-21 00:40:46 - nexa - INFO - main.py:146 - Fermeture de l'application (code: 0)
2026-02-21 00:42:04 - nexa - INFO - main.py:19 - ============================================================
2026-02-21 00:42:04 - nexa - INFO - main.py:20 - Démarrage de Nexa CRM
2026-02-21 00:42:04 - nexa - INFO - main.py:21 - ============================================================
2026-02-21 00:42:05 - nexa - INFO - main.py:47 - Initialisation de QApplication...
2026-02-21 00:42:10 - nexa - INFO - main.py:81 - Création de la fenêtre principale...
2026-02-21 00:42:10 - nexa - INFO - main.py:84 - Création des vues d'onglets...
2026-02-21 00:42:13 - nexa - INFO - main.py:100 - Configuration des onglets...
2026-02-21 00:42:13 - nexa - INFO - main.py:131 - Affichage de la fenêtre principale...
2026-02-21 00:42:13 - nexa - INFO - main.py:134 - Interface chargée, en attente d'interactions utilisateur
2026-02-21 00:42:16 - nexa - INFO - main.py:146 - Fermeture de l'application (code: 0)
2026-02-21 00:42:58 - nexa - INFO - main.py:19 - ============================================================
2026-02-21 00:42:58 - nexa - INFO - main.py:20 - Démarrage de Nexa CRM
2026-02-21 00:42:58 - nexa - INFO - main.py:21 - ============================================================
2026-02-21 00:42:59 - nexa - INFO - main.py:47 - Initialisation de QApplication...
2026-02-21 00:43:03 - nexa - INFO - main.py:81 - Création de la fenêtre principale...
2026-02-21 00:43:04 - nexa - INFO - main.py:84 - Création des vues d'onglets...
2026-02-21 00:43:05 - nexa - INFO - main.py:100 - Configuration des onglets...
2026-02-21 00:43:06 - nexa - INFO - main.py:131 - Affichage de la fenêtre principale...
2026-02-21 00:43:06 - nexa - INFO - main.py:134 - Interface chargée, en attente d'interactions utilisateur
2026-02-21 00:43:09 - nexa - INFO - main.py:146 - Fermeture de l'application (code: 0)
2026-02-21 00:44:05 - nexa - INFO - main.py:19 - ============================================================
2026-02-21 00:44:05 - nexa - INFO - main.py:20 - Démarrage de Nexa CRM
2026-02-21 00:44:05 - nexa - INFO - main.py:21 - ============================================================
2026-02-21 00:44:06 - nexa - INFO - main.py:47 - Initialisation de QApplication...
2026-02-21 00:44:10 - nexa - INFO - main.py:81 - Création de la fenêtre principale...
2026-02-21 00:44:10 - nexa - INFO - main.py:84 - Création des vues d'onglets...
2026-02-21 00:44:12 - nexa - INFO - main.py:100 - Configuration des onglets...
2026-02-21 00:44:12 - nexa - INFO - main.py:131 - Affichage de la fenêtre principale...
2026-02-21 00:44:12 - nexa - INFO - main.py:134 - Interface chargée, en attente d'interactions utilisateur
2026-02-21 00:44:24 - nexa - INFO - main.py:146 - Fermeture de l'application (code: 0)
2026-02-21 00:44:40 - nexa - INFO - main.py:19 - ============================================================
2026-02-21 00:44:40 - nexa - INFO - main.py:20 - Démarrage de Nexa CRM
2026-02-21 00:44:40 - nexa - INFO - main.py:21 - ============================================================
2026-02-21 00:44:41 - nexa - INFO - main.py:47 - Initialisation de QApplication...
2026-02-21 00:44:45 - nexa - INFO - main.py:81 - Création de la fenêtre principale...
2026-02-21 00:44:45 - nexa - INFO - main.py:84 - Création des vues d'onglets...
2026-02-21 00:44:47 - nexa - INFO - main.py:100 - Configuration des onglets...
2026-02-21 00:44:47 - nexa - INFO - main.py:131 - Affichage de la fenêtre principale...
2026-02-21 00:44:47 - nexa - INFO - main.py:134 - Interface chargée, en attente d'interactions utilisateur
2026-02-21 00:44:53 - nexa - INFO - main.py:146 - Fermeture de l'application (code: 0)
2026-02-21 11:03:34 - nexa - INFO - main.py:19 - ============================================================
2026-02-21 11:03:34 - nexa - INFO - main.py:20 - Démarrage de Nexa CRM
2026-02-21 11:03:34 - nexa - INFO - main.py:21 - ============================================================
2026-02-21 11:03:38 - nexa - INFO - main.py:47 - Initialisation de QApplication...
2026-02-21 11:03:44 - nexa - INFO - main.py:81 - Création de la fenêtre principale...
2026-02-21 11:03:45 - nexa - INFO - main.py:84 - Création des vues d'onglets...
2026-02-21 11:03:49 - nexa - INFO - main.py:100 - Configuration des onglets...
2026-02-21 11:03:50 - nexa - INFO - main.py:131 - Affichage de la fenêtre principale...
2026-02-21 11:03:50 - nexa - INFO - main.py:134 - Interface chargée, en attente d'interactions utilisateur
2026-02-21 11:03:55 - nexa - INFO - main.py:146 - Fermeture de l'application (code: 0)
2026-02-21 11:06:35 - nexa - INFO - main.py:19 - ============================================================
2026-02-21 11:06:35 - nexa - INFO - main.py:20 - Démarrage de Nexa CRM
2026-02-21 11:06:35 - nexa - INFO - main.py:21 - ============================================================
2026-02-21 11:06:36 - nexa - INFO - main.py:47 - Initialisation de QApplication...
2026-02-21 11:06:42 - nexa - INFO - main.py:81 - Création de la fenêtre principale...
2026-02-21 11:06:42 - nexa - INFO - main.py:84 - Création des vues d'onglets...
2026-02-21 11:06:45 - nexa - INFO - main.py:100 - Configuration des onglets...
2026-02-21 11:06:45 - nexa - INFO - main.py:131 - Affichage de la fenêtre principale...
2026-02-21 11:06:45 - nexa - INFO - main.py:134 - Interface chargée, en attente d'interactions utilisateur
2026-02-21 11:06:48 - nexa - INFO - main.py:146 - Fermeture de l'application (code: 0)
2026-02-21 11:43:07 - nexa - INFO - main.py:19 - ============================================================
2026-02-21 11:43:07 - nexa - INFO - main.py:20 - Démarrage de Nexa CRM
2026-02-21 11:43:07 - nexa - INFO - main.py:21 - ============================================================
2026-02-21 11:43:10 - nexa - INFO - main.py:47 - Initialisation de QApplication...
2026-02-21 11:43:17 - nexa - INFO - main.py:81 - Création de la fenêtre principale...
2026-02-21 11:43:17 - nexa - INFO - main.py:84 - Création des vues d'onglets...
2026-02-21 11:43:21 - nexa - INFO - main.py:100 - Configuration des onglets...
2026-02-21 11:43:22 - nexa - INFO - main.py:131 - Affichage de la fenêtre principale...
2026-02-21 11:43:22 - nexa - INFO - main.py:134 - Interface chargée, en attente d'interactions utilisateur
2026-02-21 12:10:23 - nexa - INFO - main.py:146 - Fermeture de l'application (code: 0)
2026-02-21 22:42:56 - nexa - INFO - main.py:19 - ============================================================
2026-02-21 22:42:56 - nexa - INFO - main.py:20 - Démarrage de Nexa CRM
2026-02-21 22:42:56 - nexa - INFO - main.py:21 - ============================================================
2026-02-21 22:42:58 - nexa - INFO - main.py:47 - Initialisation de QApplication...
2026-02-21 22:43:05 - nexa - INFO - main.py:81 - Création de la fenêtre principale...
2026-02-21 22:43:05 - nexa - INFO - main.py:84 - Création des vues d'onglets...
2026-02-21 22:43:09 - nexa - INFO - main.py:100 - Configuration des onglets...
2026-02-21 22:43:10 - nexa - INFO - main.py:131 - Affichage de la fenêtre principale...
2026-02-21 22:43:10 - nexa - INFO - main.py:134 - Interface chargée, en attente d'interactions utilisateur
2026-02-21 22:43:12 - nexa - INFO - main.py:146 - Fermeture de l'application (code: 0)
2026-02-21 22:43:20 - nexa - INFO - main.py:19 - ============================================================
2026-02-21 22:43:20 - nexa - INFO - main.py:20 - Démarrage de Nexa CRM
2026-02-21 22:43:20 - nexa - INFO - main.py:21 - ============================================================
2026-02-21 22:43:21 - nexa - INFO - main.py:47 - Initialisation de QApplication...
2026-02-21 22:43:27 - nexa - INFO - main.py:81 - Création de la fenêtre principale...
2026-02-21 22:43:28 - nexa - INFO - main.py:84 - Création des vues d'onglets...
2026-02-21 22:43:31 - nexa - INFO - main.py:100 - Configuration des onglets...
2026-02-21 22:43:31 - nexa - INFO - main.py:131 - Affichage de la fenêtre principale...
2026-02-21 22:43:31 - nexa - INFO - main.py:134 - Interface chargée, en attente d'interactions utilisateur
2026-02-21 22:52:20 - nexa - INFO - main.py:146 - Fermeture de l'application (code: 0)
