2026-02-25 00:12:36 - nexa - INFO - main.py:19 - ============================================================
2026-02-25 00:12:36 - nexa - INFO - main.py:20 - Démarrage de Nexa CRM
2026-02-25 00:12:36 - nexa - INFO - main.py:21 - ============================================================
2026-02-25 00:12:37 - nexa - INFO - main.py:47 - Initialisation de QApplication...
2026-02-25 00:12:37 - nexa - INFO - main.py:91 - Création de la fenêtre principale...
2026-02-25 00:12:38 - nexa - INFO - main.py:94 - Création des vues d'onglets...
2026-02-25 00:12:42 - nexa - INFO - main.py:110 - Configuration des onglets...
2026-02-25 00:12:42 - nexa - INFO - main.py:144 - Interface construite, lancement du splash
2026-02-25 00:27:36 - nexa - INFO - main.py:166 - Fermeture de l'application (code: 0)
2026-02-25 00:27:43 - nexa - INFO - main.py:19 - ============================================================
2026-02-25 00:27:43 - nexa - INFO - main.py:20 - Démarrage de Nexa CRM
2026-02-25 00:27:43 - nexa - INFO - main.py:21 - ============================================================
2026-02-25 00:27:46 - nexa - INFO - main.py:47 - Initialisation de QApplication...
2026-02-25 00:27:47 - nexa - INFO - main.py:91 - Création de la fenêtre principale...
2026-02-25 00:27:48 - nexa - INFO - main.py:94 - Création des vues d'onglets...
2026-02-25 00:27:53 - nexa - INFO - main.py:110 - Configuration des onglets...
2026-02-25 00:27:55 - nexa - INFO - main.py:144 - Interface construite, lancement du splash
2026-02-25 15:55:20 - nexa - INFO - main.py:166 - Fermeture de l'application (code: 0)
2026-02-25 15:55:25 - nexa - INFO - main.py:19 - ============================================================
2026-02-25 15:55:25 - nexa - INFO - main.py:20 - Démarrage de Nexa CRM
2026-02-25 15:55:25 - nexa - INFO - main.py:21 - ============================================================
2026-02-25 15:55:52 - nexa - INFO - main.py:19 - ============================================================
2026-02-25 15:55:52 - nexa - INFO - main.py:20 - Démarrage de Nexa CRM
2026-02-25 15:55:52 - nexa - INFO - main.py:21 - ============================================================
2026-02-25 15:55:54 - nexa - INFO - main.py:47 - Initialisation de QApplication...
2026-02-25 15:55:55 - nexa - INFO - main.py:91 - Création de la fenêtre principale...
2026-02-25 15:55:56 - nexa - INFO - main.py:94 - Création des vues d'onglets...
2026-02-25 15:55:56 - nexa - CRITICAL - main.py:150 - Erreur fatale au démarrage : No module named 'views.profil_client_widget'
Traceback (most recent call last):
  File "/Users/CreepySensei/Desktop/Dev/Nexa/app/main.py", line 95, in main
    vue_client = ClientView()
  File "/Users/CreepySensei/Desktop/Dev/Nexa/app/views/client_view.py", line 46, in __init__
    self._construire_ui()
  File "/Users/CreepySensei/Desktop/Dev/Nexa/app/views/client_view.py", line 80, in _construire_ui
    self.pile_client.addWidget(self._creer_page_liste_clients())
  File "/Users/CreepySensei/Desktop/Dev/Nexa/app/views/client_view.py", line 149, in _creer_page_liste_clients
    from views.profil_client_widget import ProfilClientWidget
ModuleNotFoundError: No module named 'views.profil_client_widget'
2026-02-25 15:57:57 - nexa - INFO - main.py:166 - Fermeture de l'application (code: 0)
2026-02-25 15:58:46 - nexa - INFO - main.py:19 - ============================================================
2026-02-25 15:58:46 - nexa - INFO - main.py:20 - Démarrage de Nexa CRM
2026-02-25 15:58:46 - nexa - INFO - main.py:21 - ============================================================
2026-02-25 15:58:49 - nexa - INFO - main.py:47 - Initialisation de QApplication...
2026-02-25 15:58:50 - nexa - INFO - main.py:91 - Création de la fenêtre principale...
2026-02-25 15:58:50 - nexa - INFO - main.py:94 - Création des vues d'onglets...
2026-02-25 15:58:50 - nexa - CRITICAL - main.py:150 - Erreur fatale au démarrage : No module named 'views.profil_client_widget'
Traceback (most recent call last):
  File "/Users/CreepySensei/Desktop/Dev/Nexa/app/main.py", line 95, in main
    vue_client = ClientView()
  File "/Users/CreepySensei/Desktop/Dev/Nexa/app/views/client_view.py", line 46, in __init__
    self._construire_ui()
  File "/Users/CreepySensei/Desktop/Dev/Nexa/app/views/client_view.py", line 80, in _construire_ui
    self.pile_client.addWidget(self._creer_page_liste_clients())
  File "/Users/CreepySensei/Desktop/Dev/Nexa/app/views/client_view.py", line 149, in _creer_page_liste_clients
    from views.profil_client_widget import ProfilClientWidget
ModuleNotFoundError: No module named 'views.profil_client_widget'
2026-02-25 16:20:50 - nexa - INFO - main.py:19 - ============================================================
2026-02-25 16:20:50 - nexa - INFO - main.py:20 - Démarrage de Nexa CRM
2026-02-25 16:20:50 - nexa - INFO - main.py:21 - ============================================================
2026-02-25 16:20:52 - nexa - INFO - main.py:47 - Initialisation de QApplication...
2026-02-25 16:20:52 - nexa - INFO - main.py:92 - Création de la fenêtre principale...
2026-02-25 16:20:53 - nexa - INFO - main.py:95 - Création des vues d'onglets...
2026-02-25 16:20:57 - nexa - INFO - main.py:111 - Configuration des onglets...
2026-02-25 16:20:58 - nexa - INFO - main.py:145 - Interface construite, lancement du splash
2026-02-25 18:08:03 - nexa - INFO - main.py:167 - Fermeture de l'application (code: 0)
2026-02-25 18:08:09 - nexa - INFO - main.py:19 - ============================================================
2026-02-25 18:08:09 - nexa - INFO - main.py:20 - Démarrage de Nexa CRM
2026-02-25 18:08:09 - nexa - INFO - main.py:21 - ============================================================
2026-02-25 18:08:11 - nexa - INFO - main.py:47 - Initialisation de QApplication...
2026-02-25 18:08:11 - nexa - INFO - main.py:92 - Création de la fenêtre principale...
2026-02-25 18:08:12 - nexa - INFO - main.py:95 - Création des vues d'onglets...
2026-02-25 18:08:15 - nexa - INFO - main.py:111 - Configuration des onglets...
2026-02-25 18:08:16 - nexa - INFO - main.py:145 - Interface construite, lancement du splash
2026-02-25 18:10:36 - nexa - INFO - main.py:167 - Fermeture de l'application (code: 0)
2026-02-25 18:10:42 - nexa - INFO - main.py:19 - ============================================================
2026-02-25 18:10:42 - nexa - INFO - main.py:20 - Démarrage de Nexa CRM
2026-02-25 18:10:42 - nexa - INFO - main.py:21 - ============================================================
2026-02-25 18:10:43 - nexa - INFO - main.py:47 - Initialisation de QApplication...
2026-02-25 18:10:44 - nexa - INFO - main.py:92 - Création de la fenêtre principale...
2026-02-25 18:10:44 - nexa - INFO - main.py:95 - Création des vues d'onglets...
2026-02-25 18:10:48 - nexa - INFO - main.py:111 - Configuration des onglets...
2026-02-25 18:10:48 - nexa - INFO - main.py:145 - Interface construite, lancement du splash
2026-02-25 18:18:03 - nexa - INFO - main.py:19 - ============================================================
2026-02-25 18:18:03 - nexa - INFO - main.py:20 - Démarrage de Nexa CRM
2026-02-25 18:18:03 - nexa - INFO - main.py:21 - ============================================================
2026-02-25 18:18:04 - nexa - INFO - main.py:47 - Initialisation de QApplication...
2026-02-25 18:18:05 - nexa - INFO - main.py:92 - Création de la fenêtre principale...
2026-02-25 18:18:06 - nexa - INFO - main.py:95 - Création des vues d'onglets...
2026-02-25 18:18:09 - nexa - INFO - main.py:111 - Configuration des onglets...
2026-02-25 18:18:10 - nexa - INFO - main.py:145 - Interface construite, lancement du splash
2026-02-25 21:17:54 - nexa - INFO - main.py:167 - Fermeture de l'application (code: 0)
2026-02-25 21:18:00 - nexa - INFO - main.py:19 - ============================================================
2026-02-25 21:18:00 - nexa - INFO - main.py:20 - Démarrage de Nexa CRM
2026-02-25 21:18:00 - nexa - INFO - main.py:21 - ============================================================
2026-02-25 21:18:01 - nexa - INFO - main.py:47 - Initialisation de QApplication...
2026-02-25 21:18:02 - nexa - INFO - main.py:92 - Création de la fenêtre principale...
2026-02-25 21:18:02 - nexa - INFO - main.py:95 - Création des vues d'onglets...
2026-02-25 21:18:06 - nexa - INFO - main.py:111 - Configuration des onglets...
2026-02-25 21:18:07 - nexa - INFO - main.py:145 - Interface construite, lancement du splash
2026-02-25 21:18:16 - nexa - INFO - main.py:167 - Fermeture de l'application (code: 0)
2026-02-25 21:18:21 - nexa - INFO - main.py:19 - ============================================================
2026-02-25 21:18:21 - nexa - INFO - main.py:20 - Démarrage de Nexa CRM
2026-02-25 21:18:21 - nexa - INFO - main.py:21 - ============================================================
2026-02-25 21:18:23 - nexa - INFO - main.py:47 - Initialisation de QApplication...
2026-02-25 21:18:23 - nexa - INFO - main.py:92 - Création de la fenêtre principale...
2026-02-25 21:18:23 - nexa - INFO - main.py:95 - Création des vues d'onglets...
2026-02-25 21:18:26 - nexa - INFO - main.py:111 - Configuration des onglets...
2026-02-25 21:18:27 - nexa - INFO - main.py:145 - Interface construite, lancement du splash
2026-02-25 21:23:23 - nexa - INFO - main.py:167 - Fermeture de l'application (code: 0)
2026-02-25 21:23:29 - nexa - INFO - main.py:19 - ============================================================
2026-02-25 21:23:29 - nexa - INFO - main.py:20 - Démarrage de Nexa CRM
2026-02-25 21:23:29 - nexa - INFO - main.py:21 - ============================================================
2026-02-25 21:23:30 - nexa - INFO - main.py:47 - Initialisation de QApplication...
2026-02-25 21:23:30 - nexa - INFO - main.py:92 - Création de la fenêtre principale...
2026-02-25 21:23:31 - nexa - INFO - main.py:95 - Création des vues d'onglets...
2026-02-25 21:23:34 - nexa - INFO - main.py:111 - Configuration des onglets...
2026-02-25 21:23:35 - nexa - INFO - main.py:145 - Interface construite, lancement du splash
2026-02-25 21:24:27 - nexa - INFO - main.py:167 - Fermeture de l'application (code: 0)
2026-02-25 21:25:07 - nexa - INFO - main.py:19 - ============================================================
2026-02-25 21:25:07 - nexa - INFO - main.py:20 - Démarrage de Nexa CRM
2026-02-25 21:25:07 - nexa - INFO - main.py:21 - ============================================================
2026-02-25 21:25:08 - nexa - INFO - main.py:47 - Initialisation de QApplication...
2026-02-25 21:25:09 - nexa - INFO - main.py:92 - Création de la fenêtre principale...
2026-02-25 21:25:09 - nexa - INFO - main.py:95 - Création des vues d'onglets...
2026-02-25 21:25:12 - nexa - INFO - main.py:111 - Configuration des onglets...
2026-02-25 21:25:13 - nexa - INFO - main.py:145 - Interface construite, lancement du splash
2026-02-25 21:40:54 - nexa - INFO - main.py:167 - Fermeture de l'application (code: 0)
2026-02-25 21:41:02 - nexa - INFO - main.py:19 - ============================================================
2026-02-25 21:41:02 - nexa - INFO - main.py:20 - Démarrage de Nexa CRM
2026-02-25 21:41:02 - nexa - INFO - main.py:21 - ============================================================
2026-02-25 21:41:03 - nexa - INFO - main.py:47 - Initialisation de QApplication...
2026-02-25 21:41:03 - nexa - INFO - main.py:92 - Création de la fenêtre principale...
2026-02-25 21:41:04 - nexa - INFO - main.py:95 - Création des vues d'onglets...
2026-02-25 21:41:08 - nexa - INFO - main.py:111 - Configuration des onglets...
2026-02-25 21:41:08 - nexa - INFO - main.py:151 - Interface construite, lancement du splash
2026-02-25 22:21:29 - nexa - INFO - main.py:173 - Fermeture de l'application (code: 0)
2026-02-25 22:21:36 - nexa - INFO - main.py:19 - ============================================================
2026-02-25 22:21:36 - nexa - INFO - main.py:20 - Démarrage de Nexa CRM
2026-02-25 22:21:36 - nexa - INFO - main.py:21 - ============================================================
2026-02-25 22:21:38 - nexa - INFO - main.py:47 - Initialisation de QApplication...
2026-02-25 22:21:38 - nexa - INFO - main.py:92 - Création de la fenêtre principale...
2026-02-25 22:21:39 - nexa - INFO - main.py:95 - Création des vues d'onglets...
2026-02-25 22:21:42 - nexa - INFO - main.py:111 - Configuration des onglets...
2026-02-25 22:21:43 - nexa - INFO - main.py:151 - Interface construite, lancement du splash
2026-02-25 22:23:12 - nexa - INFO - main.py:173 - Fermeture de l'application (code: 0)
2026-02-25 22:44:35 - nexa - INFO - main.py:19 - ============================================================
2026-02-25 22:44:35 - nexa - INFO - main.py:20 - Démarrage de Nexa CRM
2026-02-25 22:44:35 - nexa - INFO - main.py:21 - ============================================================
2026-02-25 22:44:37 - nexa - INFO - main.py:47 - Initialisation de QApplication...
2026-02-25 22:44:38 - nexa - INFO - main.py:92 - Création de la fenêtre principale...
2026-02-25 22:44:39 - nexa - INFO - main.py:95 - Création des vues d'onglets...
2026-02-25 22:44:43 - nexa - INFO - main.py:111 - Configuration des onglets...
2026-02-25 22:44:44 - nexa - INFO - main.py:151 - Interface construite, lancement du splash
2026-02-25 22:45:09 - nexa - INFO - main.py:173 - Fermeture de l'application (code: 0)
2026-02-25 23:54:10 - nexa - INFO - main.py:19 - ============================================================
2026-02-25 23:54:10 - nexa - INFO - main.py:20 - Démarrage de Nexa CRM
2026-02-25 23:54:10 - nexa - INFO - main.py:21 - ============================================================
2026-02-25 23:54:11 - nexa - INFO - main.py:47 - Initialisation de QApplication...
2026-02-25 23:54:12 - nexa - INFO - main.py:92 - Création de la fenêtre principale...
2026-02-25 23:54:12 - nexa - INFO - main.py:95 - Création des vues d'onglets...
2026-02-25 23:54:16 - nexa - INFO - main.py:111 - Configuration des onglets...
2026-02-25 23:54:16 - nexa - INFO - main.py:151 - Interface construite, lancement du splash
2026-02-25 23:54:24 - nexa - INFO - main.py:173 - Fermeture de l'application (code: 0)
2026-02-25 23:54:27 - nexa - INFO - main.py:19 - ============================================================
2026-02-25 23:54:27 - nexa - INFO - main.py:20 - Démarrage de Nexa CRM
2026-02-25 23:54:27 - nexa - INFO - main.py:21 - ============================================================
2026-02-25 23:54:29 - nexa - INFO - main.py:47 - Initialisation de QApplication...
2026-02-25 23:54:29 - nexa - INFO - main.py:92 - Création de la fenêtre principale...
2026-02-25 23:54:29 - nexa - INFO - main.py:95 - Création des vues d'onglets...
2026-02-25 23:54:31 - nexa - INFO - main.py:111 - Configuration des onglets...
2026-02-25 23:54:32 - nexa - INFO - main.py:151 - Interface construite, lancement du splash
2026-02-26 00:00:48 - nexa - INFO - main.py:173 - Fermeture de l'application (code: 0)
2026-02-26 15:35:10 - nexa - INFO - main.py:166 - Fermeture de l'application (code: 0)
